/var/spool/slurmd/job609691/slurm_script: line 17: activate: No such file or directory
/home/rpearson/.conda/envs/dssp/bin/python
PROCESSING: /home/rpearson/research/23ValidationSet/IT/P31645/model_copies/P31645_IT_model2.pdb
Input Data Path : /home/rpearson/research/23ValidationSet/IT/P31645/model_copies/P31645_IT_model2.pdb
Model Quality Score : 0.27151
Resid	Resname	Score
1	MET	0.04523
2	GLU	0.10923
3	THR	0.11685
4	THR	0.32210
5	PRO	0.06967
6	LEU	0.08819
7	ASN	0.10199
8	SER	0.11819
9	GLN	0.12222
10	LYS	0.08898
11	GLN	0.04827
12	LEU	0.07195
13	SER	0.06719
14	ALA	0.13436
15	CYS	0.21137
16	GLU	0.18200
17	ASP	0.15380
18	GLY	0.12353
19	GLU	0.06656
20	ASP	0.10130
21	CYS	0.09375
22	GLN	0.01580
23	GLU	0.04252
24	ASN	0.05483
25	GLY	0.03234
26	VAL	0.01866
27	LEU	0.01410
28	GLN	0.03759
29	LYS	0.02324
30	VAL	0.03192
31	VAL	0.05040
32	PRO	0.02202
33	THR	0.01550
34	PRO	0.02741
35	GLY	0.01467
36	ASP	0.04511
37	LYS	0.03752
38	VAL	0.02614
39	GLU	0.02192
40	SER	0.03245
41	GLY	0.08668
42	GLN	0.04114
43	ILE	0.02661
44	SER	0.02368
45	ASN	0.02144
46	GLY	0.03568
47	TYR	0.00895
48	SER	0.07532
49	ALA	0.00657
50	VAL	0.00635
51	PRO	0.02612
52	SER	0.04586
53	PRO	0.04088
54	GLY	0.14661
55	ALA	0.06527
56	GLY	0.04893
57	ASP	0.07280
58	ASP	0.18951
59	THR	0.04341
60	ARG	0.02251
61	HIS	0.01395
62	SER	0.03597
63	ILE	0.03953
64	PRO	0.12629
65	ALA	0.11002
66	THR	0.02643
67	THR	0.01146
68	THR	0.01933
69	THR	0.00464
70	LEU	0.01315
71	VAL	0.03748
72	ALA	0.00967
73	GLU	0.02049
74	LEU	0.00298
75	HIS	0.06503
76	GLN	0.02134
77	GLY	0.05446
78	GLU	0.08004
79	ARG	0.06878
80	GLU	0.01270
81	THR	0.04577
82	TRP	0.04409
83	GLY	0.04056
84	LYS	0.04389
85	LYS	0.08331
86	VAL	0.08860
87	ASP	0.14823
88	PHE	0.10925
89	LEU	0.18801
90	LEU	0.18752
91	SER	0.69198
92	VAL	0.10481
93	ILE	0.17475
94	GLY	0.59819
95	TYR	0.42638
96	ALA	0.40671
97	VAL	0.41110
98	ASP	0.84829
99	LEU	0.82810
100	GLY	0.86985
101	ASN	0.40707
102	VAL	0.73752
103	TRP	0.79429
104	ARG	0.85562
105	PHE	0.55508
106	PRO	0.59043
107	TYR	0.59014
108	ILE	0.83458
109	CYS	0.19699
110	TYR	0.11449
111	GLN	0.27737
112	ASN	0.19434
113	GLY	0.13169
114	GLY	0.07427
115	GLY	0.36417
116	ALA	0.14157
117	PHE	0.06106
118	LEU	0.91724
119	LEU	0.50745
120	PRO	0.23496
121	TYR	0.03651
122	THR	0.67423
123	ILE	0.78225
124	MET	0.35836
125	ALA	0.84815
126	ILE	0.21753
127	PHE	0.23548
128	GLY	0.37942
129	GLY	0.92069
130	ILE	0.16253
131	PRO	0.51430
132	LEU	0.75847
133	PHE	0.78512
134	TYR	0.50432
135	MET	0.61983
136	GLU	0.46230
137	LEU	0.25074
138	ALA	0.54097
139	LEU	0.45897
140	GLY	0.48647
141	GLN	0.19069
142	TYR	0.38121
143	HIS	0.25798
144	ARG	0.19474
145	ASN	0.23091
146	GLY	0.14100
147	CYS	0.07454
148	ILE	0.27450
149	SER	0.27659
150	ILE	0.13660
151	TRP	0.40670
152	ARG	0.04831
153	LYS	0.06204
154	ILE	0.09939
155	CYS	0.36652
156	PRO	0.12969
157	ILE	0.11327
158	PHE	0.23454
159	LYS	0.14419
160	GLY	0.12946
161	ILE	0.22299
162	GLY	0.77754
163	TYR	0.22593
164	ALA	0.48048
165	ILE	0.56465
166	CYS	0.39790
167	ILE	0.72311
168	ILE	0.58333
169	ALA	0.72767
170	PHE	0.29393
171	TYR	0.44651
172	ILE	0.40727
173	ALA	0.91050
174	SER	0.86923
175	TYR	0.76293
176	TYR	0.82226
177	ASN	0.97554
178	THR	0.92999
179	ILE	0.80916
180	MET	0.63111
181	ALA	0.94450
182	TRP	0.72450
183	ALA	0.87411
184	LEU	0.19549
185	TYR	0.32759
186	TYR	0.04501
187	LEU	0.89669
188	ILE	0.60453
189	SER	0.51658
190	SER	0.25249
191	PHE	0.40128
192	THR	0.41372
193	ASP	0.47505
194	GLN	0.10235
195	LEU	0.06992
196	PRO	0.12297
197	TRP	0.25278
198	THR	0.08960
199	SER	0.03256
200	CYS	0.04776
201	LYS	0.06263
202	ASN	0.03830
203	SER	0.04232
204	TRP	0.01613
205	ASN	0.01067
206	THR	0.04294
207	GLY	0.03115
208	ASN	0.02920
209	CYS	0.00199
210	THR	0.01811
211	ASN	0.02185
212	TYR	0.01888
213	PHE	0.00290
214	SER	0.00955
215	GLU	0.01518
216	ASP	0.06163
217	ASN	0.02363
218	ILE	0.00605
219	THR	0.00821
220	TRP	0.02113
221	THR	0.02027
222	LEU	0.01841
223	HIS	0.00910
224	SER	0.02180
225	THR	0.03710
226	SER	0.03145
227	PRO	0.27062
228	ALA	0.10320
229	GLU	0.19698
230	GLU	0.01771
231	PHE	0.08968
232	TYR	0.08175
233	THR	0.03813
234	ARG	0.08392
235	HIS	0.02707
236	VAL	0.13788
237	LEU	0.03519
238	GLN	0.01956
239	ILE	0.01180
240	HIS	0.02675
241	ARG	0.01055
242	SER	0.10424
243	LYS	0.02763
244	GLY	0.05070
245	LEU	0.03003
246	GLN	0.03554
247	ASP	0.03342
248	LEU	0.00854
249	GLY	0.04522
250	GLY	0.16940
251	ILE	0.20973
252	SER	0.08377
253	TRP	0.15489
254	GLN	0.12696
255	LEU	0.65955
256	ALA	0.81008
257	LEU	0.37910
258	CYS	0.74728
259	ILE	0.79657
260	MET	0.59554
261	LEU	0.19639
262	ILE	0.43631
263	PHE	0.20054
264	THR	0.36181
265	VAL	0.13441
266	ILE	0.33528
267	TYR	0.18902
268	PHE	0.03232
269	SER	0.04202
270	ILE	0.04536
271	TRP	0.02948
272	LYS	0.01719
273	GLY	0.03636
274	VAL	0.13213
275	LYS	0.02156
276	THR	0.02833
277	SER	0.03382
278	GLY	0.02215
279	LYS	0.01291
280	VAL	0.01232
281	VAL	0.05766
282	TRP	0.03728
283	VAL	0.00861
284	THR	0.01988
285	ALA	0.16634
286	THR	0.14248
287	PHE	0.09217
288	PRO	0.16919
289	TYR	0.37152
290	ILE	0.20142
291	ILE	0.32010
292	LEU	0.29300
293	SER	0.73512
294	VAL	0.24201
295	LEU	0.25818
296	LEU	0.47631
297	VAL	0.36297
298	ARG	0.07637
299	GLY	0.32361
300	ALA	0.06311
301	THR	0.04238
302	LEU	0.07245
303	PRO	0.07050
304	GLY	0.09198
305	ALA	0.20044
306	TRP	0.28845
307	ARG	0.10137
308	GLY	0.24308
309	VAL	0.81013
310	LEU	0.20177
311	PHE	0.06290
312	TYR	0.21242
313	LEU	0.46477
314	LYS	0.38042
315	PRO	0.44327
316	ASN	0.25827
317	TRP	0.34599
318	GLN	0.19563
319	LYS	0.10027
320	LEU	0.31020
321	LEU	0.08228
322	GLU	0.20901
323	THR	0.29908
324	GLY	0.35682
325	VAL	0.33670
326	TRP	0.14467
327	ILE	0.13183
328	ASP	0.22458
329	ALA	0.19023
330	ALA	0.39664
331	ALA	0.52439
332	GLN	0.66892
333	ILE	0.31573
334	PHE	0.87289
335	PHE	0.81368
336	SER	0.84537
337	LEU	0.71904
338	GLY	0.07369
339	PRO	0.30821
340	GLY	0.79070
341	PHE	0.68768
342	GLY	0.36606
343	VAL	0.77057
344	LEU	0.71068
345	LEU	0.79761
346	ALA	0.72667
347	PHE	0.62731
348	ALA	0.77801
349	SER	0.41647
350	TYR	0.23876
351	ASN	0.27653
352	LYS	0.20227
353	PHE	0.10016
354	ASN	0.23781
355	ASN	0.03686
356	ASN	0.23721
357	CYS	0.35684
358	TYR	0.29630
359	GLN	0.45979
360	ASP	0.46514
361	ALA	0.25837
362	LEU	0.32313
363	VAL	0.24463
364	THR	0.29733
365	SER	0.49863
366	VAL	0.88921
367	VAL	0.23031
368	ASN	0.35152
369	CYS	0.14256
370	MET	0.51198
371	THR	0.34759
372	SER	0.09901
373	PHE	0.09898
374	VAL	0.64970
375	SER	0.29947
376	GLY	0.18773
377	PHE	0.45917
378	VAL	0.37939
379	ILE	0.77405
380	PHE	0.80997
381	THR	0.51698
382	VAL	0.55056
383	LEU	0.62809
384	GLY	0.13415
385	TYR	0.09150
386	MET	0.33007
387	ALA	0.13301
388	GLU	0.08797
389	MET	0.08270
390	ARG	0.08139
391	ASN	0.18418
392	GLU	0.18675
393	ASP	0.12941
394	VAL	0.13448
395	SER	0.51649
396	GLU	0.39418
397	VAL	0.10361
398	ALA	0.52763
399	LYS	0.10591
400	ASP	0.10768
401	ALA	0.12903
402	GLY	0.24533
403	PRO	0.19572
404	SER	0.55258
405	LEU	0.59035
406	LEU	0.59343
407	PHE	0.80048
408	ILE	0.83193
409	THR	0.39913
410	TYR	0.81726
411	ALA	0.76679
412	GLU	0.32177
413	ALA	0.73303
414	ILE	0.51809
415	ALA	0.47826
416	ASN	0.53699
417	MET	0.44888
418	PRO	0.27507
419	ALA	0.11124
420	SER	0.61722
421	THR	0.23028
422	PHE	0.26115
423	PHE	0.33072
424	ALA	0.49376
425	ILE	0.31302
426	ILE	0.19776
427	PHE	0.32142
428	PHE	0.16069
429	LEU	0.22589
430	MET	0.74029
431	LEU	0.60341
432	ILE	0.21429
433	THR	0.44447
434	LEU	0.75865
435	GLY	0.80073
436	LEU	0.98395
437	ASP	0.64065
438	SER	0.89259
439	THR	0.60840
440	PHE	0.79562
441	ALA	0.69928
442	GLY	0.89529
443	LEU	0.91799
444	GLU	0.78390
445	GLY	0.89921
446	VAL	0.79872
447	ILE	0.47018
448	THR	0.64481
449	ALA	0.41468
450	VAL	0.20034
451	LEU	0.31366
452	ASP	0.08506
453	GLU	0.14713
454	PHE	0.09014
455	PRO	0.07972
456	HIS	0.02686
457	VAL	0.01726
458	TRP	0.10026
459	ALA	0.06152
460	LYS	0.05762
461	ARG	0.03780
462	ARG	0.36308
463	GLU	0.23985
464	ARG	0.34895
465	PHE	0.24131
466	VAL	0.29059
467	LEU	0.33394
468	ALA	0.51863
469	VAL	0.47138
470	VAL	0.36133
471	ILE	0.52790
472	THR	0.47667
473	CYS	0.54150
474	PHE	0.24628
475	PHE	0.19785
476	GLY	0.40743
477	SER	0.23788
478	LEU	0.17522
479	VAL	0.28840
480	THR	0.17295
481	LEU	0.14538
482	THR	0.22386
483	PHE	0.12121
484	GLY	0.12398
485	GLY	0.27638
486	ALA	0.31386
487	TYR	0.25592
488	VAL	0.06729
489	VAL	0.39244
490	LYS	0.53745
491	LEU	0.48429
492	LEU	0.76133
493	GLU	0.56619
494	GLU	0.41162
495	TYR	0.07835
496	ALA	0.98222
497	THR	0.79725
498	GLY	0.40861
499	PRO	0.32916
500	ALA	0.65121
501	VAL	0.75241
502	LEU	0.65602
503	THR	0.64842
504	VAL	0.92495
505	ALA	0.57945
506	LEU	0.65665
507	ILE	0.47787
508	GLU	0.63786
509	ALA	0.29743
510	VAL	0.42787
511	ALA	0.39178
512	VAL	0.17776
513	SER	0.05188
514	TRP	0.06352
515	PHE	0.13617
516	TYR	0.14781
517	GLY	0.52793
518	ILE	0.18760
519	THR	0.45055
520	GLN	0.17540
521	PHE	0.17029
522	CYS	0.12291
523	ARG	0.48507
524	ASP	0.09292
525	VAL	0.36077
526	LYS	0.35634
527	GLU	0.28663
528	MET	0.14801
529	LEU	0.11610
530	GLY	0.29574
531	PHE	0.20803
532	SER	0.64282
533	PRO	0.53198
534	GLY	0.22392
535	TRP	0.18033
536	PHE	0.05474
537	TRP	0.08602
538	ARG	0.18183
539	ILE	0.09398
540	CYS	0.61061
541	TRP	0.14407
542	VAL	0.44834
543	ALA	0.37853
544	ILE	0.25898
545	SER	0.36429
546	PRO	0.51831
547	LEU	0.67300
548	PHE	0.18893
549	LEU	0.69631
550	LEU	0.82268
551	PHE	0.42054
552	ILE	0.28480
553	ILE	0.78638
554	CYS	0.78011
555	SER	0.29617
556	PHE	0.13891
557	LEU	0.40713
558	MET	0.09568
559	SER	0.03419
560	PRO	0.01567
561	PRO	0.05077
562	GLN	0.01961
563	LEU	0.00536
564	ARG	0.00864
565	LEU	0.00487
566	PHE	0.01233
567	GLN	0.01124
568	TYR	0.00386
569	ASN	0.01247
570	TYR	0.00598
571	PRO	0.03411
572	TYR	0.01142
573	TRP	0.00846
574	SER	0.22154
575	ILE	0.24972
576	ILE	0.20606
577	LEU	0.08410
578	GLY	0.06311
579	TYR	0.30353
580	CYS	0.33645
581	ILE	0.18630
582	GLY	0.22422
583	THR	0.29616
584	SER	0.26963
585	SER	0.30884
586	PHE	0.02235
587	ILE	0.09051
588	CYS	0.04154
589	ILE	0.01288
590	PRO	0.02750
591	THR	0.07248
592	TYR	0.06346
593	ILE	0.00446
594	ALA	0.02571
595	TYR	0.01053
596	ARG	0.01378
597	LEU	0.03229
598	ILE	0.05870
599	ILE	0.04645
600	THR	0.02262
601	PRO	0.03590
602	GLY	0.05722
603	THR	0.02469
604	PHE	0.11160
605	LYS	0.04751
606	GLU	0.06522
607	ARG	0.05012
608	ILE	0.03342
609	ILE	0.04844
610	LYS	0.02556
611	SER	0.01623
612	ILE	0.01009
613	THR	0.01937
614	PRO	0.07480
615	GLU	0.07505
616	THR	0.14012
617	PRO	0.06572
618	THR	0.26306
619	GLU	0.15112
620	ILE	0.09740
621	PRO	0.16146
622	CYS	0.14485
623	GLY	0.10074
624	ASP	0.05815
625	ILE	0.02421
626	ARG	0.03893
627	LEU	0.01003
628	ASN	0.01519
629	ALA	0.02325
630	VAL	0.09820
