/var/spool/slurmd/job609693/slurm_script: line 17: activate: No such file or directory
/home/rpearson/.conda/envs/dssp/bin/python
PROCESSING: /home/rpearson/research/23ValidationSet/IT/P31645/model_copies/P31645_IT_model4.pdb
Input Data Path : /home/rpearson/research/23ValidationSet/IT/P31645/model_copies/P31645_IT_model4.pdb
Model Quality Score : 0.30484
Resid	Resname	Score
1	MET	0.09291
2	GLU	0.15015
3	THR	0.24444
4	THR	0.24148
5	PRO	0.26305
6	LEU	0.30005
7	ASN	0.10033
8	SER	0.18356
9	GLN	0.17185
10	LYS	0.08649
11	GLN	0.19921
12	LEU	0.16051
13	SER	0.12826
14	ALA	0.14116
15	CYS	0.33237
16	GLU	0.07017
17	ASP	0.08612
18	GLY	0.09183
19	GLU	0.10322
20	ASP	0.03281
21	CYS	0.03042
22	GLN	0.18601
23	GLU	0.06973
24	ASN	0.04324
25	GLY	0.06296
26	VAL	0.03949
27	LEU	0.01659
28	GLN	0.01734
29	LYS	0.00734
30	VAL	0.01427
31	VAL	0.01348
32	PRO	0.01895
33	THR	0.02571
34	PRO	0.07455
35	GLY	0.05392
36	ASP	0.02900
37	LYS	0.01971
38	VAL	0.03830
39	GLU	0.04315
40	SER	0.08218
41	GLY	0.13397
42	GLN	0.05018
43	ILE	0.04899
44	SER	0.00894
45	ASN	0.02063
46	GLY	0.03272
47	TYR	0.14854
48	SER	0.04878
49	ALA	0.14144
50	VAL	0.05659
51	PRO	0.18342
52	SER	0.14920
53	PRO	0.19220
54	GLY	0.18979
55	ALA	0.04568
56	GLY	0.12377
57	ASP	0.04946
58	ASP	0.02415
59	THR	0.12287
60	ARG	0.02660
61	HIS	0.00670
62	SER	0.02742
63	ILE	0.01252
64	PRO	0.02524
65	ALA	0.00812
66	THR	0.02191
67	THR	0.02539
68	THR	0.05471
69	THR	0.01636
70	LEU	0.00906
71	VAL	0.02514
72	ALA	0.03045
73	GLU	0.01393
74	LEU	0.02832
75	HIS	0.01294
76	GLN	0.05172
77	GLY	0.05183
78	GLU	0.02550
79	ARG	0.03803
80	GLU	0.07004
81	THR	0.07559
82	TRP	0.08787
83	GLY	0.59831
84	LYS	0.11443
85	LYS	0.44437
86	VAL	0.37430
87	ASP	0.18229
88	PHE	0.15581
89	LEU	0.77059
90	LEU	0.65184
91	SER	0.62924
92	VAL	0.24745
93	ILE	0.56452
94	GLY	0.67016
95	TYR	0.29807
96	ALA	0.36462
97	VAL	0.43588
98	ASP	0.90912
99	LEU	0.92712
100	GLY	0.53311
101	ASN	0.83129
102	VAL	0.64295
103	TRP	0.70499
104	ARG	0.70746
105	PHE	0.39978
106	PRO	0.44452
107	TYR	0.81951
108	ILE	0.84952
109	CYS	0.39011
110	TYR	0.47482
111	GLN	0.72007
112	ASN	0.57769
113	GLY	0.32099
114	GLY	0.49120
115	GLY	0.23826
116	ALA	0.50286
117	PHE	0.23948
118	LEU	0.32351
119	LEU	0.65841
120	PRO	0.16273
121	TYR	0.22500
122	THR	0.71769
123	ILE	0.52551
124	MET	0.07735
125	ALA	0.12916
126	ILE	0.41527
127	PHE	0.21474
128	GLY	0.07279
129	GLY	0.27150
130	ILE	0.44471
131	PRO	0.36408
132	LEU	0.21853
133	PHE	0.70068
134	TYR	0.06701
135	MET	0.39902
136	GLU	0.76326
137	LEU	0.26621
138	ALA	0.64611
139	LEU	0.48496
140	GLY	0.48285
141	GLN	0.67000
142	TYR	0.38023
143	HIS	0.41301
144	ARG	0.13816
145	ASN	0.09948
146	GLY	0.21323
147	CYS	0.11754
148	ILE	0.11832
149	SER	0.70984
150	ILE	0.14772
151	TRP	0.25184
152	ARG	0.11128
153	LYS	0.18957
154	ILE	0.16002
155	CYS	0.16898
156	PRO	0.13705
157	ILE	0.07351
158	PHE	0.10896
159	LYS	0.05924
160	GLY	0.37896
161	ILE	0.18473
162	GLY	0.13477
163	TYR	0.21304
164	ALA	0.16842
165	ILE	0.29766
166	CYS	0.89577
167	ILE	0.42897
168	ILE	0.74057
169	ALA	0.97409
170	PHE	0.92547
171	TYR	0.48595
172	ILE	0.88544
173	ALA	0.89624
174	SER	0.66753
175	TYR	0.89615
176	TYR	0.84885
177	ASN	0.82662
178	THR	0.93990
179	ILE	0.89443
180	MET	0.83403
181	ALA	0.96185
182	TRP	0.56399
183	ALA	0.79748
184	LEU	0.58004
185	TYR	0.70535
186	TYR	0.59021
187	LEU	0.86077
188	ILE	0.43922
189	SER	0.38690
190	SER	0.20835
191	PHE	0.54297
192	THR	0.20121
193	ASP	0.04683
194	GLN	0.09084
195	LEU	0.03229
196	PRO	0.10049
197	TRP	0.06951
198	THR	0.04997
199	SER	0.03279
200	CYS	0.05355
201	LYS	0.02256
202	ASN	0.05956
203	SER	0.02665
204	TRP	0.01928
205	ASN	0.01915
206	THR	0.02448
207	GLY	0.02122
208	ASN	0.02439
209	CYS	0.01281
210	THR	0.02535
211	ASN	0.00974
212	TYR	0.02278
213	PHE	0.03136
214	SER	0.03580
215	GLU	0.02741
216	ASP	0.03344
217	ASN	0.01015
218	ILE	0.00702
219	THR	0.00467
220	TRP	0.00410
221	THR	0.01615
222	LEU	0.00982
223	HIS	0.00489
224	SER	0.02417
225	THR	0.03644
226	SER	0.00973
227	PRO	0.01773
228	ALA	0.15844
229	GLU	0.09704
230	GLU	0.05501
231	PHE	0.07391
232	TYR	0.24904
233	THR	0.06550
234	ARG	0.00911
235	HIS	0.02369
236	VAL	0.15288
237	LEU	0.21323
238	GLN	0.05533
239	ILE	0.01607
240	HIS	0.00316
241	ARG	0.01332
242	SER	0.02021
243	LYS	0.01579
244	GLY	0.05241
245	LEU	0.10816
246	GLN	0.02174
247	ASP	0.09013
248	LEU	0.12436
249	GLY	0.15074
250	GLY	0.20312
251	ILE	0.52957
252	SER	0.35808
253	TRP	0.36460
254	GLN	0.17962
255	LEU	0.52733
256	ALA	0.81354
257	LEU	0.54126
258	CYS	0.32554
259	ILE	0.83804
260	MET	0.79782
261	LEU	0.31092
262	ILE	0.36195
263	PHE	0.82537
264	THR	0.19389
265	VAL	0.41526
266	ILE	0.46194
267	TYR	0.32002
268	PHE	0.37708
269	SER	0.23135
270	ILE	0.28298
271	TRP	0.11797
272	LYS	0.32840
273	GLY	0.19766
274	VAL	0.28052
275	LYS	0.13424
276	THR	0.34160
277	SER	0.11710
278	GLY	0.18771
279	LYS	0.01917
280	VAL	0.06505
281	VAL	0.21094
282	TRP	0.21895
283	VAL	0.06773
284	THR	0.14961
285	ALA	0.07162
286	THR	0.31281
287	PHE	0.11619
288	PRO	0.15618
289	TYR	0.13018
290	ILE	0.09572
291	ILE	0.08844
292	LEU	0.45181
293	SER	0.59745
294	VAL	0.09819
295	LEU	0.25328
296	LEU	0.17630
297	VAL	0.48672
298	ARG	0.15179
299	GLY	0.37510
300	ALA	0.23588
301	THR	0.17522
302	LEU	0.12719
303	PRO	0.69629
304	GLY	0.21855
305	ALA	0.56580
306	TRP	0.40362
307	ARG	0.31499
308	GLY	0.38448
309	VAL	0.71619
310	LEU	0.61922
311	PHE	0.23839
312	TYR	0.18152
313	LEU	0.86313
314	LYS	0.65068
315	PRO	0.86253
316	ASN	0.48528
317	TRP	0.42836
318	GLN	0.19095
319	LYS	0.07295
320	LEU	0.27031
321	LEU	0.09402
322	GLU	0.17852
323	THR	0.33008
324	GLY	0.11954
325	VAL	0.70963
326	TRP	0.58714
327	ILE	0.60485
328	ASP	0.34048
329	ALA	0.73757
330	ALA	0.37957
331	ALA	0.21000
332	GLN	0.49568
333	ILE	0.11065
334	PHE	0.71694
335	PHE	0.49231
336	SER	0.61426
337	LEU	0.68400
338	GLY	0.31088
339	PRO	0.28995
340	GLY	0.71785
341	PHE	0.59466
342	GLY	0.73143
343	VAL	0.52323
344	LEU	0.71584
345	LEU	0.77206
346	ALA	0.91626
347	PHE	0.83946
348	ALA	0.92720
349	SER	0.94051
350	TYR	0.15610
351	ASN	0.10938
352	LYS	0.47135
353	PHE	0.30116
354	ASN	0.70838
355	ASN	0.26988
356	ASN	0.41489
357	CYS	0.79949
358	TYR	0.10537
359	GLN	0.22374
360	ASP	0.32027
361	ALA	0.18755
362	LEU	0.57822
363	VAL	0.26947
364	THR	0.73700
365	SER	0.47862
366	VAL	0.95138
367	VAL	0.38275
368	ASN	0.27700
369	CYS	0.42550
370	MET	0.05326
371	THR	0.19393
372	SER	0.13438
373	PHE	0.28040
374	VAL	0.21459
375	SER	0.10064
376	GLY	0.26024
377	PHE	0.28903
378	VAL	0.56023
379	ILE	0.17146
380	PHE	0.72248
381	THR	0.42034
382	VAL	0.59598
383	LEU	0.31963
384	GLY	0.36059
385	TYR	0.10451
386	MET	0.70634
387	ALA	0.56693
388	GLU	0.34775
389	MET	0.23890
390	ARG	0.40194
391	ASN	0.74375
392	GLU	0.49673
393	ASP	0.76852
394	VAL	0.44106
395	SER	0.52378
396	GLU	0.41612
397	VAL	0.44771
398	ALA	0.89790
399	LYS	0.46323
400	ASP	0.34993
401	ALA	0.28173
402	GLY	0.41871
403	PRO	0.70691
404	SER	0.80151
405	LEU	0.77560
406	LEU	0.85007
407	PHE	0.79025
408	ILE	0.44208
409	THR	0.71583
410	TYR	0.68081
411	ALA	0.67584
412	GLU	0.37344
413	ALA	0.62492
414	ILE	0.68732
415	ALA	0.71546
416	ASN	0.34307
417	MET	0.33837
418	PRO	0.31858
419	ALA	0.22309
420	SER	0.19971
421	THR	0.20358
422	PHE	0.57541
423	PHE	0.21268
424	ALA	0.57258
425	ILE	0.21788
426	ILE	0.51910
427	PHE	0.33711
428	PHE	0.34369
429	LEU	0.14559
430	MET	0.16931
431	LEU	0.87878
432	ILE	0.59294
433	THR	0.61134
434	LEU	0.74672
435	GLY	0.87744
436	LEU	0.71956
437	ASP	0.95754
438	SER	0.94731
439	THR	0.77153
440	PHE	0.95976
441	ALA	0.78987
442	GLY	0.79931
443	LEU	0.66998
444	GLU	0.88787
445	GLY	0.77561
446	VAL	0.79513
447	ILE	0.94978
448	THR	0.61096
449	ALA	0.39810
450	VAL	0.06358
451	LEU	0.17808
452	ASP	0.16143
453	GLU	0.09961
454	PHE	0.02751
455	PRO	0.06219
456	HIS	0.01924
457	VAL	0.03028
458	TRP	0.03972
459	ALA	0.07007
460	LYS	0.15504
461	ARG	0.24394
462	ARG	0.61007
463	GLU	0.18812
464	ARG	0.24694
465	PHE	0.30366
466	VAL	0.52312
467	LEU	0.14207
468	ALA	0.41838
469	VAL	0.38877
470	VAL	0.48094
471	ILE	0.51418
472	THR	0.79460
473	CYS	0.74414
474	PHE	0.41460
475	PHE	0.18047
476	GLY	0.72835
477	SER	0.40809
478	LEU	0.26693
479	VAL	0.36699
480	THR	0.23746
481	LEU	0.10010
482	THR	0.09821
483	PHE	0.05374
484	GLY	0.26302
485	GLY	0.07477
486	ALA	0.10478
487	TYR	0.04058
488	VAL	0.14305
489	VAL	0.80188
490	LYS	0.56185
491	LEU	0.52241
492	LEU	0.74385
493	GLU	0.88794
494	GLU	0.77669
495	TYR	0.30826
496	ALA	0.66518
497	THR	0.82071
498	GLY	0.82474
499	PRO	0.11260
500	ALA	0.41126
501	VAL	0.73933
502	LEU	0.49966
503	THR	0.29303
504	VAL	0.65394
505	ALA	0.14615
506	LEU	0.19948
507	ILE	0.34641
508	GLU	0.44306
509	ALA	0.44048
510	VAL	0.25443
511	ALA	0.16026
512	VAL	0.45881
513	SER	0.28959
514	TRP	0.26857
515	PHE	0.16311
516	TYR	0.18857
517	GLY	0.61414
518	ILE	0.33549
519	THR	0.23821
520	GLN	0.32367
521	PHE	0.44679
522	CYS	0.15260
523	ARG	0.37870
524	ASP	0.34155
525	VAL	0.31885
526	LYS	0.14896
527	GLU	0.29345
528	MET	0.18520
529	LEU	0.29928
530	GLY	0.55872
531	PHE	0.46702
532	SER	0.08511
533	PRO	0.51551
534	GLY	0.32035
535	TRP	0.16429
536	PHE	0.05921
537	TRP	0.28761
538	ARG	0.21975
539	ILE	0.55900
540	CYS	0.15057
541	TRP	0.27057
542	VAL	0.46052
543	ALA	0.71789
544	ILE	0.30782
545	SER	0.12915
546	PRO	0.47032
547	LEU	0.59898
548	PHE	0.10509
549	LEU	0.37662
550	LEU	0.60532
551	PHE	0.26959
552	ILE	0.45205
553	ILE	0.39826
554	CYS	0.36159
555	SER	0.08539
556	PHE	0.07891
557	LEU	0.60563
558	MET	0.26220
559	SER	0.11756
560	PRO	0.08879
561	PRO	0.02698
562	GLN	0.04105
563	LEU	0.01393
564	ARG	0.01672
565	LEU	0.02288
566	PHE	0.01695
567	GLN	0.02681
568	TYR	0.02100
569	ASN	0.00997
570	TYR	0.01505
571	PRO	0.01496
572	TYR	0.02875
573	TRP	0.03032
574	SER	0.07201
575	ILE	0.20198
576	ILE	0.14132
577	LEU	0.11871
578	GLY	0.13942
579	TYR	0.07810
580	CYS	0.36952
581	ILE	0.06039
582	GLY	0.10846
583	THR	0.09535
584	SER	0.54215
585	SER	0.06476
586	PHE	0.07040
587	ILE	0.08982
588	CYS	0.06369
589	ILE	0.01801
590	PRO	0.01189
591	THR	0.00622
592	TYR	0.00683
593	ILE	0.00184
594	ALA	0.00509
595	TYR	0.00067
596	ARG	0.00155
597	LEU	0.00292
598	ILE	0.00864
599	ILE	0.02952
600	THR	0.01777
601	PRO	0.02122
602	GLY	0.10875
603	THR	0.05256
604	PHE	0.04313
605	LYS	0.08493
606	GLU	0.26079
607	ARG	0.00983
608	ILE	0.03237
609	ILE	0.04525
610	LYS	0.00743
611	SER	0.20195
612	ILE	0.05095
613	THR	0.06350
614	PRO	0.10378
615	GLU	0.12952
616	THR	0.12026
617	PRO	0.06123
618	THR	0.02339
619	GLU	0.03401
620	ILE	0.07084
621	PRO	0.03405
622	CYS	0.00737
623	GLY	0.04143
624	ASP	0.01112
625	ILE	0.01317
626	ARG	0.02363
627	LEU	0.03712
628	ASN	0.04696
629	ALA	0.13995
630	VAL	0.08626
