/var/spool/slurmd/job609694/slurm_script: line 17: activate: No such file or directory
/home/rpearson/.conda/envs/dssp/bin/python
PROCESSING: /home/rpearson/research/23ValidationSet/IT/P31645/model_copies/P31645_IT_model5.pdb
Input Data Path : /home/rpearson/research/23ValidationSet/IT/P31645/model_copies/P31645_IT_model5.pdb
Model Quality Score : 0.30444
Resid	Resname	Score
1	MET	0.04829
2	GLU	0.05731
3	THR	0.07180
4	THR	0.04144
5	PRO	0.05489
6	LEU	0.05750
7	ASN	0.03653
8	SER	0.12043
9	GLN	0.03929
10	LYS	0.04706
11	GLN	0.02034
12	LEU	0.07414
13	SER	0.01648
14	ALA	0.04991
15	CYS	0.04773
16	GLU	0.06261
17	ASP	0.03359
18	GLY	0.30496
19	GLU	0.07033
20	ASP	0.05348
21	CYS	0.06402
22	GLN	0.04245
23	GLU	0.08439
24	ASN	0.03395
25	GLY	0.13503
26	VAL	0.03722
27	LEU	0.03204
28	GLN	0.04390
29	LYS	0.05322
30	VAL	0.03905
31	VAL	0.03700
32	PRO	0.02517
33	THR	0.07785
34	PRO	0.07489
35	GLY	0.01907
36	ASP	0.03043
37	LYS	0.06416
38	VAL	0.02255
39	GLU	0.01449
40	SER	0.02421
41	GLY	0.03670
42	GLN	0.02824
43	ILE	0.04480
44	SER	0.03102
45	ASN	0.08959
46	GLY	0.09852
47	TYR	0.01017
48	SER	0.02086
49	ALA	0.02975
50	VAL	0.02126
51	PRO	0.04115
52	SER	0.05388
53	PRO	0.09070
54	GLY	0.11983
55	ALA	0.12766
56	GLY	0.10147
57	ASP	0.07963
58	ASP	0.09588
59	THR	0.14363
60	ARG	0.00982
61	HIS	0.00713
62	SER	0.03656
63	ILE	0.01963
64	PRO	0.02982
65	ALA	0.01829
66	THR	0.00384
67	THR	0.00600
68	THR	0.00651
69	THR	0.00981
70	LEU	0.01156
71	VAL	0.00895
72	ALA	0.03732
73	GLU	0.04166
74	LEU	0.00544
75	HIS	0.00480
76	GLN	0.03592
77	GLY	0.01412
78	GLU	0.00484
79	ARG	0.05217
80	GLU	0.03124
81	THR	0.12903
82	TRP	0.04609
83	GLY	0.11993
84	LYS	0.06918
85	LYS	0.20867
86	VAL	0.59534
87	ASP	0.05664
88	PHE	0.07624
89	LEU	0.56174
90	LEU	0.30930
91	SER	0.14408
92	VAL	0.62445
93	ILE	0.70797
94	GLY	0.86943
95	TYR	0.54149
96	ALA	0.88898
97	VAL	0.49985
98	ASP	0.96604
99	LEU	0.76178
100	GLY	0.91958
101	ASN	0.81734
102	VAL	0.58479
103	TRP	0.61755
104	ARG	0.81087
105	PHE	0.89655
106	PRO	0.56357
107	TYR	0.89811
108	ILE	0.76875
109	CYS	0.83862
110	TYR	0.23775
111	GLN	0.65103
112	ASN	0.65622
113	GLY	0.67840
114	GLY	0.55859
115	GLY	0.39503
116	ALA	0.11138
117	PHE	0.25696
118	LEU	0.89966
119	LEU	0.15734
120	PRO	0.13667
121	TYR	0.86727
122	THR	0.67258
123	ILE	0.67587
124	MET	0.66147
125	ALA	0.76010
126	ILE	0.54064
127	PHE	0.19423
128	GLY	0.79363
129	GLY	0.83456
130	ILE	0.87021
131	PRO	0.73444
132	LEU	0.33382
133	PHE	0.96050
134	TYR	0.29409
135	MET	0.22839
136	GLU	0.54050
137	LEU	0.68341
138	ALA	0.15698
139	LEU	0.13477
140	GLY	0.59906
141	GLN	0.23406
142	TYR	0.08890
143	HIS	0.05966
144	ARG	0.01345
145	ASN	0.04927
146	GLY	0.01710
147	CYS	0.22857
148	ILE	0.23792
149	SER	0.16825
150	ILE	0.40891
151	TRP	0.11117
152	ARG	0.05072
153	LYS	0.22019
154	ILE	0.13682
155	CYS	0.09095
156	PRO	0.04420
157	ILE	0.06719
158	PHE	0.10866
159	LYS	0.09391
160	GLY	0.16124
161	ILE	0.11441
162	GLY	0.12035
163	TYR	0.12973
164	ALA	0.24971
165	ILE	0.43221
166	CYS	0.70941
167	ILE	0.55577
168	ILE	0.86983
169	ALA	0.79609
170	PHE	0.93075
171	TYR	0.27401
172	ILE	0.95499
173	ALA	0.97772
174	SER	0.75469
175	TYR	0.70729
176	TYR	0.76791
177	ASN	0.96463
178	THR	0.65288
179	ILE	0.74847
180	MET	0.91289
181	ALA	0.78539
182	TRP	0.76424
183	ALA	0.39070
184	LEU	0.69990
185	TYR	0.35101
186	TYR	0.08258
187	LEU	0.74936
188	ILE	0.63755
189	SER	0.28349
190	SER	0.03348
191	PHE	0.22632
192	THR	0.26684
193	ASP	0.54279
194	GLN	0.27124
195	LEU	0.26171
196	PRO	0.46258
197	TRP	0.07063
198	THR	0.05668
199	SER	0.03248
200	CYS	0.04602
201	LYS	0.09604
202	ASN	0.02308
203	SER	0.05669
204	TRP	0.03505
205	ASN	0.05978
206	THR	0.03991
207	GLY	0.04337
208	ASN	0.09190
209	CYS	0.01274
210	THR	0.01848
211	ASN	0.03664
212	TYR	0.00954
213	PHE	0.03829
214	SER	0.05805
215	GLU	0.04928
216	ASP	0.01463
217	ASN	0.03636
218	ILE	0.01394
219	THR	0.01540
220	TRP	0.00699
221	THR	0.01466
222	LEU	0.00610
223	HIS	0.00771
224	SER	0.03072
225	THR	0.03175
226	SER	0.06744
227	PRO	0.04942
228	ALA	0.08057
229	GLU	0.28276
230	GLU	0.05426
231	PHE	0.10365
232	TYR	0.32888
233	THR	0.06804
234	ARG	0.06008
235	HIS	0.13462
236	VAL	0.11491
237	LEU	0.17151
238	GLN	0.05889
239	ILE	0.00996
240	HIS	0.01902
241	ARG	0.01596
242	SER	0.04436
243	LYS	0.02315
244	GLY	0.02662
245	LEU	0.03009
246	GLN	0.01096
247	ASP	0.06211
248	LEU	0.03962
249	GLY	0.05868
250	GLY	0.11059
251	ILE	0.10258
252	SER	0.25716
253	TRP	0.36150
254	GLN	0.29315
255	LEU	0.68698
256	ALA	0.78828
257	LEU	0.40599
258	CYS	0.53342
259	ILE	0.85626
260	MET	0.38454
261	LEU	0.89227
262	ILE	0.92950
263	PHE	0.49575
264	THR	0.30883
265	VAL	0.44833
266	ILE	0.68757
267	TYR	0.22098
268	PHE	0.35633
269	SER	0.09718
270	ILE	0.11141
271	TRP	0.18354
272	LYS	0.10194
273	GLY	0.22440
274	VAL	0.45127
275	LYS	0.24448
276	THR	0.19909
277	SER	0.14192
278	GLY	0.16706
279	LYS	0.06171
280	VAL	0.03480
281	VAL	0.11427
282	TRP	0.18516
283	VAL	0.01477
284	THR	0.12199
285	ALA	0.15490
286	THR	0.43696
287	PHE	0.11608
288	PRO	0.27643
289	TYR	0.48697
290	ILE	0.41482
291	ILE	0.25864
292	LEU	0.78843
293	SER	0.66052
294	VAL	0.39105
295	LEU	0.25368
296	LEU	0.63383
297	VAL	0.33944
298	ARG	0.14586
299	GLY	0.52218
300	ALA	0.22246
301	THR	0.09514
302	LEU	0.05866
303	PRO	0.46946
304	GLY	0.27789
305	ALA	0.42431
306	TRP	0.59337
307	ARG	0.39591
308	GLY	0.49520
309	VAL	0.51302
310	LEU	0.63390
311	PHE	0.41087
312	TYR	0.42126
313	LEU	0.81122
314	LYS	0.68350
315	PRO	0.83847
316	ASN	0.38606
317	TRP	0.33624
318	GLN	0.32925
319	LYS	0.44344
320	LEU	0.55200
321	LEU	0.69305
322	GLU	0.41774
323	THR	0.17113
324	GLY	0.76163
325	VAL	0.43688
326	TRP	0.52054
327	ILE	0.23221
328	ASP	0.85349
329	ALA	0.93258
330	ALA	0.82657
331	ALA	0.79602
332	GLN	0.89310
333	ILE	0.88975
334	PHE	0.66367
335	PHE	0.81533
336	SER	0.95126
337	LEU	0.92354
338	GLY	0.33639
339	PRO	0.89547
340	GLY	0.30886
341	PHE	0.52855
342	GLY	0.83534
343	VAL	0.90362
344	LEU	0.82917
345	LEU	0.82268
346	ALA	0.39985
347	PHE	0.58047
348	ALA	0.17624
349	SER	0.08587
350	TYR	0.03407
351	ASN	0.51407
352	LYS	0.17074
353	PHE	0.07841
354	ASN	0.11338
355	ASN	0.05891
356	ASN	0.04895
357	CYS	0.14389
358	TYR	0.54628
359	GLN	0.38356
360	ASP	0.45924
361	ALA	0.96141
362	LEU	0.82929
363	VAL	0.10456
364	THR	0.85063
365	SER	0.89700
366	VAL	0.92099
367	VAL	0.31427
368	ASN	0.60932
369	CYS	0.91768
370	MET	0.72589
371	THR	0.45655
372	SER	0.43472
373	PHE	0.43386
374	VAL	0.33392
375	SER	0.70912
376	GLY	0.68790
377	PHE	0.61217
378	VAL	0.40663
379	ILE	0.47475
380	PHE	0.92979
381	THR	0.50437
382	VAL	0.75393
383	LEU	0.52279
384	GLY	0.43352
385	TYR	0.27666
386	MET	0.29291
387	ALA	0.37309
388	GLU	0.17115
389	MET	0.06738
390	ARG	0.05788
391	ASN	0.06641
392	GLU	0.09787
393	ASP	0.14082
394	VAL	0.05909
395	SER	0.13384
396	GLU	0.11046
397	VAL	0.17298
398	ALA	0.11364
399	LYS	0.05382
400	ASP	0.12849
401	ALA	0.16525
402	GLY	0.32330
403	PRO	0.82852
404	SER	0.65260
405	LEU	0.81083
406	LEU	0.04408
407	PHE	0.06053
408	ILE	0.34175
409	THR	0.09616
410	TYR	0.16156
411	ALA	0.25087
412	GLU	0.71374
413	ALA	0.36648
414	ILE	0.61205
415	ALA	0.56490
416	ASN	0.50302
417	MET	0.34280
418	PRO	0.22557
419	ALA	0.37498
420	SER	0.27036
421	THR	0.15076
422	PHE	0.48446
423	PHE	0.32144
424	ALA	0.00169
425	ILE	0.62547
426	ILE	0.33925
427	PHE	0.67219
428	PHE	0.11877
429	LEU	0.80081
430	MET	0.71599
431	LEU	0.85032
432	ILE	0.52896
433	THR	0.89211
434	LEU	0.78988
435	GLY	0.88190
436	LEU	0.95727
437	ASP	0.87733
438	SER	0.91965
439	THR	0.87639
440	PHE	0.64571
441	ALA	0.92979
442	GLY	0.84787
443	LEU	0.80124
444	GLU	0.83255
445	GLY	0.84087
446	VAL	0.50845
447	ILE	0.93926
448	THR	0.74595
449	ALA	0.62569
450	VAL	0.26607
451	LEU	0.43077
452	ASP	0.20183
453	GLU	0.06029
454	PHE	0.04942
455	PRO	0.09258
456	HIS	0.02658
457	VAL	0.03827
458	TRP	0.16540
459	ALA	0.03395
460	LYS	0.27575
461	ARG	0.26700
462	ARG	0.25161
463	GLU	0.37413
464	ARG	0.44365
465	PHE	0.49748
466	VAL	0.53938
467	LEU	0.37684
468	ALA	0.34648
469	VAL	0.59803
470	VAL	0.56140
471	ILE	0.36715
472	THR	0.60261
473	CYS	0.77436
474	PHE	0.52240
475	PHE	0.16593
476	GLY	0.55632
477	SER	0.29096
478	LEU	0.07360
479	VAL	0.43436
480	THR	0.31415
481	LEU	0.17220
482	THR	0.01092
483	PHE	0.08820
484	GLY	0.09172
485	GLY	0.09096
486	ALA	0.13629
487	TYR	0.13194
488	VAL	0.18674
489	VAL	0.61104
490	LYS	0.59542
491	LEU	0.33960
492	LEU	0.72914
493	GLU	0.56041
494	GLU	0.57476
495	TYR	0.67555
496	ALA	0.43179
497	THR	0.58200
498	GLY	0.89441
499	PRO	0.39784
500	ALA	0.51296
501	VAL	0.60230
502	LEU	0.47129
503	THR	0.19840
504	VAL	0.38204
505	ALA	0.56650
506	LEU	0.40339
507	ILE	0.24200
508	GLU	0.32159
509	ALA	0.47337
510	VAL	0.15488
511	ALA	0.19725
512	VAL	0.28213
513	SER	0.06608
514	TRP	0.03121
515	PHE	0.04012
516	TYR	0.04352
517	GLY	0.12050
518	ILE	0.13196
519	THR	0.37869
520	GLN	0.27882
521	PHE	0.12417
522	CYS	0.11543
523	ARG	0.12665
524	ASP	0.32052
525	VAL	0.19619
526	LYS	0.24630
527	GLU	0.13931
528	MET	0.03467
529	LEU	0.02985
530	GLY	0.08072
531	PHE	0.06294
532	SER	0.06260
533	PRO	0.03492
534	GLY	0.04342
535	TRP	0.02910
536	PHE	0.02491
537	TRP	0.09430
538	ARG	0.14582
539	ILE	0.44192
540	CYS	0.54399
541	TRP	0.05811
542	VAL	0.28952
543	ALA	0.88007
544	ILE	0.45609
545	SER	0.18648
546	PRO	0.39920
547	LEU	0.80151
548	PHE	0.35275
549	LEU	0.61138
550	LEU	0.28616
551	PHE	0.27871
552	ILE	0.47969
553	ILE	0.78548
554	CYS	0.50824
555	SER	0.18593
556	PHE	0.17414
557	LEU	0.44517
558	MET	0.23693
559	SER	0.17585
560	PRO	0.04302
561	PRO	0.01827
562	GLN	0.00979
563	LEU	0.01299
564	ARG	0.02604
565	LEU	0.03985
566	PHE	0.05131
567	GLN	0.02265
568	TYR	0.02347
569	ASN	0.01717
570	TYR	0.01916
571	PRO	0.01916
572	TYR	0.08541
573	TRP	0.14707
574	SER	0.15886
575	ILE	0.24316
576	ILE	0.25444
577	LEU	0.07344
578	GLY	0.46147
579	TYR	0.17839
580	CYS	0.26973
581	ILE	0.15340
582	GLY	0.14564
583	THR	0.12245
584	SER	0.14030
585	SER	0.27986
586	PHE	0.03749
587	ILE	0.08935
588	CYS	0.05555
589	ILE	0.03415
590	PRO	0.02029
591	THR	0.00432
592	TYR	0.01485
593	ILE	0.02035
594	ALA	0.01116
595	TYR	0.00368
596	ARG	0.00418
597	LEU	0.00340
598	ILE	0.00173
599	ILE	0.00932
600	THR	0.00861
601	PRO	0.00154
602	GLY	0.00911
603	THR	0.01015
604	PHE	0.03088
605	LYS	0.03970
606	GLU	0.05394
607	ARG	0.03930
608	ILE	0.02754
609	ILE	0.02861
610	LYS	0.09053
611	SER	0.03473
612	ILE	0.02670
613	THR	0.03828
614	PRO	0.08549
615	GLU	0.04367
616	THR	0.08559
617	PRO	0.02893
618	THR	0.04021
619	GLU	0.05937
620	ILE	0.05553
621	PRO	0.08147
622	CYS	0.13103
623	GLY	0.08170
624	ASP	0.07878
625	ILE	0.04963
626	ARG	0.03141
627	LEU	0.02032
628	ASN	0.04754
629	ALA	0.02581
630	VAL	0.06077
