/var/spool/slurmd/job609710/slurm_script: line 17: activate: No such file or directory
/home/rpearson/.conda/envs/dssp/bin/python
PROCESSING: /home/rpearson/research/PosValSet/CIT/P52751/model_copies/P52751_CIT_model1.pdb
Input Data Path : /home/rpearson/research/PosValSet/CIT/P52751/model_copies/P52751_CIT_model1.pdb
Model Quality Score : 0.12340
Resid	Resname	Score
1	MET	0.03912
2	PHE	0.03725
3	SER	0.03128
4	LEU	0.14443
5	LYS	0.13801
6	THR	0.03185
7	VAL	0.05892
8	VAL	0.04427
9	LEU	0.24818
10	ALA	0.03997
11	LEU	0.18356
12	ALA	0.06539
13	ALA	0.13783
14	ALA	0.13727
15	ALA	0.05604
16	PHE	0.13081
17	VAL	0.04229
18	GLN	0.07164
19	ALA	0.16763
20	ILE	0.08901
21	PRO	0.08958
22	ALA	0.14323
23	PRO	0.14354
24	GLY	0.19536
25	GLU	0.07244
26	GLY	0.10700
27	PRO	0.16080
28	SER	0.08931
29	VAL	0.08538
30	SER	0.14735
31	MET	0.06050
32	ALA	0.04619
33	GLN	0.07380
34	GLN	0.08816
35	LYS	0.03400
36	CYS	0.06459
37	GLY	0.05042
38	ALA	0.22501
39	GLU	0.08922
40	LYS	0.14865
41	VAL	0.02841
42	VAL	0.02675
43	SER	0.04466
44	CYS	0.10767
45	CYS	0.07079
46	ASN	0.18935
47	SER	0.47893
48	LYS	0.18000
49	GLU	0.39802
50	LEU	0.46186
51	LYS	0.17053
52	ASN	0.14395
53	SER	0.12644
54	LYS	0.06140
55	SER	0.09769
56	GLY	0.24701
57	ALA	0.48623
58	GLU	0.11257
59	ILE	0.20006
60	PRO	0.45727
61	ILE	0.17868
62	ASP	0.40720
63	VAL	0.30803
64	LEU	0.15819
65	SER	0.33842
66	GLY	0.56501
67	GLU	0.23519
68	CYS	0.15904
69	LYS	0.30305
70	ASN	0.03290
71	ILE	0.03447
72	PRO	0.20117
73	ILE	0.03258
74	ASN	0.06269
75	ILE	0.04873
76	LEU	0.02631
77	THR	0.04537
78	ILE	0.03365
79	ASN	0.05304
80	GLN	0.02380
81	LEU	0.00994
82	ILE	0.00714
83	PRO	0.11955
84	ILE	0.02851
85	ASN	0.06127
86	ASN	0.07982
87	PHE	0.02171
88	CYS	0.11782
89	SER	0.05489
90	ASP	0.08436
91	THR	0.21198
92	VAL	0.16643
93	SER	0.01789
94	CYS	0.15688
95	CYS	0.05386
96	SER	0.06865
97	GLY	0.11606
98	GLU	0.17127
99	GLN	0.08758
100	ILE	0.07698
101	GLY	0.04033
102	LEU	0.01778
103	VAL	0.01795
104	ASN	0.02186
105	ILE	0.10835
106	GLN	0.14458
107	CYS	0.02359
108	THR	0.06887
109	PRO	0.07937
110	ILE	0.18404
111	LEU	0.03544
112	SER	0.01915
