/var/spool/slurmd/job609711/slurm_script: line 17: activate: No such file or directory
/home/rpearson/.conda/envs/dssp/bin/python
PROCESSING: /home/rpearson/research/PosValSet/CIT/P52751/model_copies/P52751_CIT_model2.pdb
Input Data Path : /home/rpearson/research/PosValSet/CIT/P52751/model_copies/P52751_CIT_model2.pdb
Model Quality Score : 0.10776
Resid	Resname	Score
1	MET	0.01655
2	PHE	0.06998
3	SER	0.08045
4	LEU	0.13544
5	LYS	0.07075
6	THR	0.28340
7	VAL	0.13707
8	VAL	0.12573
9	LEU	0.06157
10	ALA	0.14193
11	LEU	0.02416
12	ALA	0.02620
13	ALA	0.06743
14	ALA	0.08317
15	ALA	0.08632
16	PHE	0.03902
17	VAL	0.01683
18	GLN	0.01815
19	ALA	0.02039
20	ILE	0.01479
21	PRO	0.02022
22	ALA	0.02003
23	PRO	0.02828
24	GLY	0.02410
25	GLU	0.04692
26	GLY	0.04599
27	PRO	0.03937
28	SER	0.03680
29	VAL	0.01325
30	SER	0.07066
31	MET	0.12464
32	ALA	0.12087
33	GLN	0.19064
34	GLN	0.05951
35	LYS	0.06922
36	CYS	0.01063
37	GLY	0.03958
38	ALA	0.05021
39	GLU	0.02684
40	LYS	0.06290
41	VAL	0.03682
42	VAL	0.02828
43	SER	0.00599
44	CYS	0.05848
45	CYS	0.05995
46	ASN	0.25806
47	SER	0.16937
48	LYS	0.15569
49	GLU	0.08752
50	LEU	0.39177
51	LYS	0.11240
52	ASN	0.15343
53	SER	0.06578
54	LYS	0.29370
55	SER	0.13588
56	GLY	0.30940
57	ALA	0.22285
58	GLU	0.11263
59	ILE	0.10974
60	PRO	0.32765
61	ILE	0.11050
62	ASP	0.05637
63	VAL	0.64517
64	LEU	0.27665
65	SER	0.53552
66	GLY	0.16450
67	GLU	0.39575
68	CYS	0.21030
69	LYS	0.21540
70	ASN	0.03987
71	ILE	0.01881
72	PRO	0.05337
73	ILE	0.03531
74	ASN	0.04172
75	ILE	0.00514
76	LEU	0.00944
77	THR	0.04290
78	ILE	0.07915
79	ASN	0.07854
80	GLN	0.05946
81	LEU	0.09463
82	ILE	0.07184
83	PRO	0.01636
84	ILE	0.07466
85	ASN	0.11100
86	ASN	0.08066
87	PHE	0.03230
88	CYS	0.37627
89	SER	0.12630
90	ASP	0.21444
91	THR	0.15255
92	VAL	0.26483
93	SER	0.10089
94	CYS	0.07166
95	CYS	0.03307
96	SER	0.03075
97	GLY	0.05712
98	GLU	0.03653
99	GLN	0.02427
100	ILE	0.08028
101	GLY	0.03810
102	LEU	0.10796
103	VAL	0.05802
104	ASN	0.08851
105	ILE	0.18284
106	GLN	0.05753
107	CYS	0.06523
108	THR	0.02741
109	PRO	0.07789
110	ILE	0.01751
111	LEU	0.33582
112	SER	0.17278
