/home/rpearson/.conda/envs/model_evaluation/bin/python
PROCESSING: /home/rpearson/research/23ValidationSet/IT/P0DTC9/model_copies/P0DTC9_IT_model5.pdb
Input Data Path : /home/rpearson/research/23ValidationSet/IT/P0DTC9/model_copies/P0DTC9_IT_model5.pdb
Model Quality Score : 0.12382
Resid	Resname	Score
1	MET	0.09756
2	SER	0.55035
3	ASP	0.06481
4	ASN	0.24353
5	GLY	0.03223
6	PRO	0.09776
7	GLN	0.02586
8	ASN	0.00772
9	GLN	0.04982
10	ARG	0.00666
11	ASN	0.04395
12	ALA	0.02061
13	PRO	0.01215
14	ARG	0.00897
15	ILE	0.00108
16	THR	0.01208
17	PHE	0.02417
18	GLY	0.20765
19	GLY	0.35228
20	PRO	0.05320
21	SER	0.22039
22	ASP	0.13225
23	SER	0.11402
24	THR	0.08827
25	GLY	0.27203
26	SER	0.11364
27	ASN	0.11206
28	GLN	0.16129
29	ASN	0.33361
30	GLY	0.26322
31	GLU	0.24652
32	ARG	0.30802
33	SER	0.05765
34	GLY	0.10745
35	ALA	0.63498
36	ARG	0.02115
37	SER	0.05706
38	LYS	0.06194
39	GLN	0.07729
40	ARG	0.01026
41	ARG	0.02172
42	PRO	0.04099
43	GLN	0.05916
44	GLY	0.05759
45	LEU	0.11157
46	PRO	0.07838
47	ASN	0.15413
48	ASN	0.10177
49	THR	0.01211
50	ALA	0.02269
51	SER	0.11543
52	TRP	0.13917
53	PHE	0.12188
54	THR	0.45115
55	ALA	0.20708
56	LEU	0.13388
57	THR	0.28940
58	GLN	0.07999
59	HIS	0.07042
60	GLY	0.16873
61	LYS	0.08568
62	GLU	0.16279
63	ASP	0.05564
64	LEU	0.18880
65	LYS	0.09665
66	PHE	0.31635
67	PRO	0.45453
68	ARG	0.24345
69	GLY	0.10020
70	GLN	0.20141
71	GLY	0.54899
72	VAL	0.42777
73	PRO	0.82416
74	ILE	0.81296
75	ASN	0.78517
76	THR	0.12705
77	ASN	0.14908
78	SER	0.55491
79	SER	0.74974
80	PRO	0.61615
81	ASP	0.26280
82	ASP	0.07810
83	GLN	0.40096
84	ILE	0.32538
85	GLY	0.32112
86	TYR	0.48930
87	TYR	0.24486
88	ARG	0.15045
89	ARG	0.04446
90	ALA	0.21619
91	THR	0.29942
92	ARG	0.07013
93	ARG	0.17212
94	ILE	0.37341
95	ARG	0.08517
96	GLY	0.29599
97	GLY	0.15572
98	ASP	0.18880
99	GLY	0.22189
100	LYS	0.11876
101	MET	0.24934
102	LYS	0.50673
103	ASP	0.11530
104	LEU	0.03460
105	SER	0.11394
106	PRO	0.11534
107	ARG	0.18119
108	TRP	0.18895
109	TYR	0.24030
110	PHE	0.58279
111	TYR	0.31345
112	TYR	0.13511
113	LEU	0.09477
114	GLY	0.29510
115	THR	0.17694
116	GLY	0.34809
117	PRO	0.14429
118	GLU	0.18858
119	ALA	0.22952
120	GLY	0.04237
121	LEU	0.01512
122	PRO	0.00429
123	TYR	0.00958
124	GLY	0.02214
125	ALA	0.02570
126	ASN	0.04260
127	LYS	0.02159
128	ASP	0.23186
129	GLY	0.27846
130	ILE	0.26749
131	ILE	0.45000
132	TRP	0.12520
133	VAL	0.22455
134	ALA	0.19340
135	THR	0.61866
136	GLU	0.32358
137	GLY	0.86439
138	ALA	0.28402
139	LEU	0.18288
140	ASN	0.04356
141	THR	0.16531
142	PRO	0.28119
143	LYS	0.01948
144	ASP	0.22978
145	HIS	0.15521
146	ILE	0.08791
147	GLY	0.06326
148	THR	0.05138
149	ARG	0.34057
150	ASN	0.04861
151	PRO	0.10412
152	ALA	0.14675
153	ASN	0.10797
154	ASN	0.04154
155	ALA	0.18469
156	ALA	0.44037
157	ILE	0.76898
158	VAL	0.05873
159	LEU	0.07252
160	GLN	0.63956
161	LEU	0.40184
162	PRO	0.26276
163	GLN	0.14561
164	GLY	0.21796
165	THR	0.15320
166	THR	0.13091
167	LEU	0.23068
168	PRO	0.19537
169	LYS	0.08831
170	GLY	0.30106
171	PHE	0.21681
172	TYR	0.27089
173	ALA	0.31309
174	GLU	0.09865
175	GLY	0.31187
176	SER	0.05315
177	ARG	0.07487
178	GLY	0.05581
179	GLY	0.19355
180	SER	0.32744
181	GLN	0.10895
182	ALA	0.05028
183	SER	0.14229
184	SER	0.21394
185	ARG	0.17092
186	SER	0.04371
187	SER	0.01553
188	SER	0.20717
189	ARG	0.03690
190	SER	0.19266
191	ARG	0.06062
192	ASN	0.07407
193	SER	0.27275
194	SER	0.03379
195	ARG	0.04054
196	ASN	0.17624
197	SER	0.03245
198	THR	0.09717
199	PRO	0.11305
200	GLY	0.02463
201	SER	0.30145
202	SER	0.25191
203	ARG	0.04745
204	GLY	0.05125
205	THR	0.11549
206	SER	0.43827
207	PRO	0.29262
208	ALA	0.06687
209	ARG	0.04242
210	MET	0.07630
211	ALA	0.02223
212	GLY	0.02602
213	ASN	0.04541
214	GLY	0.21889
215	GLY	0.33093
216	ASP	0.09024
217	ALA	0.02970
218	ALA	0.20451
219	LEU	0.02530
220	ALA	0.09352
221	LEU	0.03266
222	LEU	0.03940
223	LEU	0.03474
224	LEU	0.04828
225	ASP	0.02315
226	ARG	0.02582
227	LEU	0.01654
228	ASN	0.01584
229	GLN	0.00694
230	LEU	0.01121
231	GLU	0.00893
232	SER	0.01521
233	LYS	0.03683
234	MET	0.03740
235	SER	0.05531
236	GLY	0.04554
237	LYS	0.08647
238	GLY	0.04676
239	GLN	0.04585
240	GLN	0.02039
241	GLN	0.02973
242	GLN	0.01120
243	GLY	0.04411
244	GLN	0.03763
245	THR	0.06150
246	VAL	0.02034
247	THR	0.07002
248	LYS	0.01883
249	LYS	0.04770
250	SER	0.12486
251	ALA	0.10232
252	ALA	0.15148
253	GLU	0.03089
254	ALA	0.03299
255	SER	0.03388
256	LYS	0.02242
257	LYS	0.03414
258	PRO	0.05366
259	ARG	0.03122
260	GLN	0.01449
261	LYS	0.01505
262	ARG	0.00504
263	THR	0.03019
264	ALA	0.00527
265	THR	0.00240
266	LYS	0.01240
267	ALA	0.00245
268	TYR	0.00321
269	ASN	0.01001
270	VAL	0.00253
271	THR	0.00721
272	GLN	0.01323
273	ALA	0.04894
274	PHE	0.01963
275	GLY	0.32369
276	ARG	0.11704
277	ARG	0.11848
278	GLY	0.20850
279	PRO	0.05714
280	GLU	0.00986
281	GLN	0.03978
282	THR	0.01696
283	GLN	0.02130
284	GLY	0.00812
285	ASN	0.01775
286	PHE	0.02116
287	GLY	0.02953
288	ASP	0.08295
289	GLN	0.04073
290	GLU	0.06078
291	LEU	0.02082
292	ILE	0.00630
293	ARG	0.00284
294	GLN	0.01374
295	GLY	0.10026
296	THR	0.03271
297	ASP	0.07369
298	TYR	0.02252
299	LYS	0.00294
300	HIS	0.01211
301	TRP	0.00427
302	PRO	0.03383
303	GLN	0.04757
304	ILE	0.01045
305	ALA	0.03091
306	GLN	0.04705
307	PHE	0.01713
308	ALA	0.02445
309	PRO	0.01218
310	SER	0.06181
311	ALA	0.11823
312	SER	0.02211
313	ALA	0.01049
314	PHE	0.00605
315	PHE	0.04422
316	GLY	0.05438
317	MET	0.03364
318	SER	0.00410
319	ARG	0.01084
320	ILE	0.13488
321	GLY	0.05509
322	MET	0.14595
323	GLU	0.00950
324	VAL	0.03849
325	THR	0.01606
326	PRO	0.06010
327	SER	0.05503
328	GLY	0.18290
329	THR	0.05429
330	TRP	0.07133
331	LEU	0.01611
332	THR	0.00415
333	TYR	0.00228
334	THR	0.00198
335	GLY	0.08568
336	ALA	0.01781
337	ILE	0.09137
338	LYS	0.13515
339	LEU	0.07780
340	ASP	0.26344
341	ASP	0.04304
342	LYS	0.09471
343	ASP	0.11467
344	PRO	0.15661
345	ASN	0.06833
346	PHE	0.10401
347	LYS	0.20477
348	ASP	0.27925
349	GLN	0.17968
350	VAL	0.21786
351	ILE	0.15590
352	LEU	0.04020
353	LEU	0.07293
354	ASN	0.01325
355	LYS	0.09953
356	HIS	0.02608
357	ILE	0.04934
358	ASP	0.00303
359	ALA	0.00805
360	TYR	0.06954
361	LYS	0.03409
362	THR	0.03748
363	PHE	0.00897
364	PRO	0.01395
365	PRO	0.08405
366	THR	0.00590
367	GLU	0.01576
368	PRO	0.01561
369	LYS	0.01913
370	LYS	0.02444
371	ASP	0.11494
372	LYS	0.02793
373	LYS	0.02279
374	LYS	0.05419
375	LYS	0.01680
376	ALA	0.05394
377	ASP	0.01260
378	GLU	0.04259
379	THR	0.01964
380	GLN	0.00601
381	ALA	0.01338
382	LEU	0.01797
383	PRO	0.01489
384	GLN	0.03331
385	ARG	0.02364
386	GLN	0.02307
387	LYS	0.01557
388	LYS	0.03609
389	GLN	0.02661
390	GLN	0.01482
391	THR	0.05837
392	VAL	0.00635
393	THR	0.02485
394	LEU	0.01020
395	LEU	0.03624
396	PRO	0.00912
397	ALA	0.01975
398	ALA	0.06010
399	ASP	0.03878
400	LEU	0.05970
401	ASP	0.06896
402	ASP	0.06499
403	PHE	0.06144
404	SER	0.07610
405	LYS	0.07372
406	GLN	0.07758
407	LEU	0.10497
408	GLN	0.05043
409	GLN	0.15284
410	SER	0.28959
411	MET	0.05376
412	SER	0.12118
413	SER	0.08851
414	ALA	0.01203
415	ASP	0.03781
416	SER	0.05240
417	THR	0.36035
418	GLN	0.26441
419	ALA	0.10064
