/var/spool/slurmd/job609640/slurm_script: line 17: activate: No such file or directory
/home/rpearson/.conda/envs/model_evaluation/bin/python
PROCESSING: /home/rpearson/research/23ValidationSet/IT/Q96EB6/model_copies/Q96EB6_IT_model3.pdb
Input Data Path : /home/rpearson/research/23ValidationSet/IT/Q96EB6/model_copies/Q96EB6_IT_model3.pdb
Model Quality Score : 0.15648
Resid	Resname	Score
1	MET	0.00600
2	ALA	0.02669
3	ASP	0.01705
4	GLU	0.05062
5	ALA	0.04744
6	ALA	0.03152
7	LEU	0.01003
8	ALA	0.02753
9	LEU	0.05178
10	GLN	0.02864
11	PRO	0.06077
12	GLY	0.17646
13	GLY	0.06941
14	SER	0.11340
15	PRO	0.11878
16	SER	0.09289
17	ALA	0.20815
18	ALA	0.09064
19	GLY	0.16485
20	ALA	0.04916
21	ASP	0.02494
22	ARG	0.01652
23	GLU	0.06841
24	ALA	0.15709
25	ALA	0.06563
26	SER	0.05132
27	SER	0.08105
28	PRO	0.14525
29	ALA	0.09257
30	GLY	0.07050
31	GLU	0.05536
32	PRO	0.04842
33	LEU	0.03897
34	ARG	0.01358
35	LYS	0.03443
36	ARG	0.05141
37	PRO	0.04061
38	ARG	0.03362
39	ARG	0.05978
40	ASP	0.13171
41	GLY	0.04346
42	PRO	0.08970
43	GLY	0.28453
44	LEU	0.03806
45	GLU	0.12674
46	ARG	0.04658
47	SER	0.08211
48	PRO	0.02536
49	GLY	0.07353
50	GLU	0.09671
51	PRO	0.08007
52	GLY	0.17717
53	GLY	0.05260
54	ALA	0.08260
55	ALA	0.01279
56	PRO	0.00680
57	GLU	0.00856
58	ARG	0.02432
59	GLU	0.04397
60	VAL	0.00564
61	PRO	0.03527
62	ALA	0.05325
63	ALA	0.13762
64	ALA	0.10488
65	ARG	0.12676
66	GLY	0.06797
67	CYS	0.04311
68	PRO	0.15019
69	GLY	0.07219
70	ALA	0.18646
71	ALA	0.15374
72	ALA	0.29328
73	ALA	0.10512
74	ALA	0.15161
75	LEU	0.01751
76	TRP	0.01565
77	ARG	0.01524
78	GLU	0.00719
79	ALA	0.01044
80	GLU	0.01529
81	ALA	0.07671
82	GLU	0.01460
83	ALA	0.01757
84	ALA	0.01816
85	ALA	0.02227
86	ALA	0.03542
87	GLY	0.01999
88	GLY	0.01736
89	GLU	0.02286
90	GLN	0.03228
91	GLU	0.03500
92	ALA	0.02551
93	GLN	0.01678
94	ALA	0.11312
95	THR	0.04110
96	ALA	0.05222
97	ALA	0.03468
98	ALA	0.08399
99	GLY	0.13089
100	GLU	0.01395
101	GLY	0.04130
102	ASP	0.03538
103	ASN	0.02093
104	GLY	0.06780
105	PRO	0.02719
106	GLY	0.04506
107	LEU	0.05409
108	GLN	0.01303
109	GLY	0.02192
110	PRO	0.01625
111	SER	0.03982
112	ARG	0.04479
113	GLU	0.06857
114	PRO	0.15121
115	PRO	0.20282
116	LEU	0.05234
117	ALA	0.03636
118	ASP	0.01901
119	ASN	0.16364
120	LEU	0.08747
121	TYR	0.00963
122	ASP	0.02893
123	GLU	0.01115
124	ASP	0.02991
125	ASP	0.02069
126	ASP	0.05038
127	ASP	0.02948
128	GLU	0.07455
129	GLY	0.03374
130	GLU	0.03712
131	GLU	0.03339
132	GLU	0.04401
133	GLU	0.01981
134	GLU	0.01994
135	ALA	0.02106
136	ALA	0.01844
137	ALA	0.00995
138	ALA	0.00604
139	ALA	0.01392
140	ILE	0.00635
141	GLY	0.02641
142	TYR	0.00324
143	ARG	0.00397
144	ASP	0.01776
145	ASN	0.01376
146	LEU	0.00289
147	LEU	0.00093
148	PHE	0.00104
149	GLY	0.01108
150	ASP	0.02495
151	GLU	0.00378
152	ILE	0.00039
153	ILE	0.00227
154	THR	0.00574
155	ASN	0.01373
156	GLY	0.02589
157	PHE	0.00570
158	HIS	0.00767
159	SER	0.00825
160	CYS	0.00990
161	GLU	0.02084
162	SER	0.05312
163	ASP	0.05342
164	GLU	0.08936
165	GLU	0.04219
166	ASP	0.01522
167	ARG	0.02755
168	ALA	0.12804
169	SER	0.06732
170	HIS	0.02764
171	ALA	0.10715
172	SER	0.04800
173	SER	0.04781
174	SER	0.07708
175	ASP	0.10377
176	TRP	0.10358
177	THR	0.04326
178	PRO	0.02569
179	ARG	0.00321
180	PRO	0.02471
181	ARG	0.00745
182	ILE	0.00603
183	GLY	0.01755
184	PRO	0.01275
185	TYR	0.01354
186	THR	0.00677
187	PHE	0.05615
188	VAL	0.00811
189	GLN	0.01561
190	GLN	0.00902
191	HIS	0.00681
192	LEU	0.00087
193	MET	0.01004
194	ILE	0.00170
195	GLY	0.01434
196	THR	0.01233
197	ASP	0.02219
198	PRO	0.01775
199	ARG	0.01159
200	THR	0.02089
201	ILE	0.00570
202	LEU	0.00467
203	LYS	0.00600
204	ASP	0.02801
205	LEU	0.01459
206	LEU	0.00797
207	PRO	0.01682
208	GLU	0.03512
209	THR	0.02856
210	ILE	0.04926
211	PRO	0.03126
212	PRO	0.01958
213	PRO	0.08802
214	GLU	0.02795
215	LEU	0.02065
216	ASP	0.10377
217	ASP	0.02080
218	MET	0.02525
219	THR	0.06327
220	LEU	0.01615
221	TRP	0.01789
222	GLN	0.03657
223	ILE	0.01166
224	VAL	0.01807
225	ILE	0.01635
226	ASN	0.02501
227	ILE	0.00916
228	LEU	0.04502
229	SER	0.04827
230	GLU	0.03376
231	PRO	0.02592
232	PRO	0.09770
233	LYS	0.02897
234	ARG	0.09289
235	LYS	0.04358
236	LYS	0.01178
237	ARG	0.05658
238	LYS	0.02491
239	ASP	0.04659
240	ILE	0.02077
241	ASN	0.16713
242	THR	0.19683
243	ILE	0.81217
244	GLU	0.69778
245	ASP	0.49530
246	ALA	0.58561
247	VAL	0.51175
248	LYS	0.74404
249	LEU	0.50831
250	LEU	0.63520
251	GLN	0.20486
252	GLU	0.18830
253	CYS	0.06445
254	LYS	0.09689
255	LYS	0.45810
256	ILE	0.37335
257	ILE	0.84732
258	VAL	0.77756
259	LEU	0.77681
260	THR	0.89564
261	GLY	0.77718
262	ALA	0.84459
263	GLY	0.58001
264	VAL	0.73901
265	SER	0.92594
266	VAL	0.43193
267	SER	0.67358
268	CYS	0.42989
269	GLY	0.70083
270	ILE	0.15134
271	PRO	0.36259
272	ASP	0.23077
273	PHE	0.08055
274	ARG	0.03028
275	SER	0.05897
276	ARG	0.04196
277	ASP	0.10609
278	GLY	0.09824
279	ILE	0.04645
280	TYR	0.05080
281	ALA	0.25841
282	ARG	0.11612
283	LEU	0.05509
284	ALA	0.09842
285	VAL	0.13747
286	ASP	0.02949
287	PHE	0.05704
288	PRO	0.05874
289	ASP	0.12070
290	LEU	0.09628
291	PRO	0.37704
292	ASP	0.25045
293	PRO	0.32622
294	GLN	0.40197
295	ALA	0.19001
296	MET	0.06522
297	PHE	0.43757
298	ASP	0.87876
299	ILE	0.47882
300	GLU	0.29051
301	TYR	0.35146
302	PHE	0.09805
303	ARG	0.56100
304	LYS	0.35579
305	ASP	0.48748
306	PRO	0.10209
307	ARG	0.10390
308	PRO	0.18622
309	PHE	0.17332
310	PHE	0.21433
311	LYS	0.28015
312	PHE	0.05013
313	ALA	0.13488
314	LYS	0.17486
315	GLU	0.15660
316	ILE	0.10988
317	TYR	0.24995
318	PRO	0.55851
319	GLY	0.46429
320	GLN	0.06533
321	PHE	0.03315
322	GLN	0.08046
323	PRO	0.12787
324	SER	0.23924
325	LEU	0.39337
326	CYS	0.50006
327	HIS	0.57820
328	LYS	0.13431
329	PHE	0.21845
330	ILE	0.15442
331	ALA	0.05389
332	LEU	0.07500
333	SER	0.07855
334	ASP	0.09705
335	LYS	0.03313
336	GLU	0.02952
337	GLY	0.06191
338	LYS	0.01318
339	LEU	0.04661
340	LEU	0.32455
341	ARG	0.07859
342	ASN	0.18160
343	TYR	0.56423
344	THR	0.67119
345	GLN	0.76800
346	ASN	0.63320
347	ILE	0.18812
348	ASP	0.47086
349	THR	0.86511
350	LEU	0.13276
351	GLU	0.18962
352	GLN	0.42705
353	VAL	0.15806
354	ALA	0.00808
355	GLY	0.06682
356	ILE	0.01693
357	GLN	0.04206
358	ARG	0.06483
359	ILE	0.33932
360	ILE	0.22005
361	GLN	0.23973
362	CYS	0.62181
363	HIS	0.51415
364	GLY	0.82477
365	SER	0.77253
366	PHE	0.27833
367	ALA	0.20824
368	THR	0.77435
369	ALA	0.41536
370	SER	0.80247
371	CYS	0.33442
372	LEU	0.31920
373	ILE	0.03445
374	CYS	0.22239
375	LYS	0.19116
376	TYR	0.17154
377	LYS	0.71134
378	VAL	0.35035
379	ASP	0.28045
380	CYS	0.31347
381	GLU	0.22187
382	ALA	0.23162
383	VAL	0.42735
384	ARG	0.15204
385	GLY	0.07022
386	ASP	0.14215
387	ILE	0.15615
388	PHE	0.35279
389	ASN	0.04355
390	GLN	0.03281
391	VAL	0.07230
392	VAL	0.11969
393	PRO	0.10842
394	ARG	0.28149
395	CYS	0.08799
396	PRO	0.29895
397	ARG	0.11300
398	CYS	0.05208
399	PRO	0.11367
400	ALA	0.11879
401	ASP	0.12895
402	GLU	0.07195
403	PRO	0.14193
404	LEU	0.10922
405	ALA	0.14874
406	ILE	0.27031
407	MET	0.78836
408	LYS	0.32681
409	PRO	0.77917
410	GLU	0.94339
411	ILE	0.90882
412	VAL	0.90870
413	PHE	0.82245
414	PHE	0.55141
415	GLY	0.30378
416	GLU	0.09362
417	ASN	0.65308
418	LEU	0.30338
419	PRO	0.53721
420	GLU	0.88629
421	GLN	0.41803
422	PHE	0.14594
423	HIS	0.28452
424	ARG	0.25278
425	ALA	0.38739
426	MET	0.13558
427	LYS	0.61691
428	TYR	0.30009
429	ASP	0.42504
430	LYS	0.23439
431	ASP	0.33796
432	GLU	0.35071
433	VAL	0.36880
434	ASP	0.39835
435	LEU	0.81974
436	LEU	0.85363
437	ILE	0.84285
438	VAL	0.93562
439	ILE	0.93640
440	GLY	0.88142
441	SER	0.70867
442	SER	0.91437
443	LEU	0.48025
444	LYS	0.42523
445	VAL	0.51401
446	ARG	0.10678
447	PRO	0.35814
448	VAL	0.57543
449	ALA	0.46258
450	LEU	0.16406
451	ILE	0.20165
452	PRO	0.18165
453	SER	0.44264
454	SER	0.25878
455	ILE	0.15495
456	PRO	0.09118
457	HIS	0.12119
458	GLU	0.09124
459	VAL	0.34242
460	PRO	0.88726
461	GLN	0.96047
462	ILE	0.92702
463	LEU	0.90558
464	ILE	0.96171
465	ASN	0.50411
466	ARG	0.84359
467	GLU	0.88081
468	PRO	0.27030
469	LEU	0.40600
470	PRO	0.22873
471	HIS	0.26307
472	LEU	0.06014
473	HIS	0.02340
474	PHE	0.15074
475	ASP	0.43439
476	VAL	0.12606
477	GLU	0.55607
478	LEU	0.81461
479	LEU	0.56635
480	GLY	0.73811
481	ASP	0.93759
482	CYS	0.98620
483	ASP	0.80367
484	VAL	0.94854
485	ILE	0.77566
486	ILE	0.84745
487	ASN	0.75583
488	GLU	0.59883
489	LEU	0.78661
490	CYS	0.53111
491	HIS	0.46460
492	ARG	0.20811
493	LEU	0.30722
494	GLY	0.41696
495	GLY	0.08758
496	GLU	0.10185
497	TYR	0.15178
498	ALA	0.07231
499	LYS	0.21966
500	LEU	0.07703
501	CYS	0.09772
502	CYS	0.08988
503	ASN	0.04838
504	PRO	0.01296
505	VAL	0.15567
506	LYS	0.05378
507	LEU	0.09860
508	SER	0.19409
509	GLU	0.19211
510	ILE	0.03357
511	THR	0.10925
512	GLU	0.07760
513	LYS	0.03900
514	PRO	0.05255
515	PRO	0.02314
516	ARG	0.04115
517	THR	0.01358
518	GLN	0.01114
519	LYS	0.01623
520	GLU	0.00979
521	LEU	0.10519
522	ALA	0.03890
523	TYR	0.00529
524	LEU	0.00552
525	SER	0.02696
526	GLU	0.03094
527	LEU	0.03314
528	PRO	0.40559
529	PRO	0.36589
530	THR	0.13653
531	PRO	0.09488
532	LEU	0.11321
533	HIS	0.03170
534	VAL	0.01467
535	SER	0.00644
536	GLU	0.01775
537	ASP	0.02261
538	SER	0.02437
539	SER	0.01851
540	SER	0.06902
541	PRO	0.01222
542	GLU	0.01875
543	ARG	0.00377
544	THR	0.04943
545	SER	0.03931
546	PRO	0.09332
547	PRO	0.05968
548	ASP	0.09885
549	SER	0.04130
550	SER	0.01883
551	VAL	0.01203
552	ILE	0.02023
553	VAL	0.03868
554	THR	0.00972
555	LEU	0.01394
556	LEU	0.02396
557	ASP	0.02237
558	GLN	0.00974
559	ALA	0.06834
560	ALA	0.04744
561	LYS	0.05726
562	SER	0.03219
563	ASN	0.05144
564	ASP	0.09031
565	ASP	0.13967
566	LEU	0.04239
567	ASP	0.05211
568	VAL	0.03034
569	SER	0.03571
570	GLU	0.02508
571	SER	0.02101
572	LYS	0.01059
573	GLY	0.03461
574	CYS	0.03154
575	MET	0.00871
576	GLU	0.07432
577	GLU	0.11213
578	LYS	0.02490
579	PRO	0.17658
580	GLN	0.03654
581	GLU	0.02783
582	VAL	0.04779
583	GLN	0.07798
584	THR	0.05896
585	SER	0.03974
586	ARG	0.01766
587	ASN	0.01951
588	VAL	0.00943
589	GLU	0.02997
590	SER	0.02605
591	ILE	0.01809
592	ALA	0.03552
593	GLU	0.01604
594	GLN	0.01690
595	MET	0.02542
596	GLU	0.07506
597	ASN	0.01796
598	PRO	0.11245
599	ASP	0.01133
600	LEU	0.14071
601	LYS	0.02839
602	ASN	0.02084
603	VAL	0.02128
604	GLY	0.01628
605	SER	0.04321
606	SER	0.00847
607	THR	0.02112
608	GLY	0.04547
609	GLU	0.02783
610	LYS	0.03405
611	ASN	0.02870
612	GLU	0.00976
613	ARG	0.01366
614	THR	0.02817
615	SER	0.06152
616	VAL	0.01393
617	ALA	0.03382
618	GLY	0.03847
619	THR	0.03979
620	VAL	0.04614
621	ARG	0.02798
622	LYS	0.02852
623	CYS	0.04897
624	TRP	0.01107
625	PRO	0.02480
626	ASN	0.04146
627	ARG	0.06270
628	VAL	0.03654
629	ALA	0.04110
630	LYS	0.06036
631	GLU	0.07476
632	GLN	0.05446
633	ILE	0.03204
634	SER	0.04515
635	ARG	0.05337
636	ARG	0.01956
637	LEU	0.02866
638	ASP	0.03839
639	GLY	0.03377
640	ASN	0.04405
641	GLN	0.01289
642	TYR	0.02259
643	LEU	0.00305
644	PHE	0.00931
645	LEU	0.00957
646	PRO	0.02487
647	PRO	0.01007
648	ASN	0.02474
649	ARG	0.00430
650	TYR	0.01824
651	ILE	0.00194
652	PHE	0.00499
653	HIS	0.02183
654	GLY	0.04587
655	ALA	0.00800
656	GLU	0.00728
657	VAL	0.00742
658	TYR	0.00089
659	SER	0.01741
660	ASP	0.01784
661	SER	0.00907
662	GLU	0.00971
663	ASP	0.03371
664	ASP	0.03751
665	VAL	0.02002
666	LEU	0.02817
667	SER	0.02016
668	SER	0.13390
669	SER	0.02994
670	SER	0.10785
671	CYS	0.04011
672	GLY	0.09872
673	SER	0.05559
674	ASN	0.10214
675	SER	0.10111
676	ASP	0.15576
677	SER	0.16218
678	GLY	0.08312
679	THR	0.02410
680	CYS	0.05119
681	GLN	0.03569
682	SER	0.03309
683	PRO	0.06102
684	SER	0.05044
685	LEU	0.03280
686	GLU	0.01592
687	GLU	0.01910
688	PRO	0.02332
689	MET	0.02240
690	GLU	0.00986
691	ASP	0.01723
692	GLU	0.02441
693	SER	0.00663
694	GLU	0.01144
695	ILE	0.00096
696	GLU	0.00382
697	GLU	0.00583
698	PHE	0.00528
699	TYR	0.01395
700	ASN	0.01624
701	GLY	0.00789
702	LEU	0.00563
703	GLU	0.00337
704	ASP	0.00480
705	GLU	0.01050
706	PRO	0.05348
707	ASP	0.01927
708	VAL	0.00228
709	PRO	0.00822
710	GLU	0.00844
711	ARG	0.00219
712	ALA	0.00592
713	GLY	0.03428
714	GLY	0.03662
715	ALA	0.03647
716	GLY	0.04551
717	PHE	0.02188
718	GLY	0.02310
719	THR	0.01834
720	ASP	0.00701
721	GLY	0.00236
722	ASP	0.00164
723	ASP	0.02051
724	GLN	0.00922
725	GLU	0.01824
726	ALA	0.01597
727	ILE	0.00479
728	ASN	0.02005
729	GLU	0.01956
730	ALA	0.02033
731	ILE	0.00332
732	SER	0.02507
733	VAL	0.01015
734	LYS	0.04427
735	GLN	0.00673
736	GLU	0.00223
737	VAL	0.00308
738	THR	0.01338
739	ASP	0.00510
740	MET	0.02274
741	ASN	0.03570
742	TYR	0.04036
743	PRO	0.07740
744	SER	0.07773
745	ASN	0.02272
746	LYS	0.02218
747	SER	0.00590
