/var/spool/slurmd/job609639/slurm_script: line 17: activate: No such file or directory
/home/rpearson/.conda/envs/model_evaluation/bin/python
PROCESSING: /home/rpearson/research/23ValidationSet/IT/Q96EB6/model_copies/Q96EB6_IT_model2.pdb
Input Data Path : /home/rpearson/research/23ValidationSet/IT/Q96EB6/model_copies/Q96EB6_IT_model2.pdb
Model Quality Score : 0.16522
Resid	Resname	Score
1	MET	0.03673
2	ALA	0.02893
3	ASP	0.04642
4	GLU	0.03163
5	ALA	0.02176
6	ALA	0.05076
7	LEU	0.04865
8	ALA	0.03971
9	LEU	0.06186
10	GLN	0.01807
11	PRO	0.06977
12	GLY	0.08690
13	GLY	0.13958
14	SER	0.10019
15	PRO	0.07975
16	SER	0.17438
17	ALA	0.16941
18	ALA	0.02282
19	GLY	0.12235
20	ALA	0.08970
21	ASP	0.09474
22	ARG	0.05098
23	GLU	0.05088
24	ALA	0.11808
25	ALA	0.06422
26	SER	0.05893
27	SER	0.02795
28	PRO	0.11309
29	ALA	0.03429
30	GLY	0.07251
31	GLU	0.03522
32	PRO	0.01914
33	LEU	0.00444
34	ARG	0.02765
35	LYS	0.03825
36	ARG	0.02866
37	PRO	0.01212
38	ARG	0.02785
39	ARG	0.01466
40	ASP	0.05111
41	GLY	0.05706
42	PRO	0.05284
43	GLY	0.03828
44	LEU	0.01248
45	GLU	0.00550
46	ARG	0.02087
47	SER	0.10609
48	PRO	0.02259
49	GLY	0.13618
50	GLU	0.07654
51	PRO	0.09959
52	GLY	0.13433
53	GLY	0.13290
54	ALA	0.15625
55	ALA	0.15720
56	PRO	0.01642
57	GLU	0.01887
58	ARG	0.02637
59	GLU	0.00303
60	VAL	0.01146
61	PRO	0.03394
62	ALA	0.01976
63	ALA	0.02103
64	ALA	0.01760
65	ARG	0.01581
66	GLY	0.03415
67	CYS	0.03154
68	PRO	0.05340
69	GLY	0.07039
70	ALA	0.06743
71	ALA	0.02097
72	ALA	0.02192
73	ALA	0.00931
74	ALA	0.00923
75	LEU	0.00167
76	TRP	0.00353
77	ARG	0.00132
78	GLU	0.01342
79	ALA	0.05441
80	GLU	0.01612
81	ALA	0.01717
82	GLU	0.01984
83	ALA	0.02419
84	ALA	0.02238
85	ALA	0.01341
86	ALA	0.00437
87	GLY	0.00876
88	GLY	0.01714
89	GLU	0.01253
90	GLN	0.01604
91	GLU	0.07711
92	ALA	0.03541
93	GLN	0.02322
94	ALA	0.02399
95	THR	0.01609
96	ALA	0.02356
97	ALA	0.02962
98	ALA	0.02273
99	GLY	0.03777
100	GLU	0.02644
101	GLY	0.13112
102	ASP	0.05283
103	ASN	0.05496
104	GLY	0.05858
105	PRO	0.08722
106	GLY	0.01533
107	LEU	0.03634
108	GLN	0.01818
109	GLY	0.02723
110	PRO	0.04665
111	SER	0.01646
112	ARG	0.00913
113	GLU	0.00727
114	PRO	0.02758
115	PRO	0.00965
116	LEU	0.01756
117	ALA	0.04071
118	ASP	0.02964
119	ASN	0.01777
120	LEU	0.00705
121	TYR	0.00794
122	ASP	0.01826
123	GLU	0.03614
124	ASP	0.00689
125	ASP	0.00862
126	ASP	0.02985
127	ASP	0.02263
128	GLU	0.01736
129	GLY	0.02804
130	GLU	0.06046
131	GLU	0.01378
132	GLU	0.01041
133	GLU	0.01157
134	GLU	0.02538
135	ALA	0.01033
136	ALA	0.00809
137	ALA	0.01697
138	ALA	0.00434
139	ALA	0.01405
140	ILE	0.00197
141	GLY	0.00502
142	TYR	0.00139
143	ARG	0.01980
144	ASP	0.00608
145	ASN	0.00728
146	LEU	0.00410
147	LEU	0.01040
148	PHE	0.00314
149	GLY	0.00706
150	ASP	0.00090
151	GLU	0.00424
152	ILE	0.01269
153	ILE	0.01316
154	THR	0.00562
155	ASN	0.02324
156	GLY	0.13370
157	PHE	0.04605
158	HIS	0.12395
159	SER	0.03357
160	CYS	0.04205
161	GLU	0.05326
162	SER	0.02953
163	ASP	0.03089
164	GLU	0.06421
165	GLU	0.03994
166	ASP	0.10378
167	ARG	0.06593
168	ALA	0.05946
169	SER	0.03205
170	HIS	0.05529
171	ALA	0.02364
172	SER	0.03193
173	SER	0.04289
174	SER	0.03378
175	ASP	0.05547
176	TRP	0.01138
177	THR	0.05940
178	PRO	0.05292
179	ARG	0.01419
180	PRO	0.02650
181	ARG	0.00287
182	ILE	0.00599
183	GLY	0.02090
184	PRO	0.00366
185	TYR	0.00461
186	THR	0.00430
187	PHE	0.00521
188	VAL	0.03775
189	GLN	0.01526
190	GLN	0.01123
191	HIS	0.01870
192	LEU	0.01303
193	MET	0.00431
194	ILE	0.03383
195	GLY	0.03906
196	THR	0.01162
197	ASP	0.01212
198	PRO	0.03081
199	ARG	0.01172
200	THR	0.02169
201	ILE	0.00437
202	LEU	0.01370
203	LYS	0.01655
204	ASP	0.02162
205	LEU	0.05174
206	LEU	0.02407
207	PRO	0.08986
208	GLU	0.03612
209	THR	0.03097
210	ILE	0.01494
211	PRO	0.06933
212	PRO	0.07713
213	PRO	0.12351
214	GLU	0.02324
215	LEU	0.01168
216	ASP	0.04563
217	ASP	0.03406
218	MET	0.04688
219	THR	0.04170
220	LEU	0.03137
221	TRP	0.01777
222	GLN	0.01659
223	ILE	0.03047
224	VAL	0.01294
225	ILE	0.04956
226	ASN	0.07670
227	ILE	0.01005
228	LEU	0.01837
229	SER	0.02401
230	GLU	0.04211
231	PRO	0.05370
232	PRO	0.08475
233	LYS	0.50172
234	ARG	0.02115
235	LYS	0.04066
236	LYS	0.04249
237	ARG	0.00806
238	LYS	0.06837
239	ASP	0.13089
240	ILE	0.28804
241	ASN	0.49678
242	THR	0.91953
243	ILE	0.87828
244	GLU	0.88177
245	ASP	0.89571
246	ALA	0.82878
247	VAL	0.84277
248	LYS	0.76895
249	LEU	0.58020
250	LEU	0.85256
251	GLN	0.74620
252	GLU	0.37746
253	CYS	0.30012
254	LYS	0.70693
255	LYS	0.91778
256	ILE	0.91422
257	ILE	0.84577
258	VAL	0.97993
259	LEU	0.91174
260	THR	0.68335
261	GLY	0.74652
262	ALA	0.35110
263	GLY	0.79205
264	VAL	0.72424
265	SER	0.71235
266	VAL	0.24545
267	SER	0.21906
268	CYS	0.06488
269	GLY	0.06095
270	ILE	0.01946
271	PRO	0.04984
272	ASP	0.14662
273	PHE	0.28283
274	ARG	0.20293
275	SER	0.28116
276	ARG	0.22989
277	ASP	0.13526
278	GLY	0.33331
279	ILE	0.13250
280	TYR	0.15278
281	ALA	0.52910
282	ARG	0.31672
283	LEU	0.19373
284	ALA	0.38402
285	VAL	0.16812
286	ASP	0.19481
287	PHE	0.62225
288	PRO	0.63415
289	ASP	0.32991
290	LEU	0.55971
291	PRO	0.49498
292	ASP	0.42275
293	PRO	0.38509
294	GLN	0.19022
295	ALA	0.08976
296	MET	0.12474
297	PHE	0.27010
298	ASP	0.12804
299	ILE	0.27504
300	GLU	0.49397
301	TYR	0.14955
302	PHE	0.07984
303	ARG	0.44203
304	LYS	0.58457
305	ASP	0.30915
306	PRO	0.60647
307	ARG	0.44610
308	PRO	0.57427
309	PHE	0.18934
310	PHE	0.55970
311	LYS	0.72482
312	PHE	0.32084
313	ALA	0.39705
314	LYS	0.51471
315	GLU	0.37811
316	ILE	0.19856
317	TYR	0.08706
318	PRO	0.01600
319	GLY	0.05510
320	GLN	0.15891
321	PHE	0.01783
322	GLN	0.09819
323	PRO	0.51196
324	SER	0.17551
325	LEU	0.59861
326	CYS	0.95626
327	HIS	0.78663
328	LYS	0.82789
329	PHE	0.58216
330	ILE	0.77297
331	ALA	0.91214
332	LEU	0.33015
333	SER	0.42985
334	ASP	0.55362
335	LYS	0.27823
336	GLU	0.24957
337	GLY	0.60610
338	LYS	0.73274
339	LEU	0.79108
340	LEU	0.82841
341	ARG	0.37763
342	ASN	0.63274
343	TYR	0.23081
344	THR	0.71043
345	GLN	0.13798
346	ASN	0.08834
347	ILE	0.20238
348	ASP	0.08509
349	THR	0.38134
350	LEU	0.55026
351	GLU	0.35230
352	GLN	0.32932
353	VAL	0.07312
354	ALA	0.20832
355	GLY	0.22139
356	ILE	0.06605
357	GLN	0.05733
358	ARG	0.44228
359	ILE	0.15803
360	ILE	0.25772
361	GLN	0.38207
362	CYS	0.57794
363	HIS	0.44414
364	GLY	0.14213
365	SER	0.06993
366	PHE	0.16594
367	ALA	0.59842
368	THR	0.28889
369	ALA	0.48628
370	SER	0.28893
371	CYS	0.28601
372	LEU	0.04113
373	ILE	0.05613
374	CYS	0.04015
375	LYS	0.07425
376	TYR	0.05521
377	LYS	0.66433
378	VAL	0.38392
379	ASP	0.91411
380	CYS	0.75062
381	GLU	0.42426
382	ALA	0.43441
383	VAL	0.70370
384	ARG	0.10060
385	GLY	0.63634
386	ASP	0.39147
387	ILE	0.14898
388	PHE	0.22991
389	ASN	0.34302
390	GLN	0.14528
391	VAL	0.08904
392	VAL	0.05503
393	PRO	0.11693
394	ARG	0.05091
395	CYS	0.03242
396	PRO	0.16304
397	ARG	0.05941
398	CYS	0.01957
399	PRO	0.06838
400	ALA	0.06764
401	ASP	0.01544
402	GLU	0.00632
403	PRO	0.00802
404	LEU	0.02419
405	ALA	0.01887
406	ILE	0.01532
407	MET	0.07732
408	LYS	0.11767
409	PRO	0.00633
410	GLU	0.24283
411	ILE	0.03453
412	VAL	0.41157
413	PHE	0.18205
414	PHE	0.11120
415	GLY	0.15261
416	GLU	0.01385
417	ASN	0.04273
418	LEU	0.03226
419	PRO	0.37957
420	GLU	0.48514
421	GLN	0.12054
422	PHE	0.35398
423	HIS	0.10283
424	ARG	0.16241
425	ALA	0.35401
426	MET	0.43364
427	LYS	0.16477
428	TYR	0.47861
429	ASP	0.81230
430	LYS	0.65125
431	ASP	0.34803
432	GLU	0.57027
433	VAL	0.78335
434	ASP	0.79447
435	LEU	0.88084
436	LEU	0.96076
437	ILE	0.97881
438	VAL	0.94029
439	ILE	0.96425
440	GLY	0.79779
441	SER	0.42327
442	SER	0.69987
443	LEU	0.38788
444	LYS	0.46963
445	VAL	0.21171
446	ARG	0.44821
447	PRO	0.31530
448	VAL	0.34901
449	ALA	0.33685
450	LEU	0.40763
451	ILE	0.47963
452	PRO	0.55377
453	SER	0.39361
454	SER	0.80465
455	ILE	0.59020
456	PRO	0.42419
457	HIS	0.06607
458	GLU	0.02756
459	VAL	0.09849
460	PRO	0.62768
461	GLN	0.82138
462	ILE	0.87134
463	LEU	0.94663
464	ILE	0.93786
465	ASN	0.56181
466	ARG	0.52723
467	GLU	0.69823
468	PRO	0.62977
469	LEU	0.40499
470	PRO	0.42722
471	HIS	0.45320
472	LEU	0.27857
473	HIS	0.20732
474	PHE	0.32136
475	ASP	0.13883
476	VAL	0.32443
477	GLU	0.71476
478	LEU	0.49945
479	LEU	0.33360
480	GLY	0.36909
481	ASP	0.80130
482	CYS	0.55239
483	ASP	0.60872
484	VAL	0.62127
485	ILE	0.85345
486	ILE	0.81060
487	ASN	0.88714
488	GLU	0.90810
489	LEU	0.72754
490	CYS	0.61491
491	HIS	0.91370
492	ARG	0.57626
493	LEU	0.81859
494	GLY	0.51716
495	GLY	0.38157
496	GLU	0.10676
497	TYR	0.10322
498	ALA	0.19110
499	LYS	0.28219
500	LEU	0.08559
501	CYS	0.11216
502	CYS	0.01802
503	ASN	0.02989
504	PRO	0.05275
505	VAL	0.01491
506	LYS	0.00734
507	LEU	0.02215
508	SER	0.01962
509	GLU	0.01079
510	ILE	0.02966
511	THR	0.10158
512	GLU	0.06883
513	LYS	0.04154
514	PRO	0.01214
515	PRO	0.01289
516	ARG	0.01134
517	THR	0.00552
518	GLN	0.03971
519	LYS	0.00160
520	GLU	0.00754
521	LEU	0.00604
522	ALA	0.02822
523	TYR	0.00605
524	LEU	0.00776
525	SER	0.03503
526	GLU	0.02071
527	LEU	0.06220
528	PRO	0.01969
529	PRO	0.06561
530	THR	0.02517
531	PRO	0.01420
532	LEU	0.00879
533	HIS	0.00187
534	VAL	0.01727
535	SER	0.02166
536	GLU	0.04819
537	ASP	0.05291
538	SER	0.11043
539	SER	0.03769
540	SER	0.02830
541	PRO	0.01525
542	GLU	0.03104
543	ARG	0.03255
544	THR	0.03009
545	SER	0.00791
546	PRO	0.03253
547	PRO	0.03515
548	ASP	0.02313
549	SER	0.01575
550	SER	0.01580
551	VAL	0.02032
552	ILE	0.00390
553	VAL	0.00857
554	THR	0.00470
555	LEU	0.00354
556	LEU	0.00191
557	ASP	0.02821
558	GLN	0.00932
559	ALA	0.00356
560	ALA	0.00610
561	LYS	0.00395
562	SER	0.00620
563	ASN	0.02723
564	ASP	0.02578
565	ASP	0.01499
566	LEU	0.00896
567	ASP	0.01457
568	VAL	0.01231
569	SER	0.03865
570	GLU	0.01877
571	SER	0.05002
572	LYS	0.01121
573	GLY	0.01953
574	CYS	0.00985
575	MET	0.02015
576	GLU	0.02480
577	GLU	0.00787
578	LYS	0.00349
579	PRO	0.01020
580	GLN	0.00565
581	GLU	0.03867
582	VAL	0.04867
583	GLN	0.04786
584	THR	0.02372
585	SER	0.02092
586	ARG	0.07606
587	ASN	0.03325
588	VAL	0.08464
589	GLU	0.05939
590	SER	0.03659
591	ILE	0.02200
592	ALA	0.03866
593	GLU	0.02433
594	GLN	0.05682
595	MET	0.03663
596	GLU	0.03333
597	ASN	0.00994
598	PRO	0.04718
599	ASP	0.26517
600	LEU	0.10026
601	LYS	0.02601
602	ASN	0.07300
603	VAL	0.02161
604	GLY	0.08242
605	SER	0.02310
606	SER	0.04161
607	THR	0.03577
608	GLY	0.05605
609	GLU	0.05689
610	LYS	0.09480
611	ASN	0.04716
612	GLU	0.06651
613	ARG	0.04298
614	THR	0.08151
615	SER	0.02986
616	VAL	0.02915
617	ALA	0.03978
618	GLY	0.08124
619	THR	0.01674
620	VAL	0.04557
621	ARG	0.01393
622	LYS	0.01151
623	CYS	0.02372
624	TRP	0.01560
625	PRO	0.07825
626	ASN	0.00884
627	ARG	0.03302
628	VAL	0.02524
629	ALA	0.00943
630	LYS	0.01660
631	GLU	0.06653
632	GLN	0.06953
633	ILE	0.04704
634	SER	0.05076
635	ARG	0.00955
636	ARG	0.00764
637	LEU	0.04172
638	ASP	0.02326
639	GLY	0.11193
640	ASN	0.07180
641	GLN	0.02097
642	TYR	0.02535
643	LEU	0.06388
644	PHE	0.01743
645	LEU	0.00709
646	PRO	0.02244
647	PRO	0.02298
648	ASN	0.00193
649	ARG	0.00719
650	TYR	0.00905
651	ILE	0.01331
652	PHE	0.00624
653	HIS	0.02303
654	GLY	0.03432
655	ALA	0.06311
656	GLU	0.00758
657	VAL	0.00879
658	TYR	0.00918
659	SER	0.00637
660	ASP	0.00115
661	SER	0.00268
662	GLU	0.00973
663	ASP	0.00944
664	ASP	0.00962
665	VAL	0.07253
666	LEU	0.00230
667	SER	0.01839
668	SER	0.00638
669	SER	0.02425
670	SER	0.01493
671	CYS	0.01377
672	GLY	0.02279
673	SER	0.02126
674	ASN	0.03327
675	SER	0.06188
676	ASP	0.09917
677	SER	0.05666
678	GLY	0.06833
679	THR	0.01193
680	CYS	0.01132
681	GLN	0.00973
682	SER	0.02158
683	PRO	0.01235
684	SER	0.01981
685	LEU	0.00589
686	GLU	0.01200
687	GLU	0.00824
688	PRO	0.03618
689	MET	0.00749
690	GLU	0.01329
691	ASP	0.02234
692	GLU	0.03168
693	SER	0.05567
694	GLU	0.00495
695	ILE	0.01096
696	GLU	0.04833
697	GLU	0.00734
698	PHE	0.01030
699	TYR	0.00237
700	ASN	0.02397
701	GLY	0.02947
702	LEU	0.02151
703	GLU	0.02875
704	ASP	0.01181
705	GLU	0.01611
706	PRO	0.04141
707	ASP	0.01103
708	VAL	0.02737
709	PRO	0.01996
710	GLU	0.01234
711	ARG	0.01432
712	ALA	0.02077
713	GLY	0.02138
714	GLY	0.01849
715	ALA	0.01957
716	GLY	0.00748
717	PHE	0.00501
718	GLY	0.01626
719	THR	0.02339
720	ASP	0.01379
721	GLY	0.02504
722	ASP	0.02475
723	ASP	0.03210
724	GLN	0.00892
725	GLU	0.02271
726	ALA	0.00866
727	ILE	0.01677
728	ASN	0.00831
729	GLU	0.00629
730	ALA	0.00594
731	ILE	0.00806
732	SER	0.03325
733	VAL	0.01765
734	LYS	0.04335
735	GLN	0.03525
736	GLU	0.03044
737	VAL	0.03092
738	THR	0.01471
739	ASP	0.04268
740	MET	0.04718
741	ASN	0.03193
742	TYR	0.03023
743	PRO	0.23555
744	SER	0.01240
745	ASN	0.01443
746	LYS	0.01993
747	SER	0.04829
