/var/spool/slurmd/job609641/slurm_script: line 17: activate: No such file or directory
/home/rpearson/.conda/envs/model_evaluation/bin/python
PROCESSING: /home/rpearson/research/23ValidationSet/IT/Q96EB6/model_copies/Q96EB6_IT_model4.pdb
Input Data Path : /home/rpearson/research/23ValidationSet/IT/Q96EB6/model_copies/Q96EB6_IT_model4.pdb
Model Quality Score : 0.13972
Resid	Resname	Score
1	MET	0.00950
2	ALA	0.04205
3	ASP	0.03598
4	GLU	0.02304
5	ALA	0.08012
6	ALA	0.03765
7	LEU	0.01563
8	ALA	0.05033
9	LEU	0.01953
10	GLN	0.03731
11	PRO	0.05201
12	GLY	0.04199
13	GLY	0.14951
14	SER	0.14289
15	PRO	0.08902
16	SER	0.09308
17	ALA	0.09913
18	ALA	0.11846
19	GLY	0.08549
20	ALA	0.07736
21	ASP	0.19607
22	ARG	0.06373
23	GLU	0.02318
24	ALA	0.08199
25	ALA	0.06329
26	SER	0.02500
27	SER	0.04698
28	PRO	0.03397
29	ALA	0.04534
30	GLY	0.05682
31	GLU	0.03300
32	PRO	0.00303
33	LEU	0.00960
34	ARG	0.00704
35	LYS	0.03940
36	ARG	0.01950
37	PRO	0.02431
38	ARG	0.01012
39	ARG	0.00652
40	ASP	0.01383
41	GLY	0.01910
42	PRO	0.04593
43	GLY	0.05558
44	LEU	0.05377
45	GLU	0.00729
46	ARG	0.00816
47	SER	0.01592
48	PRO	0.04544
49	GLY	0.02768
50	GLU	0.00230
51	PRO	0.00690
52	GLY	0.01303
53	GLY	0.04210
54	ALA	0.05673
55	ALA	0.02318
56	PRO	0.01451
57	GLU	0.02170
58	ARG	0.01151
59	GLU	0.00763
60	VAL	0.02492
61	PRO	0.00792
62	ALA	0.01473
63	ALA	0.06050
64	ALA	0.10352
65	ARG	0.15517
66	GLY	0.10212
67	CYS	0.10120
68	PRO	0.16638
69	GLY	0.21716
70	ALA	0.06421
71	ALA	0.05831
72	ALA	0.09108
73	ALA	0.07996
74	ALA	0.16927
75	LEU	0.06533
76	TRP	0.06926
77	ARG	0.03892
78	GLU	0.00765
79	ALA	0.01912
80	GLU	0.01877
81	ALA	0.01699
82	GLU	0.01015
83	ALA	0.02494
84	ALA	0.02259
85	ALA	0.04466
86	ALA	0.04222
87	GLY	0.05113
88	GLY	0.01954
89	GLU	0.01593
90	GLN	0.01496
91	GLU	0.01436
92	ALA	0.03104
93	GLN	0.02626
94	ALA	0.04381
95	THR	0.04287
96	ALA	0.05724
97	ALA	0.22146
98	ALA	0.05904
99	GLY	0.10808
100	GLU	0.07587
101	GLY	0.14918
102	ASP	0.03160
103	ASN	0.02428
104	GLY	0.06099
105	PRO	0.01188
106	GLY	0.02951
107	LEU	0.01532
108	GLN	0.01940
109	GLY	0.05220
110	PRO	0.06497
111	SER	0.10952
112	ARG	0.01798
113	GLU	0.02434
114	PRO	0.02505
115	PRO	0.05105
116	LEU	0.03716
117	ALA	0.04422
118	ASP	0.09051
119	ASN	0.09253
120	LEU	0.05703
121	TYR	0.14999
122	ASP	0.07465
123	GLU	0.07846
124	ASP	0.01337
125	ASP	0.01973
126	ASP	0.05959
127	ASP	0.04873
128	GLU	0.06948
129	GLY	0.04250
130	GLU	0.04265
131	GLU	0.03386
132	GLU	0.02506
133	GLU	0.02715
134	GLU	0.02950
135	ALA	0.01864
136	ALA	0.02456
137	ALA	0.01051
138	ALA	0.01989
139	ALA	0.02085
140	ILE	0.00572
141	GLY	0.00517
142	TYR	0.01050
143	ARG	0.00599
144	ASP	0.00723
145	ASN	0.00295
146	LEU	0.00210
147	LEU	0.00542
148	PHE	0.00677
149	GLY	0.01408
150	ASP	0.01010
151	GLU	0.00465
152	ILE	0.00230
153	ILE	0.00285
154	THR	0.00262
155	ASN	0.00283
156	GLY	0.01062
157	PHE	0.01249
158	HIS	0.01731
159	SER	0.00440
160	CYS	0.02827
161	GLU	0.02827
162	SER	0.00406
163	ASP	0.01054
164	GLU	0.00227
165	GLU	0.00778
166	ASP	0.08322
167	ARG	0.01399
168	ALA	0.01503
169	SER	0.05398
170	HIS	0.02950
171	ALA	0.13463
172	SER	0.07626
173	SER	0.04901
174	SER	0.05227
175	ASP	0.01750
176	TRP	0.01674
177	THR	0.00875
178	PRO	0.03488
179	ARG	0.00908
180	PRO	0.01549
181	ARG	0.00960
182	ILE	0.01469
183	GLY	0.00916
184	PRO	0.00920
185	TYR	0.04820
186	THR	0.00342
187	PHE	0.00522
188	VAL	0.00439
189	GLN	0.00356
190	GLN	0.00113
191	HIS	0.01847
192	LEU	0.00910
193	MET	0.02311
194	ILE	0.04975
195	GLY	0.31720
196	THR	0.15275
197	ASP	0.19244
198	PRO	0.14206
199	ARG	0.14159
200	THR	0.47100
201	ILE	0.05693
202	LEU	0.10024
203	LYS	0.14820
204	ASP	0.05200
205	LEU	0.02851
206	LEU	0.02459
207	PRO	0.01183
208	GLU	0.03499
209	THR	0.01105
210	ILE	0.00652
211	PRO	0.01941
212	PRO	0.00990
213	PRO	0.02356
214	GLU	0.07177
215	LEU	0.15069
216	ASP	0.04910
217	ASP	0.04586
218	MET	0.01712
219	THR	0.02203
220	LEU	0.01820
221	TRP	0.01514
222	GLN	0.00318
223	ILE	0.02422
224	VAL	0.00838
225	ILE	0.01636
226	ASN	0.00329
227	ILE	0.00321
228	LEU	0.00387
229	SER	0.02712
230	GLU	0.00714
231	PRO	0.01336
232	PRO	0.02264
233	LYS	0.03909
234	ARG	0.01837
235	LYS	0.00377
236	LYS	0.00187
237	ARG	0.01666
238	LYS	0.12620
239	ASP	0.41905
240	ILE	0.41682
241	ASN	0.21394
242	THR	0.43338
243	ILE	0.51263
244	GLU	0.25040
245	ASP	0.29330
246	ALA	0.20111
247	VAL	0.26241
248	LYS	0.25506
249	LEU	0.08956
250	LEU	0.07892
251	GLN	0.11882
252	GLU	0.19740
253	CYS	0.11858
254	LYS	0.02261
255	LYS	0.00594
256	ILE	0.03615
257	ILE	0.29881
258	VAL	0.68308
259	LEU	0.54830
260	THR	0.44629
261	GLY	0.80897
262	ALA	0.87252
263	GLY	0.54178
264	VAL	0.68685
265	SER	0.61025
266	VAL	0.06324
267	SER	0.34145
268	CYS	0.43402
269	GLY	0.52973
270	ILE	0.24591
271	PRO	0.33459
272	ASP	0.23636
273	PHE	0.28778
274	ARG	0.54907
275	SER	0.65277
276	ARG	0.31544
277	ASP	0.62700
278	GLY	0.79964
279	ILE	0.38472
280	TYR	0.41493
281	ALA	0.90364
282	ARG	0.77525
283	LEU	0.70638
284	ALA	0.42440
285	VAL	0.54991
286	ASP	0.43607
287	PHE	0.42296
288	PRO	0.31772
289	ASP	0.28240
290	LEU	0.59232
291	PRO	0.37855
292	ASP	0.50260
293	PRO	0.30534
294	GLN	0.16022
295	ALA	0.60489
296	MET	0.25430
297	PHE	0.55469
298	ASP	0.53903
299	ILE	0.35481
300	GLU	0.38310
301	TYR	0.54182
302	PHE	0.45679
303	ARG	0.55978
304	LYS	0.82992
305	ASP	0.48727
306	PRO	0.77189
307	ARG	0.56644
308	PRO	0.34230
309	PHE	0.38611
310	PHE	0.87889
311	LYS	0.73846
312	PHE	0.51186
313	ALA	0.62708
314	LYS	0.68992
315	GLU	0.75413
316	ILE	0.13022
317	TYR	0.60505
318	PRO	0.35631
319	GLY	0.33413
320	GLN	0.06982
321	PHE	0.08142
322	GLN	0.10795
323	PRO	0.27454
324	SER	0.06079
325	LEU	0.10825
326	CYS	0.04012
327	HIS	0.04345
328	LYS	0.02297
329	PHE	0.01461
330	ILE	0.27245
331	ALA	0.04896
332	LEU	0.02568
333	SER	0.01783
334	ASP	0.01460
335	LYS	0.01660
336	GLU	0.00946
337	GLY	0.03336
338	LYS	0.00475
339	LEU	0.02448
340	LEU	0.05514
341	ARG	0.20318
342	ASN	0.44727
343	TYR	0.31757
344	THR	0.42285
345	GLN	0.67743
346	ASN	0.26961
347	ILE	0.31710
348	ASP	0.70795
349	THR	0.43902
350	LEU	0.10360
351	GLU	0.17934
352	GLN	0.16012
353	VAL	0.07072
354	ALA	0.12555
355	GLY	0.09407
356	ILE	0.07530
357	GLN	0.13379
358	ARG	0.29750
359	ILE	0.09291
360	ILE	0.23313
361	GLN	0.34814
362	CYS	0.13045
363	HIS	0.14124
364	GLY	0.58770
365	SER	0.79606
366	PHE	0.39894
367	ALA	0.34001
368	THR	0.83191
369	ALA	0.80042
370	SER	0.26056
371	CYS	0.77243
372	LEU	0.34188
373	ILE	0.44265
374	CYS	0.81102
375	LYS	0.69588
376	TYR	0.28149
377	LYS	0.92091
378	VAL	0.90768
379	ASP	0.66190
380	CYS	0.75060
381	GLU	0.87576
382	ALA	0.86855
383	VAL	0.56870
384	ARG	0.85638
385	GLY	0.89240
386	ASP	0.78215
387	ILE	0.58971
388	PHE	0.27084
389	ASN	0.46957
390	GLN	0.87719
391	VAL	0.93072
392	VAL	0.64658
393	PRO	0.96882
394	ARG	0.88733
395	CYS	0.75816
396	PRO	0.78687
397	ARG	0.20268
398	CYS	0.47523
399	PRO	0.26110
400	ALA	0.17101
401	ASP	0.38596
402	GLU	0.11324
403	PRO	0.24859
404	LEU	0.21107
405	ALA	0.78181
406	ILE	0.47329
407	MET	0.84101
408	LYS	0.69492
409	PRO	0.25179
410	GLU	0.61757
411	ILE	0.68903
412	VAL	0.28516
413	PHE	0.17524
414	PHE	0.03840
415	GLY	0.19721
416	GLU	0.10317
417	ASN	0.19293
418	LEU	0.08319
419	PRO	0.10581
420	GLU	0.21091
421	GLN	0.12046
422	PHE	0.09602
423	HIS	0.07732
424	ARG	0.08194
425	ALA	0.21328
426	MET	0.10004
427	LYS	0.09894
428	TYR	0.36983
429	ASP	0.27222
430	LYS	0.15724
431	ASP	0.10496
432	GLU	0.05422
433	VAL	0.05148
434	ASP	0.06427
435	LEU	0.03775
436	LEU	0.03441
437	ILE	0.40215
438	VAL	0.84004
439	ILE	0.54696
440	GLY	0.54098
441	SER	0.16126
442	SER	0.41684
443	LEU	0.13651
444	LYS	0.10874
445	VAL	0.38681
446	ARG	0.04207
447	PRO	0.08710
448	VAL	0.20290
449	ALA	0.49569
450	LEU	0.22728
451	ILE	0.16824
452	PRO	0.24448
453	SER	0.15790
454	SER	0.29732
455	ILE	0.07495
456	PRO	0.01565
457	HIS	0.02901
458	GLU	0.01061
459	VAL	0.00985
460	PRO	0.06069
461	GLN	0.18279
462	ILE	0.27980
463	LEU	0.40107
464	ILE	0.40406
465	ASN	0.27076
466	ARG	0.49122
467	GLU	0.08417
468	PRO	0.05642
469	LEU	0.06537
470	PRO	0.05021
471	HIS	0.05176
472	LEU	0.03194
473	HIS	0.01124
474	PHE	0.02955
475	ASP	0.08987
476	VAL	0.09251
477	GLU	0.05445
478	LEU	0.11541
479	LEU	0.06843
480	GLY	0.05409
481	ASP	0.19631
482	CYS	0.31891
483	ASP	0.37964
484	VAL	0.13917
485	ILE	0.25761
486	ILE	0.12677
487	ASN	0.17384
488	GLU	0.12685
489	LEU	0.05222
490	CYS	0.07757
491	HIS	0.15078
492	ARG	0.22022
493	LEU	0.12189
494	GLY	0.04788
495	GLY	0.02039
496	GLU	0.02017
497	TYR	0.00820
498	ALA	0.00558
499	LYS	0.02344
500	LEU	0.01599
501	CYS	0.03312
502	CYS	0.03028
503	ASN	0.05527
504	PRO	0.02990
505	VAL	0.01165
506	LYS	0.00466
507	LEU	0.00373
508	SER	0.00455
509	GLU	0.00879
510	ILE	0.00679
511	THR	0.02003
512	GLU	0.01751
513	LYS	0.00966
514	PRO	0.01971
515	PRO	0.00790
516	ARG	0.01620
517	THR	0.02201
518	GLN	0.01115
519	LYS	0.00477
520	GLU	0.02345
521	LEU	0.00905
522	ALA	0.00868
523	TYR	0.00748
524	LEU	0.02923
525	SER	0.01917
526	GLU	0.01655
527	LEU	0.00853
528	PRO	0.00335
529	PRO	0.00492
530	THR	0.00838
531	PRO	0.00196
532	LEU	0.00290
533	HIS	0.00998
534	VAL	0.00355
535	SER	0.01361
536	GLU	0.00772
537	ASP	0.00222
538	SER	0.01864
539	SER	0.01221
540	SER	0.01375
541	PRO	0.03285
542	GLU	0.01523
543	ARG	0.02277
544	THR	0.01600
545	SER	0.03340
546	PRO	0.00998
547	PRO	0.10290
548	ASP	0.07686
549	SER	0.04657
550	SER	0.01705
551	VAL	0.00717
552	ILE	0.01217
553	VAL	0.00497
554	THR	0.00912
555	LEU	0.00884
556	LEU	0.00464
557	ASP	0.03927
558	GLN	0.03599
559	ALA	0.02305
560	ALA	0.02342
561	LYS	0.02506
562	SER	0.05945
563	ASN	0.02198
564	ASP	0.02600
565	ASP	0.02194
566	LEU	0.03989
567	ASP	0.01704
568	VAL	0.01739
569	SER	0.01180
570	GLU	0.02793
571	SER	0.05356
572	LYS	0.01423
573	GLY	0.05505
574	CYS	0.02985
575	MET	0.02329
576	GLU	0.01323
577	GLU	0.01674
578	LYS	0.02119
579	PRO	0.03335
580	GLN	0.02333
581	GLU	0.01433
582	VAL	0.01270
583	GLN	0.01198
584	THR	0.01122
585	SER	0.01453
586	ARG	0.01193
587	ASN	0.04686
588	VAL	0.01245
589	GLU	0.00518
590	SER	0.02457
591	ILE	0.00384
592	ALA	0.01889
593	GLU	0.02928
594	GLN	0.03829
595	MET	0.02217
596	GLU	0.02892
597	ASN	0.10625
598	PRO	0.02782
599	ASP	0.09149
600	LEU	0.00405
601	LYS	0.01597
602	ASN	0.04077
603	VAL	0.02578
604	GLY	0.14475
605	SER	0.02117
606	SER	0.02601
607	THR	0.06273
608	GLY	0.03423
609	GLU	0.04688
610	LYS	0.03692
611	ASN	0.03834
612	GLU	0.02860
613	ARG	0.01951
614	THR	0.06215
615	SER	0.02010
616	VAL	0.01073
617	ALA	0.01395
618	GLY	0.01497
619	THR	0.00715
620	VAL	0.01015
621	ARG	0.02924
622	LYS	0.03437
623	CYS	0.03613
624	TRP	0.01512
625	PRO	0.01477
626	ASN	0.00472
627	ARG	0.00226
628	VAL	0.00313
629	ALA	0.00826
630	LYS	0.00822
631	GLU	0.02535
632	GLN	0.00740
633	ILE	0.01016
634	SER	0.02938
635	ARG	0.05320
636	ARG	0.02632
637	LEU	0.02508
638	ASP	0.01545
639	GLY	0.08356
640	ASN	0.01151
641	GLN	0.01775
642	TYR	0.02680
643	LEU	0.00997
644	PHE	0.01497
645	LEU	0.02076
646	PRO	0.04864
647	PRO	0.04624
648	ASN	0.00570
649	ARG	0.00798
650	TYR	0.02614
651	ILE	0.01172
652	PHE	0.00747
653	HIS	0.00521
654	GLY	0.04203
655	ALA	0.01116
656	GLU	0.03416
657	VAL	0.01721
658	TYR	0.02459
659	SER	0.04067
660	ASP	0.01829
661	SER	0.04412
662	GLU	0.04316
663	ASP	0.04257
664	ASP	0.12917
665	VAL	0.04072
666	LEU	0.04879
667	SER	0.14266
668	SER	0.22773
669	SER	0.06204
670	SER	0.03888
671	CYS	0.03818
672	GLY	0.04361
673	SER	0.06897
674	ASN	0.09295
675	SER	0.20519
676	ASP	0.06028
677	SER	0.01508
678	GLY	0.06980
679	THR	0.02854
680	CYS	0.02986
681	GLN	0.05332
682	SER	0.02259
683	PRO	0.01391
684	SER	0.01847
685	LEU	0.01399
686	GLU	0.01066
687	GLU	0.03525
688	PRO	0.03280
689	MET	0.00537
690	GLU	0.03440
691	ASP	0.01926
692	GLU	0.01200
693	SER	0.04473
694	GLU	0.00543
695	ILE	0.00326
696	GLU	0.02061
697	GLU	0.01636
698	PHE	0.01242
699	TYR	0.00589
700	ASN	0.04235
701	GLY	0.01909
702	LEU	0.00626
703	GLU	0.01651
704	ASP	0.09315
705	GLU	0.04228
706	PRO	0.01170
707	ASP	0.02392
708	VAL	0.02927
709	PRO	0.04444
710	GLU	0.07366
711	ARG	0.06983
712	ALA	0.11692
713	GLY	0.10290
714	GLY	0.12582
715	ALA	0.04664
716	GLY	0.07121
717	PHE	0.05399
718	GLY	0.06229
719	THR	0.01878
720	ASP	0.00857
721	GLY	0.01971
722	ASP	0.00820
723	ASP	0.00670
724	GLN	0.00504
725	GLU	0.01517
726	ALA	0.01308
727	ILE	0.01422
728	ASN	0.04655
729	GLU	0.03225
730	ALA	0.02189
731	ILE	0.01280
732	SER	0.02275
733	VAL	0.03240
734	LYS	0.03611
735	GLN	0.03510
736	GLU	0.02269
737	VAL	0.04138
738	THR	0.01424
739	ASP	0.04363
740	MET	0.02793
741	ASN	0.00850
742	TYR	0.00551
743	PRO	0.02898
744	SER	0.01790
745	ASN	0.01500
746	LYS	0.02280
747	SER	0.03954
