/var/spool/slurmd/job609642/slurm_script: line 17: activate: No such file or directory
/home/rpearson/.conda/envs/model_evaluation/bin/python
PROCESSING: /home/rpearson/research/23ValidationSet/IT/Q96EB6/model_copies/Q96EB6_IT_model5.pdb
Input Data Path : /home/rpearson/research/23ValidationSet/IT/Q96EB6/model_copies/Q96EB6_IT_model5.pdb
Model Quality Score : 0.16500
Resid	Resname	Score
1	MET	0.05867
2	ALA	0.05598
3	ASP	0.01886
4	GLU	0.03443
5	ALA	0.02386
6	ALA	0.03390
7	LEU	0.00765
8	ALA	0.02246
9	LEU	0.00986
10	GLN	0.00822
11	PRO	0.00426
12	GLY	0.03486
13	GLY	0.03363
14	SER	0.05508
15	PRO	0.03126
16	SER	0.02266
17	ALA	0.02329
18	ALA	0.02635
19	GLY	0.04268
20	ALA	0.03131
21	ASP	0.01998
22	ARG	0.01084
23	GLU	0.02656
24	ALA	0.02028
25	ALA	0.02077
26	SER	0.01020
27	SER	0.07275
28	PRO	0.02926
29	ALA	0.05715
30	GLY	0.06869
31	GLU	0.02008
32	PRO	0.00981
33	LEU	0.04027
34	ARG	0.01923
35	LYS	0.02226
36	ARG	0.01272
37	PRO	0.02196
38	ARG	0.02643
39	ARG	0.02388
40	ASP	0.03392
41	GLY	0.01076
42	PRO	0.02361
43	GLY	0.02518
44	LEU	0.01174
45	GLU	0.01352
46	ARG	0.02911
47	SER	0.06770
48	PRO	0.03758
49	GLY	0.10104
50	GLU	0.02888
51	PRO	0.11828
52	GLY	0.25919
53	GLY	0.17045
54	ALA	0.20634
55	ALA	0.09460
56	PRO	0.13323
57	GLU	0.01598
58	ARG	0.00459
59	GLU	0.00792
60	VAL	0.01259
61	PRO	0.03518
62	ALA	0.02378
63	ALA	0.02209
64	ALA	0.03942
65	ARG	0.03660
66	GLY	0.02955
67	CYS	0.02794
68	PRO	0.01226
69	GLY	0.04686
70	ALA	0.02191
71	ALA	0.04705
72	ALA	0.02477
73	ALA	0.02746
74	ALA	0.03405
75	LEU	0.00958
76	TRP	0.00371
77	ARG	0.01254
78	GLU	0.02235
79	ALA	0.03981
80	GLU	0.00777
81	ALA	0.01696
82	GLU	0.01402
83	ALA	0.01353
84	ALA	0.02963
85	ALA	0.02798
86	ALA	0.02280
87	GLY	0.07473
88	GLY	0.04241
89	GLU	0.02039
90	GLN	0.02711
91	GLU	0.01687
92	ALA	0.03269
93	GLN	0.01907
94	ALA	0.05037
95	THR	0.12434
96	ALA	0.07951
97	ALA	0.00898
98	ALA	0.01690
99	GLY	0.01765
100	GLU	0.01322
101	GLY	0.03706
102	ASP	0.02437
103	ASN	0.01789
104	GLY	0.01398
105	PRO	0.01495
106	GLY	0.02413
107	LEU	0.09056
108	GLN	0.04801
109	GLY	0.04360
110	PRO	0.06863
111	SER	0.03588
112	ARG	0.05111
113	GLU	0.05457
114	PRO	0.05064
115	PRO	0.07665
116	LEU	0.05351
117	ALA	0.05460
118	ASP	0.07303
119	ASN	0.02232
120	LEU	0.01692
121	TYR	0.00797
122	ASP	0.01857
123	GLU	0.03458
124	ASP	0.08851
125	ASP	0.05986
126	ASP	0.12375
127	ASP	0.10965
128	GLU	0.07292
129	GLY	0.11337
130	GLU	0.03099
131	GLU	0.05022
132	GLU	0.07058
133	GLU	0.01617
134	GLU	0.02652
135	ALA	0.01012
136	ALA	0.01483
137	ALA	0.00861
138	ALA	0.02689
139	ALA	0.00801
140	ILE	0.00717
141	GLY	0.01038
142	TYR	0.00911
143	ARG	0.01300
144	ASP	0.00923
145	ASN	0.02019
146	LEU	0.05521
147	LEU	0.01478
148	PHE	0.03574
149	GLY	0.04033
150	ASP	0.02844
151	GLU	0.03873
152	ILE	0.02916
153	ILE	0.01746
154	THR	0.04527
155	ASN	0.02124
156	GLY	0.00949
157	PHE	0.02798
158	HIS	0.04404
159	SER	0.03615
160	CYS	0.03417
161	GLU	0.08265
162	SER	0.03990
163	ASP	0.02830
164	GLU	0.06133
165	GLU	0.05553
166	ASP	0.02833
167	ARG	0.04215
168	ALA	0.02253
169	SER	0.03993
170	HIS	0.01705
171	ALA	0.06269
172	SER	0.02676
173	SER	0.07657
174	SER	0.00918
175	ASP	0.03151
176	TRP	0.00527
177	THR	0.01042
178	PRO	0.02209
179	ARG	0.00908
180	PRO	0.01560
181	ARG	0.01579
182	ILE	0.02029
183	GLY	0.02201
184	PRO	0.11771
185	TYR	0.07912
186	THR	0.03959
187	PHE	0.02831
188	VAL	0.03174
189	GLN	0.04530
190	GLN	0.01629
191	HIS	0.08201
192	LEU	0.02607
193	MET	0.02631
194	ILE	0.01119
195	GLY	0.04525
196	THR	0.03126
197	ASP	0.04506
198	PRO	0.01900
199	ARG	0.07428
200	THR	0.06812
201	ILE	0.03999
202	LEU	0.03674
203	LYS	0.10722
204	ASP	0.06129
205	LEU	0.04997
206	LEU	0.07837
207	PRO	0.03088
208	GLU	0.03315
209	THR	0.01467
210	ILE	0.03938
211	PRO	0.03902
212	PRO	0.03468
213	PRO	0.07730
214	GLU	0.04913
215	LEU	0.03000
216	ASP	0.04034
217	ASP	0.01818
218	MET	0.00954
219	THR	0.00545
220	LEU	0.00366
221	TRP	0.01323
222	GLN	0.01907
223	ILE	0.03487
224	VAL	0.01463
225	ILE	0.01475
226	ASN	0.03193
227	ILE	0.03403
228	LEU	0.05430
229	SER	0.03144
230	GLU	0.02041
231	PRO	0.02042
232	PRO	0.11131
233	LYS	0.02237
234	ARG	0.00591
235	LYS	0.05316
236	LYS	0.01525
237	ARG	0.05473
238	LYS	0.07096
239	ASP	0.09414
240	ILE	0.24405
241	ASN	0.60707
242	THR	0.52333
243	ILE	0.66080
244	GLU	0.80283
245	ASP	0.80693
246	ALA	0.82416
247	VAL	0.64763
248	LYS	0.61234
249	LEU	0.80050
250	LEU	0.83957
251	GLN	0.60968
252	GLU	0.57508
253	CYS	0.28994
254	LYS	0.32183
255	LYS	0.77287
256	ILE	0.90949
257	ILE	0.95416
258	VAL	0.90139
259	LEU	0.92900
260	THR	0.87828
261	GLY	0.95870
262	ALA	0.45332
263	GLY	0.65822
264	VAL	0.63122
265	SER	0.20008
266	VAL	0.05689
267	SER	0.05598
268	CYS	0.01565
269	GLY	0.10314
270	ILE	0.06740
271	PRO	0.19397
272	ASP	0.11745
273	PHE	0.29818
274	ARG	0.09829
275	SER	0.15139
276	ARG	0.32222
277	ASP	0.27795
278	GLY	0.07323
279	ILE	0.04810
280	TYR	0.04268
281	ALA	0.19467
282	ARG	0.11067
283	LEU	0.16569
284	ALA	0.12182
285	VAL	0.30819
286	ASP	0.00839
287	PHE	0.02509
288	PRO	0.26179
289	ASP	0.08649
290	LEU	0.32199
291	PRO	0.16170
292	ASP	0.05075
293	PRO	0.04658
294	GLN	0.14965
295	ALA	0.03646
296	MET	0.17602
297	PHE	0.23466
298	ASP	0.11603
299	ILE	0.09765
300	GLU	0.03854
301	TYR	0.03891
302	PHE	0.13556
303	ARG	0.08080
304	LYS	0.11564
305	ASP	0.08593
306	PRO	0.19078
307	ARG	0.44745
308	PRO	0.21410
309	PHE	0.37601
310	PHE	0.40352
311	LYS	0.41132
312	PHE	0.41468
313	ALA	0.27616
314	LYS	0.56050
315	GLU	0.17457
316	ILE	0.29502
317	TYR	0.13844
318	PRO	0.28777
319	GLY	0.18922
320	GLN	0.08650
321	PHE	0.01864
322	GLN	0.17487
323	PRO	0.14407
324	SER	0.50218
325	LEU	0.50242
326	CYS	0.48073
327	HIS	0.93717
328	LYS	0.19543
329	PHE	0.71413
330	ILE	0.77191
331	ALA	0.78276
332	LEU	0.39672
333	SER	0.76845
334	ASP	0.55633
335	LYS	0.49962
336	GLU	0.10055
337	GLY	0.85373
338	LYS	0.66790
339	LEU	0.87845
340	LEU	0.83250
341	ARG	0.78447
342	ASN	0.55459
343	TYR	0.71507
344	THR	0.85928
345	GLN	0.74024
346	ASN	0.80445
347	ILE	0.06370
348	ASP	0.45694
349	THR	0.70085
350	LEU	0.36604
351	GLU	0.06972
352	GLN	0.67274
353	VAL	0.26274
354	ALA	0.03620
355	GLY	0.08820
356	ILE	0.31665
357	GLN	0.31672
358	ARG	0.32907
359	ILE	0.62865
360	ILE	0.45024
361	GLN	0.31976
362	CYS	0.66674
363	HIS	0.71386
364	GLY	0.34396
365	SER	0.22241
366	PHE	0.18469
367	ALA	0.70388
368	THR	0.91959
369	ALA	0.59270
370	SER	0.50482
371	CYS	0.40945
372	LEU	0.13551
373	ILE	0.13065
374	CYS	0.07240
375	LYS	0.25490
376	TYR	0.20103
377	LYS	0.39233
378	VAL	0.31600
379	ASP	0.24396
380	CYS	0.27501
381	GLU	0.23142
382	ALA	0.33645
383	VAL	0.44483
384	ARG	0.35172
385	GLY	0.63127
386	ASP	0.27765
387	ILE	0.15384
388	PHE	0.06184
389	ASN	0.32829
390	GLN	0.06254
391	VAL	0.40456
392	VAL	0.39704
393	PRO	0.64826
394	ARG	0.37787
395	CYS	0.52470
396	PRO	0.79059
397	ARG	0.12434
398	CYS	0.46868
399	PRO	0.30543
400	ALA	0.23262
401	ASP	0.05754
402	GLU	0.03329
403	PRO	0.16652
404	LEU	0.06005
405	ALA	0.19889
406	ILE	0.04276
407	MET	0.69417
408	LYS	0.55177
409	PRO	0.39236
410	GLU	0.79517
411	ILE	0.60063
412	VAL	0.26173
413	PHE	0.30770
414	PHE	0.05379
415	GLY	0.05935
416	GLU	0.03188
417	ASN	0.16352
418	LEU	0.17540
419	PRO	0.37618
420	GLU	0.49357
421	GLN	0.57531
422	PHE	0.37709
423	HIS	0.39083
424	ARG	0.30894
425	ALA	0.32013
426	MET	0.38909
427	LYS	0.58456
428	TYR	0.40059
429	ASP	0.41470
430	LYS	0.63790
431	ASP	0.66694
432	GLU	0.85478
433	VAL	0.84733
434	ASP	0.83314
435	LEU	0.92595
436	LEU	0.90580
437	ILE	0.92260
438	VAL	0.93126
439	ILE	0.93607
440	GLY	0.72254
441	SER	0.80368
442	SER	0.64212
443	LEU	0.44084
444	LYS	0.37012
445	VAL	0.29755
446	ARG	0.13585
447	PRO	0.19263
448	VAL	0.29257
449	ALA	0.28148
450	LEU	0.28184
451	ILE	0.53643
452	PRO	0.41487
453	SER	0.54978
454	SER	0.34791
455	ILE	0.39542
456	PRO	0.33973
457	HIS	0.09449
458	GLU	0.44766
459	VAL	0.60906
460	PRO	0.90191
461	GLN	0.68865
462	ILE	0.93125
463	LEU	0.95309
464	ILE	0.96358
465	ASN	0.58657
466	ARG	0.62049
467	GLU	0.73337
468	PRO	0.27338
469	LEU	0.17068
470	PRO	0.10045
471	HIS	0.23625
472	LEU	0.34308
473	HIS	0.16675
474	PHE	0.12925
475	ASP	0.32799
476	VAL	0.60154
477	GLU	0.67294
478	LEU	0.86927
479	LEU	0.41225
480	GLY	0.34904
481	ASP	0.45633
482	CYS	0.58885
483	ASP	0.30203
484	VAL	0.54804
485	ILE	0.77659
486	ILE	0.61930
487	ASN	0.61338
488	GLU	0.55414
489	LEU	0.60039
490	CYS	0.62411
491	HIS	0.37440
492	ARG	0.21641
493	LEU	0.05789
494	GLY	0.07663
495	GLY	0.14095
496	GLU	0.04149
497	TYR	0.03035
498	ALA	0.01842
499	LYS	0.01896
500	LEU	0.00867
501	CYS	0.02373
502	CYS	0.02323
503	ASN	0.04590
504	PRO	0.04204
505	VAL	0.05741
506	LYS	0.02244
507	LEU	0.05008
508	SER	0.02446
509	GLU	0.04625
510	ILE	0.08412
511	THR	0.05151
512	GLU	0.04014
513	LYS	0.02616
514	PRO	0.00685
515	PRO	0.01096
516	ARG	0.00625
517	THR	0.03413
518	GLN	0.02656
519	LYS	0.05162
520	GLU	0.02172
521	LEU	0.05999
522	ALA	0.06382
523	TYR	0.01989
524	LEU	0.04991
525	SER	0.05046
526	GLU	0.03938
527	LEU	0.06834
528	PRO	0.04719
529	PRO	0.02835
530	THR	0.08585
531	PRO	0.09283
532	LEU	0.01185
533	HIS	0.04989
534	VAL	0.10710
535	SER	0.03175
536	GLU	0.02382
537	ASP	0.02403
538	SER	0.07404
539	SER	0.06475
540	SER	0.09427
541	PRO	0.22001
542	GLU	0.02223
543	ARG	0.01139
544	THR	0.01033
545	SER	0.00788
546	PRO	0.01065
547	PRO	0.02253
548	ASP	0.01143
549	SER	0.01492
550	SER	0.03085
551	VAL	0.03000
552	ILE	0.00284
553	VAL	0.00146
554	THR	0.00552
555	LEU	0.00948
556	LEU	0.02903
557	ASP	0.06545
558	GLN	0.01482
559	ALA	0.00613
560	ALA	0.10550
561	LYS	0.05142
562	SER	0.05416
563	ASN	0.02167
564	ASP	0.02651
565	ASP	0.01421
566	LEU	0.01596
567	ASP	0.01103
568	VAL	0.00437
569	SER	0.02792
570	GLU	0.00950
571	SER	0.05151
572	LYS	0.03268
573	GLY	0.10614
574	CYS	0.02318
575	MET	0.01912
576	GLU	0.01789
577	GLU	0.04980
578	LYS	0.04453
579	PRO	0.03842
580	GLN	0.05117
581	GLU	0.04233
582	VAL	0.02946
583	GLN	0.05929
584	THR	0.12235
585	SER	0.03166
586	ARG	0.03455
587	ASN	0.04619
588	VAL	0.02872
589	GLU	0.03741
590	SER	0.07005
591	ILE	0.14936
592	ALA	0.02634
593	GLU	0.03865
594	GLN	0.13984
595	MET	0.09527
596	GLU	0.07979
597	ASN	0.01183
598	PRO	0.02443
599	ASP	0.03952
600	LEU	0.07520
601	LYS	0.08305
602	ASN	0.04806
603	VAL	0.03277
604	GLY	0.02631
605	SER	0.01465
606	SER	0.01307
607	THR	0.03101
608	GLY	0.01989
609	GLU	0.00708
610	LYS	0.00269
611	ASN	0.02021
612	GLU	0.01176
613	ARG	0.01093
614	THR	0.01023
615	SER	0.05357
616	VAL	0.01605
617	ALA	0.01822
618	GLY	0.01102
619	THR	0.00954
620	VAL	0.04574
621	ARG	0.01905
622	LYS	0.00827
623	CYS	0.02833
624	TRP	0.00876
625	PRO	0.03494
626	ASN	0.04033
627	ARG	0.01025
628	VAL	0.01450
629	ALA	0.05871
630	LYS	0.07861
631	GLU	0.05651
632	GLN	0.01393
633	ILE	0.03150
634	SER	0.04185
635	ARG	0.01926
636	ARG	0.04892
637	LEU	0.04264
638	ASP	0.03826
639	GLY	0.17305
640	ASN	0.08836
641	GLN	0.00389
642	TYR	0.05710
643	LEU	0.14626
644	PHE	0.03737
645	LEU	0.00735
646	PRO	0.02958
647	PRO	0.08194
648	ASN	0.13781
649	ARG	0.00867
650	TYR	0.02276
651	ILE	0.04707
652	PHE	0.04126
653	HIS	0.03246
654	GLY	0.04090
655	ALA	0.05471
656	GLU	0.04221
657	VAL	0.05887
658	TYR	0.06120
659	SER	0.04397
660	ASP	0.03795
661	SER	0.08290
662	GLU	0.04196
663	ASP	0.08457
664	ASP	0.06416
665	VAL	0.03104
666	LEU	0.02398
667	SER	0.02998
668	SER	0.05213
669	SER	0.13154
670	SER	0.00853
671	CYS	0.03101
672	GLY	0.01426
673	SER	0.03837
674	ASN	0.03582
675	SER	0.03229
676	ASP	0.04887
677	SER	0.04999
678	GLY	0.02261
679	THR	0.01635
680	CYS	0.02725
681	GLN	0.03017
682	SER	0.02419
683	PRO	0.03245
684	SER	0.07184
685	LEU	0.01835
686	GLU	0.03690
687	GLU	0.00796
688	PRO	0.02987
689	MET	0.00518
690	GLU	0.00738
691	ASP	0.01053
692	GLU	0.03537
693	SER	0.01045
694	GLU	0.02265
695	ILE	0.01634
696	GLU	0.02519
697	GLU	0.01129
698	PHE	0.00670
699	TYR	0.00275
700	ASN	0.01740
701	GLY	0.00860
702	LEU	0.00736
703	GLU	0.00385
704	ASP	0.01007
705	GLU	0.01371
706	PRO	0.02514
707	ASP	0.02996
708	VAL	0.01459
709	PRO	0.02552
710	GLU	0.02288
711	ARG	0.04496
712	ALA	0.06011
713	GLY	0.14545
714	GLY	0.01107
715	ALA	0.00955
716	GLY	0.01081
717	PHE	0.00482
718	GLY	0.01005
719	THR	0.00141
720	ASP	0.01544
721	GLY	0.00393
722	ASP	0.01506
723	ASP	0.01379
724	GLN	0.01629
725	GLU	0.01421
726	ALA	0.01512
727	ILE	0.00513
728	ASN	0.01201
729	GLU	0.01499
730	ALA	0.02940
731	ILE	0.02427
732	SER	0.00683
733	VAL	0.00416
734	LYS	0.02035
735	GLN	0.04313
736	GLU	0.02612
737	VAL	0.00645
738	THR	0.02558
739	ASP	0.03590
740	MET	0.01660
741	ASN	0.02019
742	TYR	0.00566
743	PRO	0.00781
744	SER	0.02747
745	ASN	0.00477
746	LYS	0.01381
747	SER	0.02406
