/var/spool/slurmd/job609724/slurm_script: line 17: activate: No such file or directory
/home/rpearson/.conda/envs/dssp/bin/python
PROCESSING: /home/rpearson/research/PosValSet/IT/O14641/model_copies/O14641_IT_model5.pdb
Input Data Path : /home/rpearson/research/PosValSet/IT/O14641/model_copies/O14641_IT_model5.pdb
Model Quality Score : 0.11153
Resid	Resname	Score
1	MET	0.01791
2	ALA	0.02475
3	GLY	0.02544
4	SER	0.01800
5	SER	0.01709
6	THR	0.00979
7	GLY	0.02367
8	GLY	0.01823
9	GLY	0.05055
10	GLY	0.06292
11	VAL	0.08436
12	GLY	0.07723
13	GLU	0.02552
14	THR	0.02124
15	LYS	0.01211
16	VAL	0.00555
17	ILE	0.00568
18	TYR	0.01051
19	HIS	0.00410
20	LEU	0.00619
21	ASP	0.01011
22	GLU	0.01843
23	GLU	0.00962
24	GLU	0.01111
25	THR	0.01432
26	PRO	0.04637
27	TYR	0.00330
28	LEU	0.00423
29	VAL	0.00407
30	LYS	0.00686
31	ILE	0.00228
32	PRO	0.00087
33	VAL	0.00207
34	PRO	0.00917
35	ALA	0.01337
36	GLU	0.01136
37	ARG	0.00527
38	ILE	0.00691
39	THR	0.01430
40	LEU	0.00854
41	GLY	0.35036
42	ASP	0.06894
43	PHE	0.08471
44	LYS	0.17282
45	SER	0.10600
46	VAL	0.60957
47	LEU	0.24062
48	GLN	0.24746
49	ARG	0.09535
50	PRO	0.24151
51	ALA	0.06961
52	GLY	0.48174
53	ALA	0.44221
54	LYS	0.25055
55	TYR	0.30416
56	PHE	0.14724
57	PHE	0.06389
58	LYS	0.25436
59	SER	0.15858
60	MET	0.07422
61	ASP	0.24306
62	GLN	0.10630
63	ASP	0.16596
64	PHE	0.00767
65	GLY	0.12622
66	VAL	0.05487
67	VAL	0.07840
68	LYS	0.05304
69	GLU	0.06302
70	GLU	0.04741
71	ILE	0.02207
72	SER	0.19948
73	ASP	0.01967
74	ASP	0.01972
75	ASN	0.01516
76	ALA	0.01025
77	ARG	0.00302
78	LEU	0.02353
79	PRO	0.00474
80	CYS	0.01658
81	PHE	0.05950
82	ASN	0.07986
83	GLY	0.09061
84	ARG	0.04740
85	VAL	0.03562
86	VAL	0.03206
87	SER	0.08308
88	TRP	0.09386
89	LEU	0.06848
90	VAL	0.15395
91	SER	0.13296
92	SER	0.21369
93	ASP	0.18418
94	ASN	0.14285
95	PRO	0.07191
96	GLN	0.10108
97	PRO	0.04289
98	GLU	0.25206
99	MET	0.09527
100	ALA	0.05516
101	PRO	0.14727
102	PRO	0.02540
103	VAL	0.04341
104	HIS	0.05035
105	GLU	0.00738
106	PRO	0.02932
107	ARG	0.05833
108	ALA	0.00697
109	GLU	0.02578
110	LEU	0.02842
111	ALA	0.12114
112	PRO	0.19406
113	PRO	0.02922
114	ALA	0.05746
115	PRO	0.01798
116	PRO	0.01941
117	LEU	0.01258
118	PRO	0.00372
119	PRO	0.01335
120	LEU	0.00200
121	PRO	0.01311
122	PRO	0.00139
123	GLU	0.00513
124	ARG	0.00319
125	THR	0.00286
126	SER	0.02366
127	GLY	0.01578
128	ILE	0.01720
129	GLY	0.03447
130	ASP	0.09274
131	SER	0.02514
132	ARG	0.00898
133	PRO	0.00825
134	PRO	0.02024
135	SER	0.02119
136	PHE	0.00674
137	HIS	0.04097
138	PRO	0.04672
139	ASN	0.00875
140	VAL	0.06104
141	SER	0.01467
142	SER	0.08446
143	SER	0.03166
144	HIS	0.02164
145	GLU	0.02757
146	ASN	0.01703
147	LEU	0.04794
148	GLU	0.14707
149	PRO	0.02253
150	GLU	0.01572
151	THR	0.03521
152	GLU	0.00522
153	THR	0.02797
154	GLU	0.05391
155	SER	0.01170
156	VAL	0.04967
157	VAL	0.01329
158	SER	0.03562
159	LEU	0.00933
160	ARG	0.00815
161	ARG	0.00629
162	GLU	0.00155
163	ARG	0.01052
164	PRO	0.00986
165	ARG	0.01354
166	ARG	0.01345
167	ARG	0.00870
168	ASP	0.00344
169	SER	0.04244
170	SER	0.00791
171	GLU	0.00557
172	HIS	0.01161
173	GLY	0.04479
174	ALA	0.00907
175	GLY	0.00690
176	GLY	0.04969
177	HIS	0.01871
178	ARG	0.01562
179	THR	0.00535
180	GLY	0.02464
181	GLY	0.07504
182	PRO	0.04577
183	SER	0.03580
184	ARG	0.03482
185	LEU	0.04644
186	GLU	0.01711
187	ARG	0.06534
188	HIS	0.03357
189	LEU	0.04307
190	ALA	0.03743
191	GLY	0.04248
192	TYR	0.02831
193	GLU	0.03628
194	SER	0.06479
195	SER	0.03837
196	SER	0.05535
197	THR	0.02925
198	LEU	0.00510
199	MET	0.01184
200	THR	0.01006
201	SER	0.00301
202	GLU	0.01479
203	LEU	0.01381
204	GLU	0.03732
205	SER	0.02128
206	THR	0.01576
207	SER	0.04061
208	LEU	0.01086
209	GLY	0.01459
210	ASP	0.11281
211	SER	0.00741
212	ASP	0.01462
213	GLU	0.00450
214	GLU	0.03283
215	ASP	0.01339
216	THR	0.01018
217	MET	0.02901
218	SER	0.00138
219	ARG	0.00316
220	PHE	0.02349
221	SER	0.02491
222	SER	0.00695
223	SER	0.02501
224	THR	0.00405
225	GLU	0.00508
226	GLN	0.00643
227	SER	0.01583
228	SER	0.05905
229	ALA	0.04585
230	SER	0.01560
231	ARG	0.01093
232	LEU	0.00479
233	LEU	0.00344
234	LYS	0.00662
235	ARG	0.00163
236	HIS	0.00416
237	ARG	0.00585
238	ARG	0.00258
239	ARG	0.00672
240	ARG	0.00894
241	LYS	0.01236
242	GLN	0.00937
243	ARG	0.00956
244	PRO	0.00647
245	PRO	0.00327
246	ARG	0.00825
247	LEU	0.02661
248	GLU	0.03201
249	ARG	0.01653
250	THR	0.01990
251	SER	0.04167
252	SER	0.04608
253	PHE	0.00932
254	SER	0.01360
255	SER	0.04338
256	VAL	0.03248
257	THR	0.00298
258	ASP	0.01738
259	SER	0.00946
260	THR	0.01619
261	MET	0.03055
262	SER	0.08971
263	LEU	0.07046
264	ASN	0.13101
265	ILE	0.32986
266	ILE	0.97510
267	THR	0.55299
268	VAL	0.75640
269	THR	0.79565
270	LEU	0.63394
271	ASN	0.48433
272	MET	0.27877
273	GLU	0.34061
274	LYS	0.20852
275	TYR	0.09496
276	ASN	0.36790
277	PHE	0.21052
278	LEU	0.13608
279	GLY	0.66361
280	ILE	0.74251
281	SER	0.96564
282	ILE	0.64706
283	VAL	0.77540
284	GLY	0.41230
285	GLN	0.41343
286	SER	0.27009
287	ASN	0.12140
288	GLU	0.11754
289	ARG	0.24117
290	GLY	0.07238
291	ASP	0.07929
292	GLY	0.20399
293	GLY	0.61064
294	ILE	0.94644
295	TYR	0.60719
296	ILE	0.99026
297	GLY	0.86735
298	SER	0.49702
299	ILE	0.24763
300	MET	0.32239
301	LYS	0.13301
302	GLY	0.32380
303	GLY	0.68655
304	ALA	0.59677
305	VAL	0.64326
306	ALA	0.36362
307	ALA	0.29054
308	ASP	0.20438
309	GLY	0.45385
310	ARG	0.34403
311	ILE	0.66413
312	GLU	0.33617
313	PRO	0.63866
314	GLY	0.42422
315	ASP	0.76175
316	MET	0.89682
317	LEU	0.98172
318	LEU	0.93621
319	GLN	0.91506
320	VAL	0.92304
321	ASN	0.56910
322	ASP	0.67836
323	MET	0.31834
324	ASN	0.57017
325	PHE	0.39255
326	GLU	0.18062
327	ASN	0.41998
328	MET	0.75665
329	SER	0.59841
330	ASN	0.75553
331	ASP	0.88271
332	ASP	0.81148
333	ALA	0.85808
334	VAL	0.90981
335	ARG	0.26037
336	VAL	0.72817
337	LEU	0.98107
338	ARG	0.96905
339	ASP	0.79013
340	ILE	0.84979
341	VAL	0.78714
342	HIS	0.81151
343	LYS	0.42786
344	PRO	0.36384
345	GLY	0.19078
346	PRO	0.29381
347	ILE	0.74089
348	VAL	0.73073
349	LEU	0.89006
350	THR	0.90858
351	VAL	0.73403
352	ALA	0.42888
353	LYS	0.09467
354	CYS	0.03228
355	TRP	0.00776
356	ASP	0.01062
357	PRO	0.00532
358	SER	0.01029
359	PRO	0.00985
360	GLN	0.03964
361	ALA	0.23776
362	TYR	0.09257
363	PHE	0.04154
364	THR	0.08786
365	LEU	0.08427
366	PRO	0.11504
367	ARG	0.06926
368	ASN	0.05952
369	GLU	0.24512
370	PRO	0.19619
371	ILE	0.09432
372	GLN	0.04312
373	PRO	0.09477
374	ILE	0.01622
375	ASP	0.01574
376	PRO	0.07797
377	ALA	0.29715
378	ALA	0.05962
379	TRP	0.01807
380	VAL	0.05269
381	SER	0.18765
382	HIS	0.12977
383	SER	0.05457
384	ALA	0.00459
385	ALA	0.00896
386	LEU	0.03519
387	THR	0.01727
388	GLY	0.02307
389	THR	0.01606
390	PHE	0.00186
391	PRO	0.00178
392	ALA	0.03394
393	TYR	0.01880
394	PRO	0.01005
395	GLY	0.10603
396	SER	0.00395
397	SER	0.01367
398	SER	0.01076
399	MET	0.01144
400	SER	0.02775
401	THR	0.01677
402	ILE	0.10364
403	THR	0.02277
404	SER	0.01655
405	GLY	0.34348
406	SER	0.07412
407	SER	0.06362
408	LEU	0.06496
409	PRO	0.07538
410	ASP	0.12208
411	GLY	0.24901
412	CYS	0.04031
413	GLU	0.06067
414	GLY	0.05467
415	ARG	0.03475
416	GLY	0.06319
417	LEU	0.05410
418	SER	0.01416
419	VAL	0.00670
420	HIS	0.00585
421	THR	0.02674
422	ASP	0.07385
423	MET	0.03200
424	ALA	0.01886
425	SER	0.07824
426	VAL	0.05332
427	THR	0.00539
428	LYS	0.13703
429	ALA	0.07984
430	MET	0.01229
431	ALA	0.05182
432	ALA	0.04793
433	PRO	0.09438
434	GLU	0.05975
435	SER	0.00385
436	GLY	0.04579
437	LEU	0.03453
438	GLU	0.00690
439	VAL	0.00995
440	ARG	0.01388
441	ASP	0.09385
442	ARG	0.04794
443	MET	0.07832
444	TRP	0.05023
445	LEU	0.20700
446	LYS	0.05066
447	ILE	0.12064
448	THR	0.11512
449	ILE	0.04950
450	PRO	0.02600
451	ASN	0.07791
452	ALA	0.01679
453	PHE	0.06072
454	LEU	0.07711
455	GLY	0.00613
456	SER	0.00703
457	ASP	0.00112
458	VAL	0.00404
459	VAL	0.07424
460	ASP	0.01225
461	TRP	0.12456
462	LEU	0.01957
463	TYR	0.00849
464	HIS	0.00413
465	HIS	0.02803
466	VAL	0.11113
467	GLU	0.03129
468	GLY	0.05715
469	PHE	0.00168
470	PRO	0.01878
471	GLU	0.00562
472	ARG	0.02507
473	ARG	0.07761
474	GLU	0.06272
475	ALA	0.03761
476	ARG	0.09694
477	LYS	0.08328
478	TYR	0.15461
479	ALA	0.02602
480	SER	0.06856
481	GLY	0.04913
482	LEU	0.03065
483	LEU	0.02197
484	LYS	0.05842
485	ALA	0.26509
486	GLY	0.23477
487	LEU	0.01607
488	ILE	0.00952
489	ARG	0.01034
490	HIS	0.07278
491	THR	0.00511
492	VAL	0.01280
493	ASN	0.00891
494	LYS	0.00498
495	ILE	0.01000
496	THR	0.03474
497	PHE	0.01736
498	SER	0.03741
499	GLU	0.05565
500	GLN	0.03481
501	CYS	0.01596
502	TYR	0.01191
503	TYR	0.00526
504	VAL	0.07545
505	PHE	0.00429
506	GLY	0.00920
507	ASP	0.02114
508	LEU	0.00620
509	SER	0.03411
510	GLY	0.02286
511	GLY	0.01128
512	CYS	0.01833
513	GLU	0.00528
514	SER	0.05156
515	TYR	0.01872
516	LEU	0.01115
517	VAL	0.01016
518	ASN	0.01297
519	LEU	0.00923
520	SER	0.00888
521	LEU	0.02030
522	ASN	0.01561
523	ASP	0.02381
524	ASN	0.07260
525	ASP	0.06764
526	GLY	0.07385
527	SER	0.07096
528	SER	0.03171
529	GLY	0.11743
530	ALA	0.04522
531	SER	0.03092
532	ASP	0.01034
533	GLN	0.01112
534	ASP	0.00644
535	THR	0.00427
536	LEU	0.00369
537	ALA	0.02727
538	PRO	0.01079
539	LEU	0.01629
540	PRO	0.02823
541	GLY	0.01436
542	ALA	0.01377
543	THR	0.00729
544	PRO	0.00558
545	TRP	0.03337
546	PRO	0.01694
547	LEU	0.00637
548	LEU	0.00872
549	PRO	0.00543
550	THR	0.02413
551	PHE	0.01098
552	SER	0.09284
553	TYR	0.04346
554	GLN	0.03395
555	TYR	0.11286
556	PRO	0.20089
557	ALA	0.12600
558	PRO	0.02806
559	HIS	0.02234
560	PRO	0.07171
561	TYR	0.00790
562	SER	0.01328
563	PRO	0.06434
564	GLN	0.00507
565	PRO	0.01121
566	PRO	0.01707
567	PRO	0.00532
568	TYR	0.00308
569	HIS	0.02344
570	GLU	0.06348
571	LEU	0.00873
572	SER	0.00423
573	SER	0.00771
574	TYR	0.00833
575	THR	0.01881
576	TYR	0.01476
577	GLY	0.03386
578	GLY	0.05227
579	GLY	0.08558
580	SER	0.02988
581	ALA	0.05167
582	SER	0.05705
583	SER	0.05528
584	GLN	0.04332
585	HIS	0.07852
586	SER	0.13633
587	GLU	0.13421
588	GLY	0.08575
589	SER	0.02726
590	ARG	0.01528
591	SER	0.21463
592	SER	0.18236
593	GLY	0.21756
594	SER	0.18174
595	THR	0.17951
596	ARG	0.07663
597	SER	0.06597
598	ASP	0.04190
599	GLY	0.09479
600	GLY	0.15672
601	ALA	0.16906
602	GLY	0.07321
603	ARG	0.05432
604	THR	0.07035
605	GLY	0.11434
606	ARG	0.06392
607	PRO	0.06973
608	GLU	0.02260
609	GLU	0.04784
610	ARG	0.02029
611	ALA	0.09640
612	PRO	0.05183
613	GLU	0.07819
614	SER	0.09857
615	LYS	0.06645
616	SER	0.14187
617	GLY	0.23553
618	SER	0.14693
619	GLY	0.19469
620	SER	0.05662
621	GLU	0.02021
622	SER	0.05584
623	GLU	0.00971
624	PRO	0.03980
625	SER	0.02383
626	SER	0.04170
627	ARG	0.05104
628	GLY	0.05364
629	GLY	0.02344
630	SER	0.05278
631	LEU	0.02192
632	ARG	0.01858
633	ARG	0.05782
634	GLY	0.03737
635	GLY	0.04438
636	GLU	0.02760
637	ALA	0.04541
638	SER	0.08154
639	GLY	0.00446
640	THR	0.02455
641	SER	0.03599
642	ASP	0.03961
643	GLY	0.03217
644	GLY	0.09752
645	PRO	0.00439
646	PRO	0.01244
647	PRO	0.01466
648	SER	0.11946
649	ARG	0.07106
650	GLY	0.07447
651	SER	0.03895
652	THR	0.03402
653	GLY	0.02829
654	GLY	0.06303
655	ALA	0.06628
656	PRO	0.05541
657	ASN	0.16154
658	LEU	0.02504
659	ARG	0.15995
660	ALA	0.37684
661	HIS	0.09802
662	PRO	0.02554
663	GLY	0.35211
664	LEU	0.01193
665	HIS	0.00726
666	PRO	0.05569
667	TYR	0.00805
668	GLY	0.02328
669	PRO	0.18314
670	PRO	0.02957
671	PRO	0.14878
672	GLY	0.03576
673	MET	0.11649
674	ALA	0.02989
675	LEU	0.01412
676	PRO	0.03575
677	TYR	0.03782
678	ASN	0.03634
679	PRO	0.04251
680	MET	0.02859
681	MET	0.00727
682	VAL	0.00567
683	VAL	0.00809
684	MET	0.00882
685	MET	0.00180
686	PRO	0.00314
687	PRO	0.00292
688	PRO	0.00365
689	PRO	0.00235
690	PRO	0.00192
691	PRO	0.00106
692	VAL	0.01085
693	PRO	0.00421
694	PRO	0.00732
695	ALA	0.00303
696	VAL	0.01541
697	GLN	0.00692
698	PRO	0.01751
699	PRO	0.03342
700	GLY	0.31410
701	ALA	0.05967
702	PRO	0.03244
703	PRO	0.09164
704	VAL	0.04240
705	ARG	0.00807
706	ASP	0.01472
707	LEU	0.01048
708	GLY	0.03943
709	SER	0.03278
710	VAL	0.00576
711	PRO	0.02910
712	PRO	0.01641
713	GLU	0.00825
714	LEU	0.01951
715	THR	0.02277
716	ALA	0.02641
717	SER	0.03975
718	ARG	0.00578
719	GLN	0.04268
720	SER	0.05130
721	PHE	0.05711
722	HIS	0.02049
723	MET	0.05983
724	ALA	0.00744
725	MET	0.00697
726	GLY	0.00585
727	ASN	0.00363
728	PRO	0.01031
729	SER	0.01402
730	GLU	0.00833
731	PHE	0.01722
732	PHE	0.00336
733	VAL	0.01518
734	ASP	0.04153
735	VAL	0.10783
736	MET	0.11848
