/var/spool/slurmd/job609722/slurm_script: line 17: activate: No such file or directory
/home/rpearson/.conda/envs/dssp/bin/python
PROCESSING: /home/rpearson/research/PosValSet/IT/O14641/model_copies/O14641_IT_model3.pdb
Input Data Path : /home/rpearson/research/PosValSet/IT/O14641/model_copies/O14641_IT_model3.pdb
Model Quality Score : 0.09302
Resid	Resname	Score
1	MET	0.04134
2	ALA	0.06775
3	GLY	0.04007
4	SER	0.06103
5	SER	0.01944
6	THR	0.01353
7	GLY	0.02308
8	GLY	0.03667
9	GLY	0.04095
10	GLY	0.06952
11	VAL	0.06298
12	GLY	0.04442
13	GLU	0.02617
14	THR	0.04684
15	LYS	0.03805
16	VAL	0.00786
17	ILE	0.01732
18	TYR	0.01724
19	HIS	0.00403
20	LEU	0.01518
21	ASP	0.01327
22	GLU	0.00942
23	GLU	0.01133
24	GLU	0.00331
25	THR	0.03161
26	PRO	0.01842
27	TYR	0.00918
28	LEU	0.00459
29	VAL	0.00231
30	LYS	0.00677
31	ILE	0.00195
32	PRO	0.00135
33	VAL	0.00434
34	PRO	0.00902
35	ALA	0.02541
36	GLU	0.00723
37	ARG	0.00528
38	ILE	0.00158
39	THR	0.01707
40	LEU	0.00816
41	GLY	0.01080
42	ASP	0.00397
43	PHE	0.00504
44	LYS	0.00812
45	SER	0.01128
46	VAL	0.00566
47	LEU	0.00692
48	GLN	0.00872
49	ARG	0.01682
50	PRO	0.01082
51	ALA	0.00926
52	GLY	0.01804
53	ALA	0.01252
54	LYS	0.00686
55	TYR	0.00505
56	PHE	0.00746
57	PHE	0.00383
58	LYS	0.00974
59	SER	0.04531
60	MET	0.00975
61	ASP	0.01286
62	GLN	0.01558
63	ASP	0.01227
64	PHE	0.01437
65	GLY	0.01722
66	VAL	0.01473
67	VAL	0.00387
68	LYS	0.01165
69	GLU	0.00924
70	GLU	0.02098
71	ILE	0.02017
72	SER	0.04869
73	ASP	0.02929
74	ASP	0.03851
75	ASN	0.01866
76	ALA	0.00474
77	ARG	0.01432
78	LEU	0.00728
79	PRO	0.01102
80	CYS	0.00584
81	PHE	0.00322
82	ASN	0.02107
83	GLY	0.03122
84	ARG	0.00984
85	VAL	0.00843
86	VAL	0.00263
87	SER	0.03590
88	TRP	0.00323
89	LEU	0.01556
90	VAL	0.01043
91	SER	0.00984
92	SER	0.02166
93	ASP	0.01850
94	ASN	0.02483
95	PRO	0.02021
96	GLN	0.09003
97	PRO	0.05210
98	GLU	0.04826
99	MET	0.01437
100	ALA	0.03153
101	PRO	0.02513
102	PRO	0.02327
103	VAL	0.00465
104	HIS	0.05744
105	GLU	0.02882
106	PRO	0.12932
107	ARG	0.07288
108	ALA	0.21719
109	GLU	0.04712
110	LEU	0.03732
111	ALA	0.03610
112	PRO	0.01402
113	PRO	0.03846
114	ALA	0.05882
115	PRO	0.03181
116	PRO	0.04883
117	LEU	0.04960
118	PRO	0.00293
119	PRO	0.08265
120	LEU	0.00363
121	PRO	0.01745
122	PRO	0.01854
123	GLU	0.07126
124	ARG	0.00670
125	THR	0.00342
126	SER	0.00486
127	GLY	0.01394
128	ILE	0.00540
129	GLY	0.02031
130	ASP	0.04223
131	SER	0.10963
132	ARG	0.07032
133	PRO	0.18200
134	PRO	0.43572
135	SER	0.17067
136	PHE	0.01339
137	HIS	0.23747
138	PRO	0.03080
139	ASN	0.06131
140	VAL	0.05947
141	SER	0.04847
142	SER	0.17527
143	SER	0.20278
144	HIS	0.14870
145	GLU	0.17342
146	ASN	0.14296
147	LEU	0.02369
148	GLU	0.02260
149	PRO	0.03299
150	GLU	0.01752
151	THR	0.02224
152	GLU	0.05197
153	THR	0.04084
154	GLU	0.04250
155	SER	0.03230
156	VAL	0.02376
157	VAL	0.05696
158	SER	0.15522
159	LEU	0.20904
160	ARG	0.14649
161	ARG	0.10339
162	GLU	0.05255
163	ARG	0.10362
164	PRO	0.06635
165	ARG	0.01123
166	ARG	0.03334
167	ARG	0.02771
168	ASP	0.04906
169	SER	0.02844
170	SER	0.08204
171	GLU	0.05279
172	HIS	0.11615
173	GLY	0.15554
174	ALA	0.55517
175	GLY	0.33318
176	GLY	0.02988
177	HIS	0.03815
178	ARG	0.04966
179	THR	0.01981
180	GLY	0.19566
181	GLY	0.27249
182	PRO	0.12798
183	SER	0.42608
184	ARG	0.23018
185	LEU	0.34775
186	GLU	0.36584
187	ARG	0.31941
188	HIS	0.04666
189	LEU	0.10699
190	ALA	0.23333
191	GLY	0.10995
192	TYR	0.03190
193	GLU	0.45722
194	SER	0.40166
195	SER	0.04262
196	SER	0.05774
197	THR	0.07291
198	LEU	0.50284
199	MET	0.05405
200	THR	0.08831
201	SER	0.02757
202	GLU	0.12041
203	LEU	0.01651
204	GLU	0.01626
205	SER	0.02905
206	THR	0.01537
207	SER	0.02462
208	LEU	0.01824
209	GLY	0.02447
210	ASP	0.00733
211	SER	0.02460
212	ASP	0.01492
213	GLU	0.01751
214	GLU	0.01139
215	ASP	0.00565
216	THR	0.01908
217	MET	0.00193
218	SER	0.02406
219	ARG	0.01679
220	PHE	0.01076
221	SER	0.12049
222	SER	0.06738
223	SER	0.04519
224	THR	0.02233
225	GLU	0.02151
226	GLN	0.04438
227	SER	0.03185
228	SER	0.04611
229	ALA	0.05487
230	SER	0.02388
231	ARG	0.01160
232	LEU	0.02148
233	LEU	0.00745
234	LYS	0.00540
235	ARG	0.01066
236	HIS	0.01199
237	ARG	0.00587
238	ARG	0.01009
239	ARG	0.00214
240	ARG	0.00633
241	LYS	0.00594
242	GLN	0.00584
243	ARG	0.00329
244	PRO	0.00914
245	PRO	0.00247
246	ARG	0.00099
247	LEU	0.00128
248	GLU	0.00167
249	ARG	0.00186
250	THR	0.00518
251	SER	0.02022
252	SER	0.04788
253	PHE	0.02390
254	SER	0.01760
255	SER	0.10609
256	VAL	0.01182
257	THR	0.00679
258	ASP	0.00456
259	SER	0.01448
260	THR	0.00802
261	MET	0.07652
262	SER	0.02067
263	LEU	0.05073
264	ASN	0.05206
265	ILE	0.13011
266	ILE	0.11114
267	THR	0.58546
268	VAL	0.29008
269	THR	0.80855
270	LEU	0.54465
271	ASN	0.35351
272	MET	0.25727
273	GLU	0.12194
274	LYS	0.32180
275	TYR	0.11857
276	ASN	0.08001
277	PHE	0.24540
278	LEU	0.24009
279	GLY	0.45664
280	ILE	0.77578
281	SER	0.77031
282	ILE	0.49993
283	VAL	0.12908
284	GLY	0.18009
285	GLN	0.02550
286	SER	0.15489
287	ASN	0.15989
288	GLU	0.03427
289	ARG	0.06788
290	GLY	0.05756
291	ASP	0.06431
292	GLY	0.05118
293	GLY	0.14591
294	ILE	0.18800
295	TYR	0.35555
296	ILE	0.30490
297	GLY	0.40216
298	SER	0.17592
299	ILE	0.09472
300	MET	0.16267
301	LYS	0.27734
302	GLY	0.20172
303	GLY	0.42572
304	ALA	0.36250
305	VAL	0.28012
306	ALA	0.28938
307	ALA	0.24258
308	ASP	0.27001
309	GLY	0.39788
310	ARG	0.22103
311	ILE	0.81952
312	GLU	0.49336
313	PRO	0.43191
314	GLY	0.51400
315	ASP	0.78635
316	MET	0.71762
317	LEU	0.58225
318	LEU	0.23113
319	GLN	0.42229
320	VAL	0.25285
321	ASN	0.36910
322	ASP	0.26699
323	MET	0.20182
324	ASN	0.45841
325	PHE	0.12729
326	GLU	0.02726
327	ASN	0.07233
328	MET	0.19948
329	SER	0.04777
330	ASN	0.08331
331	ASP	0.16334
332	ASP	0.07847
333	ALA	0.11109
334	VAL	0.28193
335	ARG	0.29029
336	VAL	0.65813
337	LEU	0.47768
338	ARG	0.49629
339	ASP	0.70277
340	ILE	0.51980
341	VAL	0.13457
342	HIS	0.21896
343	LYS	0.18927
344	PRO	0.25723
345	GLY	0.41044
346	PRO	0.23475
347	ILE	0.64250
348	VAL	0.63012
349	LEU	0.38133
350	THR	0.75608
351	VAL	0.40109
352	ALA	0.28790
353	LYS	0.06302
354	CYS	0.03580
355	TRP	0.02132
356	ASP	0.13125
357	PRO	0.08689
358	SER	0.02423
359	PRO	0.04046
360	GLN	0.12008
361	ALA	0.06665
362	TYR	0.05223
363	PHE	0.00894
364	THR	0.00993
365	LEU	0.02278
366	PRO	0.04573
367	ARG	0.03680
368	ASN	0.05125
369	GLU	0.04607
370	PRO	0.07577
371	ILE	0.03990
372	GLN	0.06224
373	PRO	0.05369
374	ILE	0.01079
375	ASP	0.04007
376	PRO	0.00562
377	ALA	0.02191
378	ALA	0.03233
379	TRP	0.02058
380	VAL	0.03916
381	SER	0.02729
382	HIS	0.01122
383	SER	0.05261
384	ALA	0.02481
385	ALA	0.05868
386	LEU	0.05602
387	THR	0.13274
388	GLY	0.01839
389	THR	0.04359
390	PHE	0.03992
391	PRO	0.04491
392	ALA	0.05868
393	TYR	0.02908
394	PRO	0.00626
395	GLY	0.00628
396	SER	0.22664
397	SER	0.09456
398	SER	0.52389
399	MET	0.12595
400	SER	0.19441
401	THR	0.13288
402	ILE	0.03061
403	THR	0.02514
404	SER	0.06881
405	GLY	0.05228
406	SER	0.01539
407	SER	0.05301
408	LEU	0.01753
409	PRO	0.02741
410	ASP	0.01629
411	GLY	0.03604
412	CYS	0.06544
413	GLU	0.33751
414	GLY	0.22592
415	ARG	0.07147
416	GLY	0.34091
417	LEU	0.18886
418	SER	0.33172
419	VAL	0.10474
420	HIS	0.65058
421	THR	0.60914
422	ASP	0.14186
423	MET	0.37360
424	ALA	0.09529
425	SER	0.08899
426	VAL	0.03731
427	THR	0.11399
428	LYS	0.08408
429	ALA	0.12298
430	MET	0.02785
431	ALA	0.21616
432	ALA	0.11930
433	PRO	0.26818
434	GLU	0.05294
435	SER	0.02885
436	GLY	0.03270
437	LEU	0.00697
438	GLU	0.00818
439	VAL	0.00676
440	ARG	0.27304
441	ASP	0.05909
442	ARG	0.03239
443	MET	0.61952
444	TRP	0.08811
445	LEU	0.39400
446	LYS	0.09882
447	ILE	0.19374
448	THR	0.34091
449	ILE	0.07527
450	PRO	0.07891
451	ASN	0.03873
452	ALA	0.09809
453	PHE	0.09133
454	LEU	0.02197
455	GLY	0.14893
456	SER	0.20782
457	ASP	0.20845
458	VAL	0.47515
459	VAL	0.19680
460	ASP	0.45914
461	TRP	0.08544
462	LEU	0.19109
463	TYR	0.05639
464	HIS	0.17605
465	HIS	0.01338
466	VAL	0.10362
467	GLU	0.01286
468	GLY	0.04453
469	PHE	0.06776
470	PRO	0.13195
471	GLU	0.27406
472	ARG	0.05557
473	ARG	0.28428
474	GLU	0.09901
475	ALA	0.03837
476	ARG	0.01030
477	LYS	0.02478
478	TYR	0.01164
479	ALA	0.00932
480	SER	0.01170
481	GLY	0.04681
482	LEU	0.07532
483	LEU	0.10897
484	LYS	0.06882
485	ALA	0.05776
486	GLY	0.11937
487	LEU	0.02132
488	ILE	0.05357
489	ARG	0.04171
490	HIS	0.01436
491	THR	0.07904
492	VAL	0.01645
493	ASN	0.00877
494	LYS	0.01056
495	ILE	0.01149
496	THR	0.01523
497	PHE	0.00239
498	SER	0.00767
499	GLU	0.01420
500	GLN	0.02170
501	CYS	0.01358
502	TYR	0.00220
503	TYR	0.00801
504	VAL	0.00196
505	PHE	0.00195
506	GLY	0.00769
507	ASP	0.01298
508	LEU	0.00169
509	SER	0.00563
510	GLY	0.03638
511	GLY	0.16195
512	CYS	0.01907
513	GLU	0.02792
514	SER	0.02479
515	TYR	0.00868
516	LEU	0.00200
517	VAL	0.00724
518	ASN	0.00609
519	LEU	0.00505
520	SER	0.00877
521	LEU	0.00638
522	ASN	0.01676
523	ASP	0.00159
524	ASN	0.00209
525	ASP	0.04202
526	GLY	0.04345
527	SER	0.07782
528	SER	0.06030
529	GLY	0.03208
530	ALA	0.02559
531	SER	0.02309
532	ASP	0.01516
533	GLN	0.01763
534	ASP	0.01952
535	THR	0.00424
536	LEU	0.00899
537	ALA	0.01839
538	PRO	0.09063
539	LEU	0.02579
540	PRO	0.02319
541	GLY	0.02552
542	ALA	0.00602
543	THR	0.00504
544	PRO	0.00347
545	TRP	0.00199
546	PRO	0.01033
547	LEU	0.00470
548	LEU	0.00131
549	PRO	0.02064
550	THR	0.01101
551	PHE	0.00880
552	SER	0.01338
553	TYR	0.01741
554	GLN	0.01076
555	TYR	0.00313
556	PRO	0.00966
557	ALA	0.01617
558	PRO	0.00568
559	HIS	0.00417
560	PRO	0.00929
561	TYR	0.01741
562	SER	0.10233
563	PRO	0.36870
564	GLN	0.03637
565	PRO	0.01660
566	PRO	0.03466
567	PRO	0.00950
568	TYR	0.03037
569	HIS	0.02098
570	GLU	0.04126
571	LEU	0.01215
572	SER	0.04960
573	SER	0.05199
574	TYR	0.00600
575	THR	0.02800
576	TYR	0.00615
577	GLY	0.02379
578	GLY	0.24524
579	GLY	0.12296
580	SER	0.09005
581	ALA	0.09787
582	SER	0.34185
583	SER	0.30417
584	GLN	0.08900
585	HIS	0.10909
586	SER	0.12328
587	GLU	0.22226
588	GLY	0.27377
589	SER	0.04421
590	ARG	0.06837
591	SER	0.04269
592	SER	0.05379
593	GLY	0.19870
594	SER	0.03622
595	THR	0.06951
596	ARG	0.03711
597	SER	0.00657
598	ASP	0.01885
599	GLY	0.05649
600	GLY	0.06341
601	ALA	0.07066
602	GLY	0.13572
603	ARG	0.04898
604	THR	0.03022
605	GLY	0.03804
606	ARG	0.01097
607	PRO	0.01799
608	GLU	0.00713
609	GLU	0.02051
610	ARG	0.01922
611	ALA	0.01007
612	PRO	0.03206
613	GLU	0.02726
614	SER	0.02868
615	LYS	0.00762
616	SER	0.02160
617	GLY	0.09657
618	SER	0.01708
619	GLY	0.19375
620	SER	0.02133
621	GLU	0.02966
622	SER	0.08060
623	GLU	0.03769
624	PRO	0.02054
625	SER	0.11655
626	SER	0.44772
627	ARG	0.09442
628	GLY	0.49616
629	GLY	0.01287
630	SER	0.07145
631	LEU	0.00926
632	ARG	0.04846
633	ARG	0.01732
634	GLY	0.05950
635	GLY	0.02847
636	GLU	0.05706
637	ALA	0.03900
638	SER	0.05659
639	GLY	0.22887
640	THR	0.07752
641	SER	0.05019
642	ASP	0.01501
643	GLY	0.03546
644	GLY	0.08630
645	PRO	0.08532
646	PRO	0.06511
647	PRO	0.10545
648	SER	0.03953
649	ARG	0.02735
650	GLY	0.37368
651	SER	0.02091
652	THR	0.09337
653	GLY	0.02334
654	GLY	0.17095
655	ALA	0.08915
656	PRO	0.04090
657	ASN	0.00524
658	LEU	0.01307
659	ARG	0.01082
660	ALA	0.02443
661	HIS	0.02952
662	PRO	0.00282
663	GLY	0.00426
664	LEU	0.01124
665	HIS	0.02664
666	PRO	0.07494
667	TYR	0.01869
668	GLY	0.07067
669	PRO	0.02723
670	PRO	0.10130
671	PRO	0.08282
672	GLY	0.01703
673	MET	0.03305
674	ALA	0.02064
675	LEU	0.07501
676	PRO	0.03025
677	TYR	0.00891
678	ASN	0.03530
679	PRO	0.04489
680	MET	0.02467
681	MET	0.03133
682	VAL	0.00756
683	VAL	0.02179
684	MET	0.02347
685	MET	0.00340
686	PRO	0.00577
687	PRO	0.01598
688	PRO	0.01777
689	PRO	0.01037
690	PRO	0.00252
691	PRO	0.00640
692	VAL	0.00154
693	PRO	0.00515
694	PRO	0.00635
695	ALA	0.00245
696	VAL	0.00159
697	GLN	0.00119
698	PRO	0.00286
699	PRO	0.00215
700	GLY	0.01146
701	ALA	0.00436
702	PRO	0.04058
703	PRO	0.07479
704	VAL	0.06162
705	ARG	0.06952
706	ASP	0.08561
707	LEU	0.02349
708	GLY	0.05388
709	SER	0.02264
710	VAL	0.03344
711	PRO	0.02082
712	PRO	0.01795
713	GLU	0.01861
714	LEU	0.01303
715	THR	0.01093
716	ALA	0.05816
717	SER	0.07017
718	ARG	0.15112
719	GLN	0.07361
720	SER	0.16579
721	PHE	0.08173
722	HIS	0.03290
723	MET	0.07553
724	ALA	0.12788
725	MET	0.02690
726	GLY	0.01333
727	ASN	0.00437
728	PRO	0.01768
729	SER	0.02700
730	GLU	0.00249
731	PHE	0.00649
732	PHE	0.00562
733	VAL	0.04496
734	ASP	0.01959
735	VAL	0.01760
736	MET	0.02152
