/var/spool/slurmd/job609723/slurm_script: line 17: activate: No such file or directory
/home/rpearson/.conda/envs/dssp/bin/python
PROCESSING: /home/rpearson/research/PosValSet/IT/O14641/model_copies/O14641_IT_model4.pdb
Input Data Path : /home/rpearson/research/PosValSet/IT/O14641/model_copies/O14641_IT_model4.pdb
Model Quality Score : 0.07619
Resid	Resname	Score
1	MET	0.00475
2	ALA	0.08369
3	GLY	0.04275
4	SER	0.03244
5	SER	0.05628
6	THR	0.06712
7	GLY	0.04501
8	GLY	0.05508
9	GLY	0.07003
10	GLY	0.01286
11	VAL	0.01167
12	GLY	0.01265
13	GLU	0.02759
14	THR	0.02439
15	LYS	0.02237
16	VAL	0.02117
17	ILE	0.01930
18	TYR	0.01481
19	HIS	0.01328
20	LEU	0.00509
21	ASP	0.00746
22	GLU	0.01802
23	GLU	0.01034
24	GLU	0.02447
25	THR	0.02846
26	PRO	0.00594
27	TYR	0.00285
28	LEU	0.00288
29	VAL	0.00456
30	LYS	0.02010
31	ILE	0.01384
32	PRO	0.00940
33	VAL	0.02601
34	PRO	0.00980
35	ALA	0.03137
36	GLU	0.01520
37	ARG	0.00350
38	ILE	0.01388
39	THR	0.01857
40	LEU	0.01618
41	GLY	0.03080
42	ASP	0.04182
43	PHE	0.00904
44	LYS	0.01828
45	SER	0.02216
46	VAL	0.02612
47	LEU	0.00435
48	GLN	0.04129
49	ARG	0.02751
50	PRO	0.07045
51	ALA	0.03813
52	GLY	0.03126
53	ALA	0.01612
54	LYS	0.01537
55	TYR	0.01369
56	PHE	0.00964
57	PHE	0.00913
58	LYS	0.00721
59	SER	0.00681
60	MET	0.00969
61	ASP	0.01763
62	GLN	0.00837
63	ASP	0.00798
64	PHE	0.00698
65	GLY	0.02061
66	VAL	0.01879
67	VAL	0.00588
68	LYS	0.01021
69	GLU	0.00300
70	GLU	0.00424
71	ILE	0.00363
72	SER	0.00867
73	ASP	0.00357
74	ASP	0.01675
75	ASN	0.01477
76	ALA	0.01913
77	ARG	0.00626
78	LEU	0.00932
79	PRO	0.03034
80	CYS	0.06024
81	PHE	0.05554
82	ASN	0.20177
83	GLY	0.05676
84	ARG	0.16013
85	VAL	0.01427
86	VAL	0.08359
87	SER	0.17337
88	TRP	0.01077
89	LEU	0.01298
90	VAL	0.01104
91	SER	0.02924
92	SER	0.03395
93	ASP	0.07383
94	ASN	0.04837
95	PRO	0.03455
96	GLN	0.02815
97	PRO	0.08489
98	GLU	0.07121
99	MET	0.03760
100	ALA	0.05800
101	PRO	0.03810
102	PRO	0.03330
103	VAL	0.01087
104	HIS	0.01134
105	GLU	0.04601
106	PRO	0.01567
107	ARG	0.01281
108	ALA	0.00429
109	GLU	0.07601
110	LEU	0.02423
111	ALA	0.02106
112	PRO	0.00998
113	PRO	0.01447
114	ALA	0.01723
115	PRO	0.00916
116	PRO	0.01941
117	LEU	0.00407
118	PRO	0.00896
119	PRO	0.01651
120	LEU	0.01871
121	PRO	0.01046
122	PRO	0.02336
123	GLU	0.02182
124	ARG	0.02954
125	THR	0.06600
126	SER	0.05101
127	GLY	0.04233
128	ILE	0.02989
129	GLY	0.10584
130	ASP	0.02604
131	SER	0.00914
132	ARG	0.02941
133	PRO	0.03040
134	PRO	0.09839
135	SER	0.45007
136	PHE	0.11463
137	HIS	0.02221
138	PRO	0.03938
139	ASN	0.02643
140	VAL	0.03979
141	SER	0.00678
142	SER	0.00240
143	SER	0.00760
144	HIS	0.01441
145	GLU	0.03793
146	ASN	0.02149
147	LEU	0.16445
148	GLU	0.05943
149	PRO	0.05413
150	GLU	0.04979
151	THR	0.11275
152	GLU	0.07437
153	THR	0.07678
154	GLU	0.07101
155	SER	0.06318
156	VAL	0.04652
157	VAL	0.03404
158	SER	0.01364
159	LEU	0.02307
160	ARG	0.10606
161	ARG	0.01141
162	GLU	0.11021
163	ARG	0.06620
164	PRO	0.14945
165	ARG	0.00459
166	ARG	0.09020
167	ARG	0.02305
168	ASP	0.03368
169	SER	0.02205
170	SER	0.08044
171	GLU	0.12042
172	HIS	0.06190
173	GLY	0.01835
174	ALA	0.02171
175	GLY	0.39897
176	GLY	0.10893
177	HIS	0.06215
178	ARG	0.02961
179	THR	0.02911
180	GLY	0.12335
181	GLY	0.09686
182	PRO	0.14310
183	SER	0.19859
184	ARG	0.16071
185	LEU	0.10151
186	GLU	0.18110
187	ARG	0.11439
188	HIS	0.00922
189	LEU	0.11697
190	ALA	0.04888
191	GLY	0.04271
192	TYR	0.00573
193	GLU	0.00898
194	SER	0.07464
195	SER	0.06776
196	SER	0.04710
197	THR	0.19704
198	LEU	0.03119
199	MET	0.05577
200	THR	0.01195
201	SER	0.08753
202	GLU	0.04448
203	LEU	0.00522
204	GLU	0.17089
205	SER	0.02461
206	THR	0.12840
207	SER	0.05486
208	LEU	0.03194
209	GLY	0.07995
210	ASP	0.01650
211	SER	0.01561
212	ASP	0.01993
213	GLU	0.02647
214	GLU	0.01072
215	ASP	0.01623
216	THR	0.02562
217	MET	0.03896
218	SER	0.01205
219	ARG	0.01497
220	PHE	0.01784
221	SER	0.01770
222	SER	0.03758
223	SER	0.03708
224	THR	0.01865
225	GLU	0.05346
226	GLN	0.06961
227	SER	0.02197
228	SER	0.12887
229	ALA	0.18137
230	SER	0.26159
231	ARG	0.18877
232	LEU	0.03767
233	LEU	0.07686
234	LYS	0.05214
235	ARG	0.01961
236	HIS	0.06344
237	ARG	0.04471
238	ARG	0.01838
239	ARG	0.16669
240	ARG	0.13651
241	LYS	0.37255
242	GLN	0.04183
243	ARG	0.01476
244	PRO	0.03354
245	PRO	0.23291
246	ARG	0.11718
247	LEU	0.10455
248	GLU	0.07936
249	ARG	0.13163
250	THR	0.18460
251	SER	0.41838
252	SER	0.21760
253	PHE	0.02951
254	SER	0.16260
255	SER	0.10393
256	VAL	0.05703
257	THR	0.06247
258	ASP	0.08269
259	SER	0.29384
260	THR	0.60143
261	MET	0.22750
262	SER	0.12962
263	LEU	0.02579
264	ASN	0.05298
265	ILE	0.16713
266	ILE	0.03301
267	THR	0.03091
268	VAL	0.02159
269	THR	0.00730
270	LEU	0.02249
271	ASN	0.02407
272	MET	0.01995
273	GLU	0.09352
274	LYS	0.10721
275	TYR	0.03056
276	ASN	0.02149
277	PHE	0.01035
278	LEU	0.02131
279	GLY	0.06307
280	ILE	0.03512
281	SER	0.13558
282	ILE	0.06399
283	VAL	0.02540
284	GLY	0.07139
285	GLN	0.05567
286	SER	0.04231
287	ASN	0.11844
288	GLU	0.03353
289	ARG	0.03013
290	GLY	0.06466
291	ASP	0.12686
292	GLY	0.17649
293	GLY	0.08863
294	ILE	0.20817
295	TYR	0.05839
296	ILE	0.06840
297	GLY	0.13092
298	SER	0.02851
299	ILE	0.01193
300	MET	0.00924
301	LYS	0.00483
302	GLY	0.04134
303	GLY	0.01376
304	ALA	0.03336
305	VAL	0.03889
306	ALA	0.12879
307	ALA	0.11283
308	ASP	0.02562
309	GLY	0.02870
310	ARG	0.01366
311	ILE	0.01803
312	GLU	0.01837
313	PRO	0.02194
314	GLY	0.00835
315	ASP	0.02391
316	MET	0.07536
317	LEU	0.04021
318	LEU	0.32410
319	GLN	0.04178
320	VAL	0.16363
321	ASN	0.10443
322	ASP	0.09949
323	MET	0.03138
324	ASN	0.02632
325	PHE	0.02170
326	GLU	0.05065
327	ASN	0.03806
328	MET	0.07655
329	SER	0.05665
330	ASN	0.02153
331	ASP	0.02640
332	ASP	0.02638
333	ALA	0.18272
334	VAL	0.01805
335	ARG	0.03809
336	VAL	0.04373
337	LEU	0.04090
338	ARG	0.02091
339	ASP	0.04889
340	ILE	0.08155
341	VAL	0.02648
342	HIS	0.01036
343	LYS	0.09316
344	PRO	0.08808
345	GLY	0.02790
346	PRO	0.11585
347	ILE	0.01481
348	VAL	0.00679
349	LEU	0.04804
350	THR	0.02595
351	VAL	0.03111
352	ALA	0.19016
353	LYS	0.10959
354	CYS	0.10851
355	TRP	0.11301
356	ASP	0.10106
357	PRO	0.04067
358	SER	0.14196
359	PRO	0.05746
360	GLN	0.02749
361	ALA	0.00902
362	TYR	0.00575
363	PHE	0.01021
364	THR	0.01193
365	LEU	0.03154
366	PRO	0.02952
367	ARG	0.03763
368	ASN	0.10709
369	GLU	0.02340
370	PRO	0.07332
371	ILE	0.17628
372	GLN	0.14155
373	PRO	0.05874
374	ILE	0.01114
375	ASP	0.04373
376	PRO	0.07989
377	ALA	0.04428
378	ALA	0.04203
379	TRP	0.00714
380	VAL	0.01673
381	SER	0.00831
382	HIS	0.03899
383	SER	0.01411
384	ALA	0.08572
385	ALA	0.04036
386	LEU	0.01406
387	THR	0.03224
388	GLY	0.05547
389	THR	0.04003
390	PHE	0.01470
391	PRO	0.00271
392	ALA	0.01594
393	TYR	0.01087
394	PRO	0.02994
395	GLY	0.09105
396	SER	0.00529
397	SER	0.01077
398	SER	0.05155
399	MET	0.03291
400	SER	0.01177
401	THR	0.01039
402	ILE	0.00742
403	THR	0.00834
404	SER	0.00502
405	GLY	0.05188
406	SER	0.03793
407	SER	0.03666
408	LEU	0.09471
409	PRO	0.07181
410	ASP	0.03699
411	GLY	0.05694
412	CYS	0.06886
413	GLU	0.04672
414	GLY	0.34256
415	ARG	0.02793
416	GLY	0.03998
417	LEU	0.04577
418	SER	0.01484
419	VAL	0.03044
420	HIS	0.00861
421	THR	0.04816
422	ASP	0.02902
423	MET	0.05863
424	ALA	0.00971
425	SER	0.01317
426	VAL	0.01514
427	THR	0.00385
428	LYS	0.00271
429	ALA	0.00644
430	MET	0.02106
431	ALA	0.02150
432	ALA	0.13180
433	PRO	0.03948
434	GLU	0.04306
435	SER	0.02103
436	GLY	0.03572
437	LEU	0.01770
438	GLU	0.00443
439	VAL	0.00748
440	ARG	0.00243
441	ASP	0.00225
442	ARG	0.00628
443	MET	0.00811
444	TRP	0.01573
445	LEU	0.00711
446	LYS	0.01022
447	ILE	0.00462
448	THR	0.00725
449	ILE	0.00609
450	PRO	0.02968
451	ASN	0.01625
452	ALA	0.00947
453	PHE	0.00353
454	LEU	0.00425
455	GLY	0.00598
456	SER	0.00155
457	ASP	0.00661
458	VAL	0.00918
459	VAL	0.03137
460	ASP	0.02018
461	TRP	0.01950
462	LEU	0.01165
463	TYR	0.00525
464	HIS	0.00859
465	HIS	0.01999
466	VAL	0.02012
467	GLU	0.01990
468	GLY	0.02292
469	PHE	0.01608
470	PRO	0.02201
471	GLU	0.00916
472	ARG	0.02199
473	ARG	0.02004
474	GLU	0.01115
475	ALA	0.00522
476	ARG	0.02459
477	LYS	0.01789
478	TYR	0.03268
479	ALA	0.03926
480	SER	0.04642
481	GLY	0.01923
482	LEU	0.00230
483	LEU	0.00764
484	LYS	0.00651
485	ALA	0.05888
486	GLY	0.00794
487	LEU	0.00356
488	ILE	0.02915
489	ARG	0.04158
490	HIS	0.00372
491	THR	0.00278
492	VAL	0.00841
493	ASN	0.00046
494	LYS	0.00605
495	ILE	0.00370
496	THR	0.00708
497	PHE	0.00423
498	SER	0.02102
499	GLU	0.02762
500	GLN	0.00527
501	CYS	0.00084
502	TYR	0.00469
503	TYR	0.01358
504	VAL	0.00919
505	PHE	0.00370
506	GLY	0.00919
507	ASP	0.01291
508	LEU	0.01316
509	SER	0.02402
510	GLY	0.04707
511	GLY	0.02292
512	CYS	0.00472
513	GLU	0.00418
514	SER	0.00980
515	TYR	0.00117
516	LEU	0.04225
517	VAL	0.03120
518	ASN	0.02295
519	LEU	0.07466
520	SER	0.03800
521	LEU	0.02265
522	ASN	0.11934
523	ASP	0.07717
524	ASN	0.06375
525	ASP	0.08164
526	GLY	0.12436
527	SER	0.53995
528	SER	0.02391
529	GLY	0.04042
530	ALA	0.00853
531	SER	0.00520
532	ASP	0.01399
533	GLN	0.00178
534	ASP	0.00319
535	THR	0.00675
536	LEU	0.00220
537	ALA	0.01244
538	PRO	0.00439
539	LEU	0.00243
540	PRO	0.00777
541	GLY	0.00909
542	ALA	0.00318
543	THR	0.02543
544	PRO	0.11833
545	TRP	0.00508
546	PRO	0.03733
547	LEU	0.31497
548	LEU	0.01722
549	PRO	0.06159
550	THR	0.04587
551	PHE	0.20689
552	SER	0.03978
553	TYR	0.09567
554	GLN	0.09056
555	TYR	0.13802
556	PRO	0.29520
557	ALA	0.10180
558	PRO	0.02612
559	HIS	0.43064
560	PRO	0.14622
561	TYR	0.18521
562	SER	0.17460
563	PRO	0.02296
564	GLN	0.13601
565	PRO	0.19453
566	PRO	0.04968
567	PRO	0.11528
568	TYR	0.22604
569	HIS	0.04231
570	GLU	0.02520
571	LEU	0.03646
572	SER	0.06656
573	SER	0.03424
574	TYR	0.02221
575	THR	0.01493
576	TYR	0.02819
577	GLY	0.04337
578	GLY	0.11015
579	GLY	0.07749
580	SER	0.10056
581	ALA	0.05074
582	SER	0.03538
583	SER	0.05393
584	GLN	0.15407
585	HIS	0.04942
586	SER	0.02633
587	GLU	0.09152
588	GLY	0.64665
589	SER	0.44862
590	ARG	0.50954
591	SER	0.32994
592	SER	0.06590
593	GLY	0.14190
594	SER	0.24812
595	THR	0.34429
596	ARG	0.10984
597	SER	0.14357
598	ASP	0.03723
599	GLY	0.06317
600	GLY	0.04758
601	ALA	0.02359
602	GLY	0.00644
603	ARG	0.00867
604	THR	0.03898
605	GLY	0.00303
606	ARG	0.00563
607	PRO	0.01429
608	GLU	0.01204
609	GLU	0.08204
610	ARG	0.05236
611	ALA	0.09033
612	PRO	0.15448
613	GLU	0.14893
614	SER	0.10020
615	LYS	0.08259
616	SER	0.29692
617	GLY	0.33074
618	SER	0.18415
619	GLY	0.17139
620	SER	0.07145
621	GLU	0.07770
622	SER	0.08699
623	GLU	0.07515
624	PRO	0.09183
625	SER	0.06059
626	SER	0.31493
627	ARG	0.13714
628	GLY	0.25063
629	GLY	0.17125
630	SER	0.29853
631	LEU	0.09689
632	ARG	0.16872
633	ARG	0.06568
634	GLY	0.12196
635	GLY	0.21333
636	GLU	0.19542
637	ALA	0.16186
638	SER	0.28084
639	GLY	0.31426
640	THR	0.30099
641	SER	0.32021
642	ASP	0.50233
643	GLY	0.37962
644	GLY	0.18489
645	PRO	0.24928
646	PRO	0.31422
647	PRO	0.10765
648	SER	0.19107
649	ARG	0.11472
650	GLY	0.27543
651	SER	0.38991
652	THR	0.31107
653	GLY	0.33171
654	GLY	0.62554
655	ALA	0.55156
656	PRO	0.69516
657	ASN	0.57725
658	LEU	0.17289
659	ARG	0.44641
660	ALA	0.33249
661	HIS	0.06441
662	PRO	0.01376
663	GLY	0.02959
664	LEU	0.01237
665	HIS	0.01207
666	PRO	0.09562
667	TYR	0.12498
668	GLY	0.03661
669	PRO	0.03362
670	PRO	0.13377
671	PRO	0.33396
672	GLY	0.06659
673	MET	0.02605
674	ALA	0.26278
675	LEU	0.31602
676	PRO	0.23373
677	TYR	0.35588
678	ASN	0.03982
679	PRO	0.32205
680	MET	0.13630
681	MET	0.10818
682	VAL	0.24653
683	VAL	0.49588
684	MET	0.05242
685	MET	0.39345
686	PRO	0.36143
687	PRO	0.08765
688	PRO	0.05324
689	PRO	0.04605
690	PRO	0.10816
691	PRO	0.06280
692	VAL	0.08997
693	PRO	0.09320
694	PRO	0.22408
695	ALA	0.03944
696	VAL	0.01071
697	GLN	0.14835
698	PRO	0.04536
699	PRO	0.05494
700	GLY	0.02959
701	ALA	0.01153
702	PRO	0.01934
703	PRO	0.01627
704	VAL	0.01520
705	ARG	0.03134
706	ASP	0.11543
707	LEU	0.02751
708	GLY	0.01209
709	SER	0.01769
710	VAL	0.00923
711	PRO	0.03139
712	PRO	0.01067
713	GLU	0.01169
714	LEU	0.01374
715	THR	0.02736
716	ALA	0.05617
717	SER	0.16538
718	ARG	0.07008
719	GLN	0.10699
720	SER	0.05807
721	PHE	0.16124
722	HIS	0.31425
723	MET	0.31904
724	ALA	0.09082
725	MET	0.54536
726	GLY	0.10389
727	ASN	0.46097
728	PRO	0.12681
729	SER	0.59415
730	GLU	0.21887
731	PHE	0.19085
732	PHE	0.08448
733	VAL	0.03661
734	ASP	0.01841
735	VAL	0.01347
736	MET	0.00261
