/var/spool/slurmd/job609706/slurm_script: line 17: activate: No such file or directory
/home/rpearson/.conda/envs/dssp/bin/python
PROCESSING: /home/rpearson/research/NegValSet/IT/P03034/model_copies/P03034_IT_model2.pdb
Input Data Path : /home/rpearson/research/NegValSet/IT/P03034/model_copies/P03034_IT_model2.pdb
Model Quality Score : 0.38776
Resid	Resname	Score
1	MET	0.08697
2	SER	0.08702
3	THR	0.04638
4	LYS	0.07378
5	LYS	0.05057
6	LYS	0.11960
7	PRO	0.28794
8	LEU	0.10039
9	THR	0.20759
10	GLN	0.07464
11	GLU	0.46701
12	GLN	0.23395
13	LEU	0.41102
14	GLU	0.37198
15	ASP	0.14830
16	ALA	0.66016
17	ARG	0.33130
18	ARG	0.16145
19	LEU	0.29720
20	LYS	0.24236
21	ALA	0.19362
22	ILE	0.33801
23	TYR	0.23971
24	GLU	0.38544
25	LYS	0.30638
26	LYS	0.17739
27	LYS	0.13952
28	ASN	0.16938
29	GLU	0.09778
30	LEU	0.04583
31	GLY	0.51576
32	LEU	0.59875
33	SER	0.77325
34	GLN	0.42244
35	GLU	0.75889
36	SER	0.83144
37	VAL	0.75668
38	ALA	0.77892
39	ASP	0.76798
40	LYS	0.70044
41	MET	0.61433
42	GLY	0.37995
43	MET	0.66990
44	GLY	0.34417
45	GLN	0.37582
46	SER	0.63162
47	GLY	0.40709
48	VAL	0.79961
49	GLY	0.39904
50	ALA	0.22057
51	LEU	0.63669
52	PHE	0.55330
53	ASN	0.13045
54	GLY	0.08810
55	ILE	0.08491
56	ASN	0.09657
57	ALA	0.13642
58	LEU	0.12297
59	ASN	0.08644
60	ALA	0.13691
61	TYR	0.40485
62	ASN	0.15651
63	ALA	0.26198
64	ALA	0.57905
65	LEU	0.25170
66	LEU	0.64496
67	ALA	0.63109
68	LYS	0.53866
69	ILE	0.72175
70	LEU	0.61659
71	LYS	0.24839
72	VAL	0.21207
73	SER	0.22038
74	VAL	0.50365
75	GLU	0.18985
76	GLU	0.12554
77	PHE	0.15617
78	SER	0.26532
79	PRO	0.10227
80	SER	0.08608
81	ILE	0.18528
82	ALA	0.05755
83	ARG	0.05256
84	GLU	0.07297
85	ILE	0.00877
86	TYR	0.03112
87	GLU	0.02604
88	MET	0.00428
89	TYR	0.00270
90	GLU	0.01712
91	ALA	0.05510
92	VAL	0.01782
93	SER	0.07386
94	MET	0.01273
95	GLN	0.00542
96	PRO	0.03027
97	SER	0.01300
98	LEU	0.00839
99	ARG	0.01885
100	SER	0.03174
101	GLU	0.02841
102	TYR	0.01255
103	GLU	0.01016
104	TYR	0.03408
105	PRO	0.05468
106	VAL	0.59970
107	PHE	0.45207
108	SER	0.54653
109	HIS	0.86130
110	VAL	0.89913
111	GLN	0.50137
112	ALA	0.42709
113	GLY	0.75311
114	MET	0.23188
115	PHE	0.27223
116	SER	0.54717
117	PRO	0.68453
118	GLU	0.23560
119	LEU	0.23543
120	ARG	0.39952
121	THR	0.46598
122	PHE	0.37073
123	THR	0.87705
124	LYS	0.83163
125	GLY	0.42670
126	ASP	0.33940
127	ALA	0.39024
128	GLU	0.19237
129	ARG	0.14955
130	TRP	0.17875
131	VAL	0.23589
132	SER	0.10850
133	THR	0.08195
134	THR	0.06881
135	LYS	0.05302
136	LYS	0.07870
137	ALA	0.12497
138	SER	0.12105
139	ASP	0.07674
140	SER	0.11806
141	ALA	0.19855
142	PHE	0.15867
143	TRP	0.40622
144	LEU	0.85696
145	GLU	0.92436
146	VAL	0.64802
147	GLU	0.73162
148	GLY	0.36336
149	ASN	0.33548
150	SER	0.16612
151	MET	0.47761
152	THR	0.11703
153	ALA	0.04125
154	PRO	0.06585
155	THR	0.19547
156	GLY	0.36102
157	SER	0.13682
158	LYS	0.12078
159	PRO	0.11074
160	SER	0.32827
161	PHE	0.30124
162	PRO	0.81979
163	ASP	0.56212
164	GLY	0.69367
165	MET	0.93750
166	LEU	0.72659
167	ILE	0.87956
168	LEU	0.70854
169	VAL	0.84637
170	ASP	0.64541
171	PRO	0.65146
172	GLU	0.86050
173	GLN	0.46077
174	ALA	0.95905
175	VAL	0.27257
176	GLU	0.50516
177	PRO	0.73206
178	GLY	0.53588
179	ASP	0.35513
180	PHE	0.45637
181	CYS	0.93717
182	ILE	0.96240
183	ALA	0.97374
184	ARG	0.73586
185	LEU	0.54474
186	GLY	0.48378
187	GLY	0.80249
188	ASP	0.91635
189	GLU	0.49143
190	PHE	0.83182
191	THR	0.96687
192	PHE	0.72503
193	LYS	0.55828
194	LYS	0.34884
195	LEU	0.59999
196	ILE	0.76237
197	ARG	0.48560
198	ASP	0.60162
199	SER	0.45841
200	GLY	0.56806
201	GLN	0.74854
202	VAL	0.65115
203	PHE	0.80517
204	LEU	0.33520
205	GLN	0.16659
206	PRO	0.68197
207	LEU	0.29699
208	ASN	0.11521
209	PRO	0.13610
210	GLN	0.23612
211	TYR	0.08696
212	PRO	0.59843
213	MET	0.46466
214	ILE	0.72992
215	PRO	0.57644
216	CYS	0.29613
217	ASN	0.37157
218	GLU	0.33202
219	SER	0.47412
220	CYS	0.85877
221	SER	0.95410
222	VAL	0.77410
223	VAL	0.97903
224	GLY	0.85328
225	LYS	0.72586
226	VAL	0.83143
227	ILE	0.49464
228	ALA	0.36072
229	SER	0.68400
230	GLN	0.17633
231	TRP	0.18602
232	PRO	0.28550
233	GLU	0.06369
234	GLU	0.44547
235	THR	0.31242
236	PHE	0.15942
237	GLY	0.15139
