/var/spool/slurmd/job609709/slurm_script: line 17: activate: No such file or directory
/home/rpearson/.conda/envs/dssp/bin/python
PROCESSING: /home/rpearson/research/NegValSet/IT/P03034/model_copies/P03034_IT_model5.pdb
Input Data Path : /home/rpearson/research/NegValSet/IT/P03034/model_copies/P03034_IT_model5.pdb
Model Quality Score : 0.33290
Resid	Resname	Score
1	MET	0.03621
2	SER	0.05839
3	THR	0.02757
4	LYS	0.03572
5	LYS	0.03770
6	LYS	0.04271
7	PRO	0.03009
8	LEU	0.04142
9	THR	0.07085
10	GLN	0.42215
11	GLU	0.11406
12	GLN	0.14326
13	LEU	0.13924
14	GLU	0.15059
15	ASP	0.59593
16	ALA	0.10048
17	ARG	0.26914
18	ARG	0.60663
19	LEU	0.52000
20	LYS	0.06788
21	ALA	0.45369
22	ILE	0.45614
23	TYR	0.48908
24	GLU	0.30880
25	LYS	0.24256
26	LYS	0.19634
27	LYS	0.25445
28	ASN	0.11802
29	GLU	0.10924
30	LEU	0.33785
31	GLY	0.36289
32	LEU	0.45660
33	SER	0.51267
34	GLN	0.27759
35	GLU	0.67510
36	SER	0.67047
37	VAL	0.69691
38	ALA	0.60630
39	ASP	0.47413
40	LYS	0.88184
41	MET	0.77813
42	GLY	0.67986
43	MET	0.35883
44	GLY	0.30851
45	GLN	0.26666
46	SER	0.44985
47	GLY	0.09275
48	VAL	0.33769
49	GLY	0.21456
50	ALA	0.35131
51	LEU	0.15786
52	PHE	0.29795
53	ASN	0.05455
54	GLY	0.14031
55	ILE	0.20664
56	ASN	0.04769
57	ALA	0.16120
58	LEU	0.10882
59	ASN	0.02101
60	ALA	0.11113
61	TYR	0.01693
62	ASN	0.03040
63	ALA	0.06395
64	ALA	0.23098
65	LEU	0.00496
66	LEU	0.07223
67	ALA	0.14406
68	LYS	0.11186
69	ILE	0.05649
70	LEU	0.07580
71	LYS	0.13329
72	VAL	0.11447
73	SER	0.18375
74	VAL	0.01361
75	GLU	0.03064
76	GLU	0.03717
77	PHE	0.05330
78	SER	0.11259
79	PRO	0.16655
80	SER	0.06721
81	ILE	0.08956
82	ALA	0.20124
83	ARG	0.03700
84	GLU	0.16668
85	ILE	0.10036
86	TYR	0.01947
87	GLU	0.06076
88	MET	0.01447
89	TYR	0.00890
90	GLU	0.02442
91	ALA	0.16128
92	VAL	0.03981
93	SER	0.02338
94	MET	0.00654
95	GLN	0.01761
96	PRO	0.02168
97	SER	0.21336
98	LEU	0.00804
99	ARG	0.00503
100	SER	0.05320
101	GLU	0.00816
102	TYR	0.00649
103	GLU	0.00294
104	TYR	0.06763
105	PRO	0.03529
106	VAL	0.19537
107	PHE	0.09709
108	SER	0.36626
109	HIS	0.11531
110	VAL	0.24215
111	GLN	0.26334
112	ALA	0.53524
113	GLY	0.63295
114	MET	0.36656
115	PHE	0.20979
116	SER	0.38346
117	PRO	0.10699
118	GLU	0.24224
119	LEU	0.07213
120	ARG	0.00960
121	THR	0.05883
122	PHE	0.05815
123	THR	0.10323
124	LYS	0.04283
125	GLY	0.10735
126	ASP	0.03306
127	ALA	0.09059
128	GLU	0.03126
129	ARG	0.04130
130	TRP	0.03193
131	VAL	0.08835
132	SER	0.15492
133	THR	0.23828
134	THR	0.03833
135	LYS	0.15750
136	LYS	0.04248
137	ALA	0.18478
138	SER	0.14474
139	ASP	0.21684
140	SER	0.35893
141	ALA	0.59132
142	PHE	0.60310
143	TRP	0.25692
144	LEU	0.36793
145	GLU	0.45066
146	VAL	0.64080
147	GLU	0.50020
148	GLY	0.18580
149	ASN	0.45055
150	SER	0.56181
151	MET	0.23803
152	THR	0.55667
153	ALA	0.49204
154	PRO	0.45276
155	THR	0.57659
156	GLY	0.44959
157	SER	0.23903
158	LYS	0.54932
159	PRO	0.50179
160	SER	0.06381
161	PHE	0.56066
162	PRO	0.36327
163	ASP	0.67069
164	GLY	0.64523
165	MET	0.54542
166	LEU	0.84034
167	ILE	0.84304
168	LEU	0.77356
169	VAL	0.82413
170	ASP	0.89233
171	PRO	0.80728
172	GLU	0.83074
173	GLN	0.69300
174	ALA	0.68057
175	VAL	0.48473
176	GLU	0.62549
177	PRO	0.38744
178	GLY	0.85517
179	ASP	0.71579
180	PHE	0.76481
181	CYS	0.93088
182	ILE	0.85879
183	ALA	0.85770
184	ARG	0.56411
185	LEU	0.74660
186	GLY	0.27717
187	GLY	0.31242
188	ASP	0.20340
189	GLU	0.15956
190	PHE	0.39548
191	THR	0.60046
192	PHE	0.79260
193	LYS	0.62702
194	LYS	0.74080
195	LEU	0.69395
196	ILE	0.63873
197	ARG	0.74433
198	ASP	0.51610
199	SER	0.27646
200	GLY	0.47695
201	GLN	0.64184
202	VAL	0.56939
203	PHE	0.12743
204	LEU	0.18464
205	GLN	0.85699
206	PRO	0.91171
207	LEU	0.41019
208	ASN	0.37624
209	PRO	0.93235
210	GLN	0.89689
211	TYR	0.41395
212	PRO	0.67655
213	MET	0.35380
214	ILE	0.57457
215	PRO	0.21316
216	CYS	0.34521
217	ASN	0.23214
218	GLU	0.14186
219	SER	0.48518
220	CYS	0.72024
221	SER	0.81196
222	VAL	0.82681
223	VAL	0.68487
224	GLY	0.57374
225	LYS	0.66038
226	VAL	0.96174
227	ILE	0.81438
228	ALA	0.77513
229	SER	0.42675
230	GLN	0.66996
231	TRP	0.12213
232	PRO	0.55190
233	GLU	0.20595
234	GLU	0.11575
235	THR	0.03556
236	PHE	0.13937
237	GLY	0.09777
