/var/spool/slurmd/job609708/slurm_script: line 17: activate: No such file or directory
/home/rpearson/.conda/envs/dssp/bin/python
PROCESSING: /home/rpearson/research/NegValSet/IT/P03034/model_copies/P03034_IT_model4.pdb
Input Data Path : /home/rpearson/research/NegValSet/IT/P03034/model_copies/P03034_IT_model4.pdb
Model Quality Score : 0.47092
Resid	Resname	Score
1	MET	0.03496
2	SER	0.09377
3	THR	0.08697
4	LYS	0.45368
5	LYS	0.49722
6	LYS	0.20393
7	PRO	0.28269
8	LEU	0.55557
9	THR	0.88483
10	GLN	0.31993
11	GLU	0.48656
12	GLN	0.49852
13	LEU	0.97723
14	GLU	0.78087
15	ASP	0.80546
16	ALA	0.65793
17	ARG	0.47105
18	ARG	0.52655
19	LEU	0.50989
20	LYS	0.51350
21	ALA	0.56441
22	ILE	0.65366
23	TYR	0.44922
24	GLU	0.16552
25	LYS	0.21651
26	LYS	0.10134
27	LYS	0.09246
28	ASN	0.02899
29	GLU	0.01932
30	LEU	0.09391
31	GLY	0.10098
32	LEU	0.04344
33	SER	0.13707
34	GLN	0.06174
35	GLU	0.25406
36	SER	0.28945
37	VAL	0.21150
38	ALA	0.29716
39	ASP	0.23650
40	LYS	0.59534
41	MET	0.33361
42	GLY	0.44005
43	MET	0.34125
44	GLY	0.45370
45	GLN	0.12553
46	SER	0.37819
47	GLY	0.37078
48	VAL	0.31803
49	GLY	0.41062
50	ALA	0.23104
51	LEU	0.15818
52	PHE	0.19390
53	ASN	0.40600
54	GLY	0.24392
55	ILE	0.30003
56	ASN	0.38629
57	ALA	0.46456
58	LEU	0.09760
59	ASN	0.26433
60	ALA	0.08974
61	TYR	0.09990
62	ASN	0.41008
63	ALA	0.09220
64	ALA	0.42078
65	LEU	0.21758
66	LEU	0.07591
67	ALA	0.24927
68	LYS	0.07104
69	ILE	0.18754
70	LEU	0.24672
71	LYS	0.16306
72	VAL	0.09735
73	SER	0.41804
74	VAL	0.07583
75	GLU	0.26121
76	GLU	0.22623
77	PHE	0.07376
78	SER	0.08469
79	PRO	0.10962
80	SER	0.28449
81	ILE	0.03904
82	ALA	0.11027
83	ARG	0.11269
84	GLU	0.22827
85	ILE	0.05144
86	TYR	0.63153
87	GLU	0.25508
88	MET	0.71930
89	TYR	0.05164
90	GLU	0.25248
91	ALA	0.80317
92	VAL	0.22145
93	SER	0.57046
94	MET	0.34437
95	GLN	0.18524
96	PRO	0.06458
97	SER	0.03864
98	LEU	0.02679
99	ARG	0.03170
100	SER	0.03658
101	GLU	0.08019
102	TYR	0.20655
103	GLU	0.73878
104	TYR	0.52169
105	PRO	0.72253
106	VAL	0.76140
107	PHE	0.71406
108	SER	0.62248
109	HIS	0.16375
110	VAL	0.51987
111	GLN	0.19205
112	ALA	0.39841
113	GLY	0.41262
114	MET	0.74058
115	PHE	0.55209
116	SER	0.77960
117	PRO	0.71363
118	GLU	0.42382
119	LEU	0.42530
120	ARG	0.36244
121	THR	0.34117
122	PHE	0.28029
123	THR	0.94925
124	LYS	0.70056
125	GLY	0.65875
126	ASP	0.37927
127	ALA	0.52067
128	GLU	0.13672
129	ARG	0.77876
130	TRP	0.80461
131	VAL	0.42570
132	SER	0.77669
133	THR	0.60419
134	THR	0.50915
135	LYS	0.41145
136	LYS	0.33397
137	ALA	0.30448
138	SER	0.19616
139	ASP	0.51169
140	SER	0.11016
141	ALA	0.68171
142	PHE	0.63289
143	TRP	0.30673
144	LEU	0.89980
145	GLU	0.75564
146	VAL	0.81060
147	GLU	0.42433
148	GLY	0.29253
149	ASN	0.23787
150	SER	0.51804
151	MET	0.53361
152	THR	0.26670
153	ALA	0.13914
154	PRO	0.13104
155	THR	0.55509
156	GLY	0.39977
157	SER	0.44438
158	LYS	0.22743
159	PRO	0.40636
160	SER	0.58196
161	PHE	0.31904
162	PRO	0.51702
163	ASP	0.40642
164	GLY	0.80387
165	MET	0.78870
166	LEU	0.65191
167	ILE	0.85937
168	LEU	0.89960
169	VAL	0.92642
170	ASP	0.74374
171	PRO	0.86215
172	GLU	0.64821
173	GLN	0.71911
174	ALA	0.56627
175	VAL	0.57887
176	GLU	0.31878
177	PRO	0.71192
178	GLY	0.68599
179	ASP	0.97222
180	PHE	0.83954
181	CYS	0.95343
182	ILE	0.94123
183	ALA	0.74730
184	ARG	0.96047
185	LEU	0.92839
186	GLY	0.81276
187	GLY	0.38189
188	ASP	0.35109
189	GLU	0.81838
190	PHE	0.80242
191	THR	0.92926
192	PHE	0.88342
193	LYS	0.88606
194	LYS	0.79379
195	LEU	0.87688
196	ILE	0.89466
197	ARG	0.92674
198	ASP	0.87337
199	SER	0.81659
200	GLY	0.78198
201	GLN	0.92807
202	VAL	0.95895
203	PHE	0.79044
204	LEU	0.84882
205	GLN	0.90432
206	PRO	0.75372
207	LEU	0.55377
208	ASN	0.42724
209	PRO	0.29170
210	GLN	0.57383
211	TYR	0.35352
212	PRO	0.11634
213	MET	0.30459
214	ILE	0.87902
215	PRO	0.78294
216	CYS	0.92053
217	ASN	0.46503
218	GLU	0.54960
219	SER	0.88582
220	CYS	0.96263
221	SER	0.88624
222	VAL	0.90819
223	VAL	0.96309
224	GLY	0.95211
225	LYS	0.95035
226	VAL	0.99377
227	ILE	0.63767
228	ALA	0.74301
229	SER	0.73887
230	GLN	0.50750
231	TRP	0.36624
232	PRO	0.40184
233	GLU	0.33833
234	GLU	0.20983
235	THR	0.10256
236	PHE	0.19718
237	GLY	0.34855
