/var/spool/slurmd/job609704/slurm_script: line 17: activate: No such file or directory
/home/rpearson/.conda/envs/dssp/bin/python
PROCESSING: /home/rpearson/research/23ValidationSet/IT/Q9LT15/model_copies/Q9LT15_IT_model5.pdb
Input Data Path : /home/rpearson/research/23ValidationSet/IT/Q9LT15/model_copies/Q9LT15_IT_model5.pdb
Model Quality Score : 0.34199
Resid	Resname	Score
1	MET	0.05087
2	ALA	0.09153
3	GLY	0.10333
4	GLY	0.09899
5	ALA	0.07229
6	PHE	0.04018
7	VAL	0.02885
8	SER	0.11159
9	GLU	0.06345
10	GLY	0.24200
11	GLY	0.24298
12	GLY	0.26269
13	GLY	0.18118
14	GLY	0.21681
15	ARG	0.19199
16	SER	0.29803
17	TYR	0.49019
18	GLU	0.39466
19	GLY	0.48822
20	GLY	0.41593
21	VAL	0.42192
22	THR	0.27846
23	ALA	0.08810
24	PHE	0.08700
25	VAL	0.08416
26	ILE	0.02472
27	MET	0.05358
28	THR	0.23320
29	CYS	0.08437
30	ILE	0.10202
31	VAL	0.14482
32	ALA	0.01271
33	ALA	0.10010
34	MET	0.06961
35	GLY	0.02849
36	GLY	0.05066
37	LEU	0.01877
38	LEU	0.01889
39	PHE	0.00444
40	GLY	0.03318
41	TYR	0.02891
42	ASP	0.06101
43	LEU	0.13183
44	GLY	0.15245
45	ILE	0.12610
46	SER	0.23270
47	GLY	0.07255
48	GLY	0.12390
49	VAL	0.10529
50	THR	0.16981
51	SER	0.19817
52	MET	0.04079
53	GLU	0.29474
54	GLU	0.58767
55	PHE	0.12754
56	LEU	0.03834
57	THR	0.17409
58	LYS	0.34933
59	PHE	0.08053
60	PHE	0.01147
61	PRO	0.64161
62	GLN	0.19614
63	VAL	0.13534
64	GLU	0.03617
65	SER	0.04164
66	GLN	0.24395
67	MET	0.05855
68	LYS	0.11799
69	LYS	0.03324
70	ALA	0.10992
71	LYS	0.14355
72	HIS	0.11820
73	ASP	0.15891
74	THR	0.25785
75	ALA	0.15402
76	TYR	0.04159
77	CYS	0.09315
78	LYS	0.07140
79	PHE	0.05312
80	ASP	0.05389
81	ASN	0.20127
82	GLN	0.10549
83	MET	0.06871
84	LEU	0.42776
85	GLN	0.45072
86	LEU	0.36252
87	PHE	0.41063
88	THR	0.20267
89	SER	0.97660
90	SER	0.96556
91	LEU	0.57790
92	TYR	0.64327
93	LEU	0.78723
94	ALA	0.91642
95	ALA	0.73464
96	LEU	0.85351
97	VAL	0.82754
98	ALA	0.85854
99	SER	0.43299
100	PHE	0.29926
101	MET	0.16774
102	ALA	0.39834
103	SER	0.61417
104	VAL	0.15055
105	ILE	0.17497
106	THR	0.10443
107	ARG	0.10361
108	LYS	0.01811
109	HIS	0.30195
110	GLY	0.09007
111	ARG	0.12382
112	LYS	0.30363
113	VAL	0.11443
114	SER	0.15144
115	MET	0.26324
116	PHE	0.18515
117	ILE	0.43590
118	GLY	0.48379
119	GLY	0.35315
120	LEU	0.74102
121	ALA	0.41554
122	PHE	0.53156
123	LEU	0.26338
124	ILE	0.15676
125	GLY	0.48155
126	ALA	0.11774
127	LEU	0.17195
128	PHE	0.15726
129	ASN	0.26308
130	ALA	0.09830
131	PHE	0.11888
132	ALA	0.16752
133	VAL	0.05332
134	ASN	0.08003
135	VAL	0.13207
136	SER	0.23114
137	MET	0.44473
138	LEU	0.11907
139	ILE	0.75436
140	ILE	0.75344
141	GLY	0.08526
142	ARG	0.75005
143	LEU	0.93749
144	LEU	0.56647
145	LEU	0.24445
146	GLY	0.73741
147	VAL	0.87567
148	GLY	0.51916
149	VAL	0.48852
150	GLY	0.07053
151	PHE	0.22069
152	ALA	0.48993
153	ASN	0.51630
154	GLN	0.45993
155	SER	0.62483
156	THR	0.43356
157	PRO	0.55171
158	VAL	0.87073
159	TYR	0.89632
160	LEU	0.68096
161	SER	0.89223
162	GLU	0.90189
163	MET	0.44329
164	ALA	0.31012
165	PRO	0.23904
166	ALA	0.04162
167	LYS	0.26908
168	ILE	0.14466
169	ARG	0.65595
170	GLY	0.72136
171	ALA	0.77197
172	LEU	0.46479
173	ASN	0.85792
174	ILE	0.90869
175	GLY	0.83240
176	PHE	0.46674
177	GLN	0.49038
178	MET	0.60223
179	ALA	0.76671
180	ILE	0.71616
181	THR	0.73387
182	ILE	0.78645
183	GLY	0.18605
184	ILE	0.06909
185	LEU	0.23100
186	VAL	0.26431
187	ALA	0.07956
188	ASN	0.04140
189	LEU	0.07530
190	ILE	0.12348
191	ASN	0.18153
192	TYR	0.09440
193	GLY	0.23064
194	THR	0.12441
195	SER	0.05903
196	LYS	0.04521
197	MET	0.03282
198	ALA	0.06595
199	GLN	0.02225
200	HIS	0.05063
201	GLY	0.08419
202	TRP	0.01471
203	ARG	0.01046
204	VAL	0.06125
205	SER	0.01756
206	LEU	0.07247
207	GLY	0.52206
208	LEU	0.03212
209	ALA	0.04960
210	ALA	0.73156
211	VAL	0.60568
212	PRO	0.03856
213	ALA	0.01816
214	VAL	0.49310
215	VAL	0.10102
216	MET	0.07001
217	VAL	0.07553
218	ILE	0.06573
219	GLY	0.04191
220	SER	0.07150
221	PHE	0.06323
222	ILE	0.05417
223	LEU	0.02643
224	PRO	0.37725
225	ASP	0.50751
226	THR	0.57295
227	PRO	0.85524
228	ASN	0.45447
229	SER	0.63739
230	MET	0.86632
231	LEU	0.68357
232	GLU	0.19367
233	ARG	0.25188
234	GLY	0.31811
235	LYS	0.34904
236	ASN	0.51281
237	GLU	0.40516
238	GLU	0.36360
239	ALA	0.72326
240	LYS	0.71017
241	GLN	0.51776
242	MET	0.80850
243	LEU	0.79848
244	LYS	0.72249
245	LYS	0.46482
246	ILE	0.22912
247	ARG	0.59267
248	GLY	0.69551
249	ALA	0.32333
250	ASP	0.11218
251	ASN	0.16555
252	VAL	0.04221
253	ASP	0.12616
254	HIS	0.12629
255	GLU	0.18612
256	PHE	0.12237
257	GLN	0.11751
258	ASP	0.09406
259	LEU	0.15856
260	ILE	0.17364
261	ASP	0.08811
262	ALA	0.10982
263	VAL	0.15223
264	GLU	0.04628
265	ALA	0.03994
266	ALA	0.11865
267	LYS	0.21499
268	LYS	0.04982
269	VAL	0.05649
270	GLU	0.02895
271	ASN	0.01242
272	PRO	0.03420
273	TRP	0.03865
274	LYS	0.02963
275	ASN	0.04190
276	ILE	0.04881
277	MET	0.01736
278	GLU	0.01401
279	SER	0.07617
280	LYS	0.03992
281	TYR	0.08575
282	ARG	0.10654
283	PRO	0.03065
284	ALA	0.15957
285	LEU	0.69922
286	ILE	0.07753
287	PHE	0.04948
288	CYS	0.37780
289	SER	0.56881
290	ALA	0.53603
291	ILE	0.45970
292	PRO	0.37494
293	PHE	0.52363
294	PHE	0.34095
295	GLN	0.77004
296	GLN	0.15605
297	ILE	0.31316
298	THR	0.28959
299	GLY	0.31783
300	ILE	0.58482
301	ASN	0.50632
302	VAL	0.27927
303	ILE	0.56943
304	MET	0.62093
305	PHE	0.39938
306	TYR	0.34945
307	ALA	0.57098
308	PRO	0.21007
309	VAL	0.43164
310	LEU	0.19568
311	PHE	0.44182
312	LYS	0.64001
313	THR	0.32770
314	LEU	0.46119
315	GLY	0.34201
316	PHE	0.65827
317	GLY	0.61967
318	ASP	0.37773
319	ASP	0.50839
320	ALA	0.74932
321	ALA	0.65329
322	LEU	0.60449
323	MET	0.76641
324	SER	0.54330
325	ALA	0.40488
326	VAL	0.45121
327	ILE	0.64857
328	THR	0.36230
329	GLY	0.29413
330	VAL	0.79221
331	VAL	0.70955
332	ASN	0.18696
333	MET	0.20098
334	LEU	0.67536
335	SER	0.19165
336	THR	0.56564
337	PHE	0.11691
338	VAL	0.28800
339	SER	0.72109
340	ILE	0.50687
341	TYR	0.30918
342	ALA	0.16664
343	VAL	0.54492
344	ASP	0.22729
345	ARG	0.20413
346	TYR	0.27344
347	GLY	0.69383
348	ARG	0.68387
349	ARG	0.81478
350	LEU	0.29325
351	LEU	0.33211
352	PHE	0.65162
353	LEU	0.52435
354	GLU	0.74558
355	GLY	0.92131
356	GLY	0.83617
357	ILE	0.97480
358	GLN	0.94577
359	MET	0.28812
360	PHE	0.96876
361	ILE	0.97938
362	CYS	0.91053
363	GLN	0.61503
364	LEU	0.89642
365	LEU	0.69214
366	VAL	0.79500
367	GLY	0.34597
368	SER	0.63293
369	PHE	0.24142
370	ILE	0.23840
371	GLY	0.36965
372	ALA	0.15596
373	ARG	0.10448
374	PHE	0.06287
375	GLY	0.38866
376	THR	0.28781
377	SER	0.32276
378	GLY	0.16928
379	THR	0.03301
380	GLY	0.13061
381	THR	0.07820
382	LEU	0.12828
383	THR	0.06196
384	PRO	0.28450
385	ALA	0.13457
386	THR	0.05124
387	ALA	0.10397
388	ASP	0.55202
389	TRP	0.13614
390	ILE	0.12596
391	LEU	0.08357
392	ALA	0.45926
393	PHE	0.29568
394	ILE	0.62681
395	CYS	0.64666
396	VAL	0.85916
397	TYR	0.95417
398	VAL	0.95037
399	ALA	0.96031
400	GLY	0.62422
401	PHE	0.68298
402	ALA	0.78920
403	TRP	0.85511
404	SER	0.88813
405	TRP	0.73885
406	GLY	0.65706
407	PRO	0.42165
408	LEU	0.89094
409	GLY	0.97724
410	TRP	0.90639
411	LEU	0.83664
412	VAL	0.61471
413	PRO	0.69941
414	SER	0.72303
415	GLU	0.78914
416	ILE	0.09379
417	CYS	0.41104
418	PRO	0.27010
419	LEU	0.40868
420	GLU	0.02235
421	ILE	0.14988
422	ARG	0.02846
423	PRO	0.94290
424	ALA	0.83488
425	GLY	0.61463
426	GLN	0.47761
427	ALA	0.92555
428	ILE	0.71991
429	ASN	0.84898
430	VAL	0.61764
431	SER	0.83329
432	VAL	0.78157
433	ASN	0.25227
434	MET	0.20573
435	PHE	0.70376
436	PHE	0.63475
437	THR	0.68523
438	PHE	0.91403
439	LEU	0.87646
440	ILE	0.49314
441	GLY	0.72937
442	GLN	0.35330
443	PHE	0.36937
444	PHE	0.15761
445	LEU	0.35749
446	THR	0.40209
447	MET	0.13994
448	LEU	0.34196
449	CYS	0.10075
450	HIS	0.27557
451	MET	0.11501
452	LYS	0.26485
453	PHE	0.28294
454	GLY	0.72119
455	LEU	0.37967
456	PHE	0.41087
457	TYR	0.46821
458	PHE	0.48571
459	PHE	0.39193
460	ALA	0.93755
461	SER	0.88028
462	MET	0.83092
463	VAL	0.28012
464	ALA	0.68562
465	ILE	0.07784
466	MET	0.23246
467	THR	0.47791
468	VAL	0.74016
469	PHE	0.05082
470	ILE	0.41116
471	TYR	0.17167
472	PHE	0.62954
473	LEU	0.19575
474	LEU	0.23975
475	PRO	0.30175
476	GLU	0.37314
477	THR	0.12148
478	LYS	0.08786
479	GLY	0.18056
480	VAL	0.03047
481	PRO	0.16547
482	ILE	0.04699
483	GLU	0.53594
484	GLU	0.07889
485	MET	0.06871
486	GLY	0.07470
487	ARG	0.02997
488	VAL	0.02724
489	TRP	0.03064
490	LYS	0.07902
491	GLN	0.02399
492	HIS	0.04349
493	TRP	0.04945
494	PHE	0.04290
495	TRP	0.01370
496	LYS	0.13560
497	LYS	0.01638
498	TYR	0.04762
499	ILE	0.01743
500	PRO	0.00933
501	GLU	0.00714
502	ASP	0.02171
503	ALA	0.06420
504	ILE	0.01788
505	ILE	0.02687
506	GLY	0.03457
507	GLY	0.03206
508	HIS	0.04117
509	ASP	0.04377
510	ASP	0.10372
511	ASN	0.10480
512	ASN	0.11686
513	THR	0.18603
514	ASN	0.14962
