/var/spool/slurmd/job609701/slurm_script: line 17: activate: No such file or directory
/home/rpearson/.conda/envs/dssp/bin/python
PROCESSING: /home/rpearson/research/23ValidationSet/IT/Q9LT15/model_copies/Q9LT15_IT_model2.pdb
Input Data Path : /home/rpearson/research/23ValidationSet/IT/Q9LT15/model_copies/Q9LT15_IT_model2.pdb
Model Quality Score : 0.48374
Resid	Resname	Score
1	MET	0.63995
2	ALA	0.40304
3	GLY	0.31448
4	GLY	0.07080
5	ALA	0.09460
6	PHE	0.01085
7	VAL	0.04210
8	SER	0.35060
9	GLU	0.17952
10	GLY	0.27513
11	GLY	0.48070
12	GLY	0.22174
13	GLY	0.11753
14	GLY	0.15537
15	ARG	0.41437
16	SER	0.58195
17	TYR	0.11870
18	GLU	0.55638
19	GLY	0.42241
20	GLY	0.20991
21	VAL	0.16590
22	THR	0.13025
23	ALA	0.43643
24	PHE	0.20854
25	VAL	0.28076
26	ILE	0.63034
27	MET	0.59270
28	THR	0.43898
29	CYS	0.71694
30	ILE	0.96778
31	VAL	0.85572
32	ALA	0.86359
33	ALA	0.90272
34	MET	0.93238
35	GLY	0.88556
36	GLY	0.93440
37	LEU	0.96608
38	LEU	0.94033
39	PHE	0.96065
40	GLY	0.94012
41	TYR	0.72492
42	ASP	0.68263
43	LEU	0.64792
44	GLY	0.37267
45	ILE	0.36741
46	SER	0.21093
47	GLY	0.13273
48	GLY	0.12956
49	VAL	0.06832
50	THR	0.06472
51	SER	0.08467
52	MET	0.17754
53	GLU	0.25567
54	GLU	0.51200
55	PHE	0.20502
56	LEU	0.58382
57	THR	0.49586
58	LYS	0.35324
59	PHE	0.15738
60	PHE	0.08457
61	PRO	0.74141
62	GLN	0.42751
63	VAL	0.24579
64	GLU	0.05846
65	SER	0.38627
66	GLN	0.34384
67	MET	0.20639
68	LYS	0.28396
69	LYS	0.13767
70	ALA	0.19126
71	LYS	0.09254
72	HIS	0.03470
73	ASP	0.39508
74	THR	0.14281
75	ALA	0.02805
76	TYR	0.11650
77	CYS	0.05652
78	LYS	0.25216
79	PHE	0.07255
80	ASP	0.29623
81	ASN	0.25361
82	GLN	0.21512
83	MET	0.04373
84	LEU	0.16718
85	GLN	0.08410
86	LEU	0.05818
87	PHE	0.08696
88	THR	0.32225
89	SER	0.67808
90	SER	0.93654
91	LEU	0.69085
92	TYR	0.68729
93	LEU	0.67322
94	ALA	0.99030
95	ALA	0.91282
96	LEU	0.94416
97	VAL	0.96967
98	ALA	0.97296
99	SER	0.77090
100	PHE	0.71206
101	MET	0.89392
102	ALA	0.75415
103	SER	0.86797
104	VAL	0.94863
105	ILE	0.33434
106	THR	0.37242
107	ARG	0.77866
108	LYS	0.40807
109	HIS	0.26931
110	GLY	0.56794
111	ARG	0.94661
112	LYS	0.88894
113	VAL	0.88963
114	SER	0.72254
115	MET	0.90132
116	PHE	0.66399
117	ILE	0.37810
118	GLY	0.91814
119	GLY	0.62694
120	LEU	0.88904
121	ALA	0.88255
122	PHE	0.74134
123	LEU	0.88029
124	ILE	0.93106
125	GLY	0.69286
126	ALA	0.73455
127	LEU	0.79871
128	PHE	0.43103
129	ASN	0.21906
130	ALA	0.36566
131	PHE	0.48168
132	ALA	0.08488
133	VAL	0.14725
134	ASN	0.63057
135	VAL	0.13799
136	SER	0.48861
137	MET	0.57304
138	LEU	0.17541
139	ILE	0.62278
140	ILE	0.84023
141	GLY	0.71014
142	ARG	0.79959
143	LEU	0.86737
144	LEU	0.86927
145	LEU	0.81530
146	GLY	0.90669
147	VAL	0.89150
148	GLY	0.86552
149	VAL	0.98102
150	GLY	0.91356
151	PHE	0.97764
152	ALA	0.98315
153	ASN	0.89504
154	GLN	0.84809
155	SER	0.97609
156	THR	0.98456
157	PRO	0.99289
158	VAL	0.97394
159	TYR	0.96420
160	LEU	0.97793
161	SER	0.96881
162	GLU	0.93170
163	MET	0.83492
164	ALA	0.97277
165	PRO	0.94890
166	ALA	0.92508
167	LYS	0.80150
168	ILE	0.90165
169	ARG	0.96156
170	GLY	0.98247
171	ALA	0.86270
172	LEU	0.74989
173	ASN	0.97402
174	ILE	0.97193
175	GLY	0.99312
176	PHE	0.93827
177	GLN	0.89877
178	MET	0.99236
179	ALA	0.99690
180	ILE	0.98376
181	THR	0.88602
182	ILE	0.94541
183	GLY	0.98859
184	ILE	0.50018
185	LEU	0.86200
186	VAL	0.98120
187	ALA	0.97322
188	ASN	0.47195
189	LEU	0.30959
190	ILE	0.73379
191	ASN	0.32022
192	TYR	0.08666
193	GLY	0.20332
194	THR	0.09935
195	SER	0.08581
196	LYS	0.17138
197	MET	0.03838
198	ALA	0.45447
199	GLN	0.14960
200	HIS	0.37625
201	GLY	0.24508
202	TRP	0.11911
203	ARG	0.69467
204	VAL	0.52885
205	SER	0.18716
206	LEU	0.37063
207	GLY	0.81882
208	LEU	0.85756
209	ALA	0.95576
210	ALA	0.92087
211	VAL	0.89827
212	PRO	0.98776
213	ALA	0.97842
214	VAL	0.96718
215	VAL	0.97766
216	MET	0.97738
217	VAL	0.94897
218	ILE	0.66640
219	GLY	0.93307
220	SER	0.90632
221	PHE	0.57486
222	ILE	0.58463
223	LEU	0.74932
224	PRO	0.28221
225	ASP	0.59641
226	THR	0.46456
227	PRO	0.81567
228	ASN	0.92312
229	SER	0.92395
230	MET	0.93883
231	LEU	0.76743
232	GLU	0.25761
233	ARG	0.61842
234	GLY	0.62258
235	LYS	0.17644
236	ASN	0.65795
237	GLU	0.77311
238	GLU	0.92392
239	ALA	0.85319
240	LYS	0.69235
241	GLN	0.92143
242	MET	0.80220
243	LEU	0.76031
244	LYS	0.85687
245	LYS	0.65269
246	ILE	0.30238
247	ARG	0.37583
248	GLY	0.67301
249	ALA	0.36707
250	ASP	0.53579
251	ASN	0.30748
252	VAL	0.91166
253	ASP	0.64481
254	HIS	0.80972
255	GLU	0.91480
256	PHE	0.55293
257	GLN	0.23654
258	ASP	0.77738
259	LEU	0.81255
260	ILE	0.64965
261	ASP	0.35049
262	ALA	0.20267
263	VAL	0.39252
264	GLU	0.07825
265	ALA	0.08335
266	ALA	0.08628
267	LYS	0.34551
268	LYS	0.11823
269	VAL	0.12865
270	GLU	0.08243
271	ASN	0.21086
272	PRO	0.27696
273	TRP	0.09007
274	LYS	0.12542
275	ASN	0.17027
276	ILE	0.21303
277	MET	0.20926
278	GLU	0.18544
279	SER	0.09663
280	LYS	0.16704
281	TYR	0.62191
282	ARG	0.17361
283	PRO	0.23129
284	ALA	0.12434
285	LEU	0.41326
286	ILE	0.11069
287	PHE	0.15229
288	CYS	0.27841
289	SER	0.53012
290	ALA	0.39617
291	ILE	0.19420
292	PRO	0.55763
293	PHE	0.37947
294	PHE	0.54384
295	GLN	0.86613
296	GLN	0.20808
297	ILE	0.34462
298	THR	0.04435
299	GLY	0.30339
300	ILE	0.19438
301	ASN	0.16316
302	VAL	0.28743
303	ILE	0.22907
304	MET	0.37996
305	PHE	0.26820
306	TYR	0.13758
307	ALA	0.19185
308	PRO	0.05508
309	VAL	0.21957
310	LEU	0.10739
311	PHE	0.23243
312	LYS	0.55748
313	THR	0.30314
314	LEU	0.46227
315	GLY	0.48065
316	PHE	0.22285
317	GLY	0.65009
318	ASP	0.22111
319	ASP	0.34637
320	ALA	0.27574
321	ALA	0.22145
322	LEU	0.17988
323	MET	0.49589
324	SER	0.18810
325	ALA	0.34124
326	VAL	0.97612
327	ILE	0.35980
328	THR	0.62833
329	GLY	0.65805
330	VAL	0.94453
331	VAL	0.73331
332	ASN	0.93520
333	MET	0.66492
334	LEU	0.41329
335	SER	0.09332
336	THR	0.52397
337	PHE	0.40393
338	VAL	0.31344
339	SER	0.36449
340	ILE	0.59486
341	TYR	0.36480
342	ALA	0.28818
343	VAL	0.71061
344	ASP	0.10481
345	ARG	0.17190
346	TYR	0.35085
347	GLY	0.42438
348	ARG	0.71770
349	ARG	0.77092
350	LEU	0.56490
351	LEU	0.72336
352	PHE	0.26227
353	LEU	0.68842
354	GLU	0.66865
355	GLY	0.95365
356	GLY	0.35987
357	ILE	0.85436
358	GLN	0.13917
359	MET	0.17148
360	PHE	0.45415
361	ILE	0.34408
362	CYS	0.12425
363	GLN	0.21439
364	LEU	0.45073
365	LEU	0.49727
366	VAL	0.25822
367	GLY	0.14422
368	SER	0.76704
369	PHE	0.06016
370	ILE	0.08684
371	GLY	0.30980
372	ALA	0.12827
373	ARG	0.04692
374	PHE	0.06292
375	GLY	0.11251
376	THR	0.14056
377	SER	0.23035
378	GLY	0.11201
379	THR	0.20728
380	GLY	0.17527
381	THR	0.20121
382	LEU	0.22342
383	THR	0.23969
384	PRO	0.15442
385	ALA	0.73841
386	THR	0.33833
387	ALA	0.46611
388	ASP	0.44545
389	TRP	0.20125
390	ILE	0.08780
391	LEU	0.39601
392	ALA	0.20308
393	PHE	0.32587
394	ILE	0.50739
395	CYS	0.07072
396	VAL	0.64833
397	TYR	0.49263
398	VAL	0.92920
399	ALA	0.67053
400	GLY	0.86554
401	PHE	0.97696
402	ALA	0.93124
403	TRP	0.87250
404	SER	0.97745
405	TRP	0.92554
406	GLY	0.95618
407	PRO	0.92695
408	LEU	0.98639
409	GLY	0.98956
410	TRP	0.93732
411	LEU	0.96685
412	VAL	0.93997
413	PRO	0.80612
414	SER	0.98552
415	GLU	0.99103
416	ILE	0.95911
417	CYS	0.79252
418	PRO	0.95992
419	LEU	0.81487
420	GLU	0.64782
421	ILE	0.42057
422	ARG	0.71105
423	PRO	0.89301
424	ALA	0.49103
425	GLY	0.81267
426	GLN	0.95780
427	ALA	0.86802
428	ILE	0.82633
429	ASN	0.89087
430	VAL	0.74871
431	SER	0.98271
432	VAL	0.98631
433	ASN	0.28448
434	MET	0.66949
435	PHE	0.25461
436	PHE	0.32657
437	THR	0.52532
438	PHE	0.65664
439	LEU	0.08608
440	ILE	0.18080
441	GLY	0.17606
442	GLN	0.11285
443	PHE	0.04795
444	PHE	0.16394
445	LEU	0.09552
446	THR	0.19185
447	MET	0.05961
448	LEU	0.14974
449	CYS	0.16006
450	HIS	0.18604
451	MET	0.13049
452	LYS	0.18815
453	PHE	0.16735
454	GLY	0.25132
455	LEU	0.04966
456	PHE	0.22459
457	TYR	0.23417
458	PHE	0.18487
459	PHE	0.27318
460	ALA	0.22201
461	SER	0.05076
462	MET	0.24473
463	VAL	0.44803
464	ALA	0.29695
465	ILE	0.05291
466	MET	0.30680
467	THR	0.60658
468	VAL	0.01965
469	PHE	0.04075
470	ILE	0.08965
471	TYR	0.10621
472	PHE	0.42804
473	LEU	0.34333
474	LEU	0.25636
475	PRO	0.35079
476	GLU	0.67387
477	THR	0.66740
478	LYS	0.39085
479	GLY	0.49013
480	VAL	0.87618
481	PRO	0.79743
482	ILE	0.54755
483	GLU	0.33943
484	GLU	0.26769
485	MET	0.10095
486	GLY	0.30070
487	ARG	0.18857
488	VAL	0.20250
489	TRP	0.06899
490	LYS	0.13339
491	GLN	0.10548
492	HIS	0.07519
493	TRP	0.13935
494	PHE	0.07864
495	TRP	0.02025
496	LYS	0.04223
497	LYS	0.04137
498	TYR	0.04089
499	ILE	0.13788
500	PRO	0.05233
501	GLU	0.15904
502	ASP	0.67450
503	ALA	0.04380
504	ILE	0.01671
505	ILE	0.14637
506	GLY	0.05187
507	GLY	0.01882
508	HIS	0.02798
509	ASP	0.25444
510	ASP	0.04545
511	ASN	0.04536
512	ASN	0.06847
513	THR	0.10383
514	ASN	0.14319
