/var/spool/slurmd/job609703/slurm_script: line 17: activate: No such file or directory
/home/rpearson/.conda/envs/dssp/bin/python
PROCESSING: /home/rpearson/research/23ValidationSet/IT/Q9LT15/model_copies/Q9LT15_IT_model4.pdb
Input Data Path : /home/rpearson/research/23ValidationSet/IT/Q9LT15/model_copies/Q9LT15_IT_model4.pdb
Model Quality Score : 0.43938
Resid	Resname	Score
1	MET	0.12427
2	ALA	0.09914
3	GLY	0.06866
4	GLY	0.16495
5	ALA	0.07242
6	PHE	0.04606
7	VAL	0.35716
8	SER	0.08082
9	GLU	0.09618
10	GLY	0.16104
11	GLY	0.18272
12	GLY	0.15812
13	GLY	0.10532
14	GLY	0.31893
15	ARG	0.35499
16	SER	0.79422
17	TYR	0.47146
18	GLU	0.16693
19	GLY	0.87901
20	GLY	0.29059
21	VAL	0.54297
22	THR	0.04687
23	ALA	0.52173
24	PHE	0.79925
25	VAL	0.94370
26	ILE	0.65483
27	MET	0.24037
28	THR	0.92725
29	CYS	0.39455
30	ILE	0.57264
31	VAL	0.61083
32	ALA	0.71564
33	ALA	0.93496
34	MET	0.33187
35	GLY	0.74844
36	GLY	0.63170
37	LEU	0.44269
38	LEU	0.27356
39	PHE	0.51837
40	GLY	0.64600
41	TYR	0.29466
42	ASP	0.64267
43	LEU	0.59983
44	GLY	0.61516
45	ILE	0.09644
46	SER	0.18398
47	GLY	0.13720
48	GLY	0.03823
49	VAL	0.02920
50	THR	0.29640
51	SER	0.04750
52	MET	0.29869
53	GLU	0.11458
54	GLU	0.10486
55	PHE	0.11601
56	LEU	0.21009
57	THR	0.20242
58	LYS	0.36091
59	PHE	0.11437
60	PHE	0.05128
61	PRO	0.21405
62	GLN	0.18400
63	VAL	0.16598
64	GLU	0.04543
65	SER	0.06230
66	GLN	0.03493
67	MET	0.12385
68	LYS	0.02397
69	LYS	0.02279
70	ALA	0.02952
71	LYS	0.09000
72	HIS	0.01751
73	ASP	0.03824
74	THR	0.08068
75	ALA	0.04809
76	TYR	0.12632
77	CYS	0.19279
78	LYS	0.25549
79	PHE	0.17244
80	ASP	0.06910
81	ASN	0.07367
82	GLN	0.03485
83	MET	0.06393
84	LEU	0.19913
85	GLN	0.65221
86	LEU	0.10276
87	PHE	0.46225
88	THR	0.58984
89	SER	0.85063
90	SER	0.67929
91	LEU	0.68174
92	TYR	0.30271
93	LEU	0.68968
94	ALA	0.93648
95	ALA	0.57872
96	LEU	0.77657
97	VAL	0.86173
98	ALA	0.85069
99	SER	0.81670
100	PHE	0.50734
101	MET	0.59611
102	ALA	0.64627
103	SER	0.44526
104	VAL	0.54295
105	ILE	0.58653
106	THR	0.28963
107	ARG	0.37776
108	LYS	0.07505
109	HIS	0.26134
110	GLY	0.85967
111	ARG	0.70123
112	LYS	0.86566
113	VAL	0.77823
114	SER	0.78605
115	MET	0.87633
116	PHE	0.86817
117	ILE	0.57614
118	GLY	0.84333
119	GLY	0.08066
120	LEU	0.77631
121	ALA	0.25980
122	PHE	0.52438
123	LEU	0.50325
124	ILE	0.65687
125	GLY	0.38397
126	ALA	0.51243
127	LEU	0.82095
128	PHE	0.14125
129	ASN	0.13330
130	ALA	0.70693
131	PHE	0.68061
132	ALA	0.08878
133	VAL	0.13047
134	ASN	0.54606
135	VAL	0.28346
136	SER	0.57087
137	MET	0.32419
138	LEU	0.31586
139	ILE	0.98044
140	ILE	0.94845
141	GLY	0.59333
142	ARG	0.82312
143	LEU	0.92124
144	LEU	0.64222
145	LEU	0.16706
146	GLY	0.88314
147	VAL	0.69849
148	GLY	0.68418
149	VAL	0.87320
150	GLY	0.41754
151	PHE	0.62054
152	ALA	0.41536
153	ASN	0.80597
154	GLN	0.80207
155	SER	0.87579
156	THR	0.99574
157	PRO	0.98748
158	VAL	0.95812
159	TYR	0.99513
160	LEU	0.95382
161	SER	0.90201
162	GLU	0.92803
163	MET	0.94235
164	ALA	0.97953
165	PRO	0.92703
166	ALA	0.91009
167	LYS	0.51901
168	ILE	0.74187
169	ARG	0.95851
170	GLY	0.96258
171	ALA	0.86630
172	LEU	0.98109
173	ASN	0.86561
174	ILE	0.68332
175	GLY	0.83882
176	PHE	0.62150
177	GLN	0.77258
178	MET	0.94995
179	ALA	0.94901
180	ILE	0.89418
181	THR	0.31288
182	ILE	0.88502
183	GLY	0.34161
184	ILE	0.29689
185	LEU	0.68756
186	VAL	0.40492
187	ALA	0.11956
188	ASN	0.09125
189	LEU	0.16904
190	ILE	0.23057
191	ASN	0.02497
192	TYR	0.04071
193	GLY	0.05591
194	THR	0.05807
195	SER	0.04440
196	LYS	0.02650
197	MET	0.10086
198	ALA	0.05319
199	GLN	0.34472
200	HIS	0.33258
201	GLY	0.10038
202	TRP	0.02806
203	ARG	0.16927
204	VAL	0.25689
205	SER	0.04394
206	LEU	0.07332
207	GLY	0.50131
208	LEU	0.13255
209	ALA	0.04254
210	ALA	0.23824
211	VAL	0.28696
212	PRO	0.16726
213	ALA	0.25889
214	VAL	0.11546
215	VAL	0.03608
216	MET	0.16848
217	VAL	0.34451
218	ILE	0.28564
219	GLY	0.09458
220	SER	0.17435
221	PHE	0.57046
222	ILE	0.71241
223	LEU	0.59486
224	PRO	0.87900
225	ASP	0.30395
226	THR	0.93114
227	PRO	0.77301
228	ASN	0.76580
229	SER	0.93812
230	MET	0.66920
231	LEU	0.90166
232	GLU	0.50726
233	ARG	0.20745
234	GLY	0.39414
235	LYS	0.61761
236	ASN	0.97742
237	GLU	0.95437
238	GLU	0.87864
239	ALA	0.99216
240	LYS	0.98629
241	GLN	0.95299
242	MET	0.99221
243	LEU	0.99301
244	LYS	0.98436
245	LYS	0.96654
246	ILE	0.89589
247	ARG	0.98348
248	GLY	0.84949
249	ALA	0.94291
250	ASP	0.56387
251	ASN	0.67238
252	VAL	0.97983
253	ASP	0.67455
254	HIS	0.85721
255	GLU	0.94094
256	PHE	0.96716
257	GLN	0.56478
258	ASP	0.97528
259	LEU	0.96497
260	ILE	0.58262
261	ASP	0.66226
262	ALA	0.38625
263	VAL	0.37665
264	GLU	0.12570
265	ALA	0.32438
266	ALA	0.20258
267	LYS	0.35133
268	LYS	0.16171
269	VAL	0.04401
270	GLU	0.18172
271	ASN	0.17024
272	PRO	0.22052
273	TRP	0.21391
274	LYS	0.30134
275	ASN	0.20563
276	ILE	0.16685
277	MET	0.07023
278	GLU	0.20409
279	SER	0.16813
280	LYS	0.08558
281	TYR	0.26216
282	ARG	0.26667
283	PRO	0.15986
284	ALA	0.21774
285	LEU	0.25832
286	ILE	0.35329
287	PHE	0.11895
288	CYS	0.73064
289	SER	0.73093
290	ALA	0.47078
291	ILE	0.85421
292	PRO	0.76515
293	PHE	0.72612
294	PHE	0.92904
295	GLN	0.73002
296	GLN	0.27046
297	ILE	0.81518
298	THR	0.73164
299	GLY	0.36910
300	ILE	0.39665
301	ASN	0.57689
302	VAL	0.22232
303	ILE	0.62945
304	MET	0.32539
305	PHE	0.08114
306	TYR	0.23616
307	ALA	0.34107
308	PRO	0.18299
309	VAL	0.15694
310	LEU	0.09888
311	PHE	0.34390
312	LYS	0.36653
313	THR	0.17130
314	LEU	0.19852
315	GLY	0.30491
316	PHE	0.11079
317	GLY	0.23527
318	ASP	0.09572
319	ASP	0.08407
320	ALA	0.27773
321	ALA	0.12460
322	LEU	0.06106
323	MET	0.11828
324	SER	0.33482
325	ALA	0.47647
326	VAL	0.05916
327	ILE	0.33383
328	THR	0.53703
329	GLY	0.22280
330	VAL	0.57466
331	VAL	0.16510
332	ASN	0.81003
333	MET	0.72396
334	LEU	0.46548
335	SER	0.29934
336	THR	0.94351
337	PHE	0.81460
338	VAL	0.53235
339	SER	0.41738
340	ILE	0.63755
341	TYR	0.24565
342	ALA	0.22967
343	VAL	0.52256
344	ASP	0.56990
345	ARG	0.05323
346	TYR	0.04304
347	GLY	0.38993
348	ARG	0.13629
349	ARG	0.42885
350	LEU	0.49496
351	LEU	0.41187
352	PHE	0.36898
353	LEU	0.86842
354	GLU	0.60402
355	GLY	0.58261
356	GLY	0.51247
357	ILE	0.71040
358	GLN	0.59640
359	MET	0.76117
360	PHE	0.72082
361	ILE	0.83597
362	CYS	0.38703
363	GLN	0.70325
364	LEU	0.49399
365	LEU	0.28732
366	VAL	0.17455
367	GLY	0.53861
368	SER	0.51904
369	PHE	0.43308
370	ILE	0.36455
371	GLY	0.26820
372	ALA	0.09464
373	ARG	0.01771
374	PHE	0.02245
375	GLY	0.07456
376	THR	0.07386
377	SER	0.05780
378	GLY	0.07941
379	THR	0.07535
380	GLY	0.05903
381	THR	0.02943
382	LEU	0.02992
383	THR	0.05194
384	PRO	0.14482
385	ALA	0.20202
386	THR	0.17788
387	ALA	0.53498
388	ASP	0.55406
389	TRP	0.20912
390	ILE	0.58363
391	LEU	0.77473
392	ALA	0.45835
393	PHE	0.26728
394	ILE	0.82855
395	CYS	0.87924
396	VAL	0.84940
397	TYR	0.56875
398	VAL	0.71398
399	ALA	0.95581
400	GLY	0.72350
401	PHE	0.75472
402	ALA	0.97979
403	TRP	0.80161
404	SER	0.94209
405	TRP	0.89525
406	GLY	0.91500
407	PRO	0.88025
408	LEU	0.91186
409	GLY	0.78105
410	TRP	0.94019
411	LEU	0.90169
412	VAL	0.69867
413	PRO	0.41721
414	SER	0.72702
415	GLU	0.81883
416	ILE	0.25670
417	CYS	0.19184
418	PRO	0.14943
419	LEU	0.15113
420	GLU	0.45922
421	ILE	0.52475
422	ARG	0.61677
423	PRO	0.90251
424	ALA	0.79655
425	GLY	0.85945
426	GLN	0.91469
427	ALA	0.50530
428	ILE	0.94563
429	ASN	0.60733
430	VAL	0.43078
431	SER	0.75623
432	VAL	0.85181
433	ASN	0.67755
434	MET	0.63327
435	PHE	0.90422
436	PHE	0.50995
437	THR	0.46570
438	PHE	0.82281
439	LEU	0.85797
440	ILE	0.27337
441	GLY	0.55394
442	GLN	0.34213
443	PHE	0.15815
444	PHE	0.11012
445	LEU	0.03812
446	THR	0.02958
447	MET	0.04153
448	LEU	0.06572
449	CYS	0.05046
450	HIS	0.13628
451	MET	0.57229
452	LYS	0.12748
453	PHE	0.17325
454	GLY	0.24808
455	LEU	0.20841
456	PHE	0.43993
457	TYR	0.30990
458	PHE	0.28359
459	PHE	0.18754
460	ALA	0.30837
461	SER	0.91145
462	MET	0.29898
463	VAL	0.80208
464	ALA	0.18956
465	ILE	0.28520
466	MET	0.27014
467	THR	0.74680
468	VAL	0.33253
469	PHE	0.13927
470	ILE	0.66001
471	TYR	0.42976
472	PHE	0.39558
473	LEU	0.27340
474	LEU	0.46967
475	PRO	0.21488
476	GLU	0.26701
477	THR	0.34166
478	LYS	0.25907
479	GLY	0.67182
480	VAL	0.14178
481	PRO	0.18366
482	ILE	0.77152
483	GLU	0.24672
484	GLU	0.09434
485	MET	0.27881
486	GLY	0.28954
487	ARG	0.24521
488	VAL	0.18225
489	TRP	0.10003
490	LYS	0.61482
491	GLN	0.15403
492	HIS	0.28845
493	TRP	0.26180
494	PHE	0.32061
495	TRP	0.14049
496	LYS	0.33229
497	LYS	0.05453
498	TYR	0.19198
499	ILE	0.00616
500	PRO	0.01140
501	GLU	0.05458
502	ASP	0.04315
503	ALA	0.06327
504	ILE	0.04922
505	ILE	0.09070
506	GLY	0.07342
507	GLY	0.09839
508	HIS	0.01380
509	ASP	0.06396
510	ASP	0.10553
511	ASN	0.03896
512	ASN	0.03294
513	THR	0.13922
514	ASN	0.06171
