/var/spool/slurmd/job609700/slurm_script: line 17: activate: No such file or directory
/home/rpearson/.conda/envs/dssp/bin/python
PROCESSING: /home/rpearson/research/23ValidationSet/IT/Q9LT15/model_copies/Q9LT15_IT_model1.pdb
Input Data Path : /home/rpearson/research/23ValidationSet/IT/Q9LT15/model_copies/Q9LT15_IT_model1.pdb
Model Quality Score : 0.42439
Resid	Resname	Score
1	MET	0.23494
2	ALA	0.24131
3	GLY	0.16200
4	GLY	0.20857
5	ALA	0.15795
6	PHE	0.19517
7	VAL	0.23311
8	SER	0.43385
9	GLU	0.06281
10	GLY	0.13457
11	GLY	0.12029
12	GLY	0.10276
13	GLY	0.09319
14	GLY	0.06767
15	ARG	0.07766
16	SER	0.14087
17	TYR	0.08383
18	GLU	0.11893
19	GLY	0.27291
20	GLY	0.16880
21	VAL	0.26679
22	THR	0.39231
23	ALA	0.27138
24	PHE	0.33276
25	VAL	0.39280
26	ILE	0.18714
27	MET	0.35967
28	THR	0.42811
29	CYS	0.74766
30	ILE	0.58255
31	VAL	0.26288
32	ALA	0.84062
33	ALA	0.62402
34	MET	0.30867
35	GLY	0.82565
36	GLY	0.60784
37	LEU	0.21496
38	LEU	0.50846
39	PHE	0.75192
40	GLY	0.44575
41	TYR	0.60758
42	ASP	0.33124
43	LEU	0.63200
44	GLY	0.36356
45	ILE	0.70012
46	SER	0.53077
47	GLY	0.05054
48	GLY	0.14317
49	VAL	0.08518
50	THR	0.01912
51	SER	0.03975
52	MET	0.12280
53	GLU	0.40068
54	GLU	0.38393
55	PHE	0.19333
56	LEU	0.33111
57	THR	0.39142
58	LYS	0.15269
59	PHE	0.28411
60	PHE	0.11880
61	PRO	0.24560
62	GLN	0.27412
63	VAL	0.17677
64	GLU	0.05356
65	SER	0.16151
66	GLN	0.05213
67	MET	0.29361
68	LYS	0.18898
69	LYS	0.13380
70	ALA	0.13382
71	LYS	0.03538
72	HIS	0.03255
73	ASP	0.04798
74	THR	0.05050
75	ALA	0.03505
76	TYR	0.06581
77	CYS	0.04958
78	LYS	0.04466
79	PHE	0.12297
80	ASP	0.21119
81	ASN	0.36854
82	GLN	0.26387
83	MET	0.10380
84	LEU	0.14110
85	GLN	0.05639
86	LEU	0.39843
87	PHE	0.26309
88	THR	0.18363
89	SER	0.56305
90	SER	0.67465
91	LEU	0.29155
92	TYR	0.59870
93	LEU	0.39152
94	ALA	0.77315
95	ALA	0.35555
96	LEU	0.45293
97	VAL	0.56855
98	ALA	0.78106
99	SER	0.45852
100	PHE	0.24489
101	MET	0.69736
102	ALA	0.45166
103	SER	0.42596
104	VAL	0.45116
105	ILE	0.38562
106	THR	0.42914
107	ARG	0.51275
108	LYS	0.15973
109	HIS	0.84485
110	GLY	0.59826
111	ARG	0.68221
112	LYS	0.74111
113	VAL	0.60375
114	SER	0.35056
115	MET	0.37788
116	PHE	0.31807
117	ILE	0.88053
118	GLY	0.83443
119	GLY	0.19809
120	LEU	0.59045
121	ALA	0.78821
122	PHE	0.51993
123	LEU	0.42096
124	ILE	0.93282
125	GLY	0.41811
126	ALA	0.11617
127	LEU	0.55258
128	PHE	0.29220
129	ASN	0.42839
130	ALA	0.23596
131	PHE	0.08582
132	ALA	0.14658
133	VAL	0.30329
134	ASN	0.20365
135	VAL	0.21862
136	SER	0.15315
137	MET	0.24963
138	LEU	0.11588
139	ILE	0.29336
140	ILE	0.89955
141	GLY	0.18760
142	ARG	0.76782
143	LEU	0.46746
144	LEU	0.35884
145	LEU	0.13122
146	GLY	0.21044
147	VAL	0.32403
148	GLY	0.09920
149	VAL	0.23662
150	GLY	0.34050
151	PHE	0.68199
152	ALA	0.75606
153	ASN	0.64568
154	GLN	0.70757
155	SER	0.94596
156	THR	0.88776
157	PRO	0.99044
158	VAL	0.99660
159	TYR	0.99272
160	LEU	0.99913
161	SER	0.99255
162	GLU	0.99344
163	MET	0.90598
164	ALA	0.59116
165	PRO	0.87222
166	ALA	0.96328
167	LYS	0.22716
168	ILE	0.89706
169	ARG	0.91523
170	GLY	0.58271
171	ALA	0.82728
172	LEU	0.58225
173	ASN	0.85051
174	ILE	0.98319
175	GLY	0.68739
176	PHE	0.74957
177	GLN	0.89321
178	MET	0.75202
179	ALA	0.87750
180	ILE	0.96814
181	THR	0.74637
182	ILE	0.70102
183	GLY	0.82955
184	ILE	0.51263
185	LEU	0.65644
186	VAL	0.57062
187	ALA	0.63193
188	ASN	0.31292
189	LEU	0.56558
190	ILE	0.17045
191	ASN	0.14700
192	TYR	0.08738
193	GLY	0.06715
194	THR	0.15558
195	SER	0.04953
196	LYS	0.05883
197	MET	0.01798
198	ALA	0.15401
199	GLN	0.14835
200	HIS	0.05787
201	GLY	0.25719
202	TRP	0.14609
203	ARG	0.08111
204	VAL	0.23387
205	SER	0.02194
206	LEU	0.04903
207	GLY	0.09879
208	LEU	0.29977
209	ALA	0.22629
210	ALA	0.08422
211	VAL	0.17368
212	PRO	0.41495
213	ALA	0.15342
214	VAL	0.09427
215	VAL	0.31976
216	MET	0.45738
217	VAL	0.79764
218	ILE	0.63270
219	GLY	0.61460
220	SER	0.79322
221	PHE	0.69197
222	ILE	0.28014
223	LEU	0.92427
224	PRO	0.92977
225	ASP	0.89209
226	THR	0.84963
227	PRO	0.97469
228	ASN	0.69260
229	SER	0.95719
230	MET	0.94575
231	LEU	0.96197
232	GLU	0.88395
233	ARG	0.42131
234	GLY	0.61734
235	LYS	0.90423
236	ASN	0.96548
237	GLU	0.96067
238	GLU	0.92287
239	ALA	0.64660
240	LYS	0.95257
241	GLN	0.96131
242	MET	0.90528
243	LEU	0.97454
244	LYS	0.73079
245	LYS	0.91151
246	ILE	0.50851
247	ARG	0.85988
248	GLY	0.43234
249	ALA	0.17970
250	ASP	0.25158
251	ASN	0.06629
252	VAL	0.05513
253	ASP	0.40390
254	HIS	0.33532
255	GLU	0.62453
256	PHE	0.86487
257	GLN	0.31045
258	ASP	0.89010
259	LEU	0.86168
260	ILE	0.17646
261	ASP	0.35837
262	ALA	0.17751
263	VAL	0.54064
264	GLU	0.18923
265	ALA	0.33041
266	ALA	0.18900
267	LYS	0.27769
268	LYS	0.23281
269	VAL	0.36392
270	GLU	0.06711
271	ASN	0.22641
272	PRO	0.38121
273	TRP	0.65975
274	LYS	0.57034
275	ASN	0.20190
276	ILE	0.04699
277	MET	0.10181
278	GLU	0.28353
279	SER	0.06993
280	LYS	0.14469
281	TYR	0.42980
282	ARG	0.19625
283	PRO	0.11255
284	ALA	0.44682
285	LEU	0.36475
286	ILE	0.01976
287	PHE	0.33211
288	CYS	0.38586
289	SER	0.59253
290	ALA	0.64072
291	ILE	0.58732
292	PRO	0.64001
293	PHE	0.74438
294	PHE	0.35838
295	GLN	0.71707
296	GLN	0.47226
297	ILE	0.70729
298	THR	0.22037
299	GLY	0.40168
300	ILE	0.37689
301	ASN	0.28498
302	VAL	0.75548
303	ILE	0.73733
304	MET	0.71380
305	PHE	0.37301
306	TYR	0.33037
307	ALA	0.38065
308	PRO	0.26256
309	VAL	0.20120
310	LEU	0.13869
311	PHE	0.32043
312	LYS	0.46113
313	THR	0.28126
314	LEU	0.17037
315	GLY	0.15838
316	PHE	0.10716
317	GLY	0.32915
318	ASP	0.06370
319	ASP	0.07487
320	ALA	0.22188
321	ALA	0.08847
322	LEU	0.22215
323	MET	0.17364
324	SER	0.09878
325	ALA	0.17024
326	VAL	0.80979
327	ILE	0.14280
328	THR	0.20628
329	GLY	0.64256
330	VAL	0.98318
331	VAL	0.88463
332	ASN	0.44718
333	MET	0.75678
334	LEU	0.21447
335	SER	0.21446
336	THR	0.36215
337	PHE	0.18781
338	VAL	0.31635
339	SER	0.32971
340	ILE	0.69213
341	TYR	0.11529
342	ALA	0.15449
343	VAL	0.25249
344	ASP	0.13566
345	ARG	0.30437
346	TYR	0.40462
347	GLY	0.43656
348	ARG	0.30810
349	ARG	0.40164
350	LEU	0.52534
351	LEU	0.82111
352	PHE	0.41039
353	LEU	0.47206
354	GLU	0.74379
355	GLY	0.68868
356	GLY	0.49158
357	ILE	0.91826
358	GLN	0.71282
359	MET	0.92541
360	PHE	0.64455
361	ILE	0.96459
362	CYS	0.86688
363	GLN	0.84301
364	LEU	0.85820
365	LEU	0.61287
366	VAL	0.19626
367	GLY	0.38290
368	SER	0.43820
369	PHE	0.09589
370	ILE	0.20085
371	GLY	0.13282
372	ALA	0.24834
373	ARG	0.08291
374	PHE	0.04911
375	GLY	0.11455
376	THR	0.07792
377	SER	0.16906
378	GLY	0.38406
379	THR	0.10711
380	GLY	0.10595
381	THR	0.05548
382	LEU	0.08704
383	THR	0.19963
384	PRO	0.58190
385	ALA	0.11548
386	THR	0.07938
387	ALA	0.17366
388	ASP	0.30269
389	TRP	0.07261
390	ILE	0.10317
391	LEU	0.09966
392	ALA	0.24776
393	PHE	0.21505
394	ILE	0.25818
395	CYS	0.28116
396	VAL	0.14194
397	TYR	0.43556
398	VAL	0.91571
399	ALA	0.97148
400	GLY	0.93227
401	PHE	0.91431
402	ALA	0.96397
403	TRP	0.71536
404	SER	0.82796
405	TRP	0.93027
406	GLY	0.84211
407	PRO	0.89999
408	LEU	0.97024
409	GLY	0.88507
410	TRP	0.92910
411	LEU	0.88136
412	VAL	0.97281
413	PRO	0.83476
414	SER	0.91039
415	GLU	0.96008
416	ILE	0.83962
417	CYS	0.55919
418	PRO	0.84749
419	LEU	0.97149
420	GLU	0.86724
421	ILE	0.96433
422	ARG	0.79356
423	PRO	0.97126
424	ALA	0.92895
425	GLY	0.88215
426	GLN	0.81368
427	ALA	0.89817
428	ILE	0.94663
429	ASN	0.65376
430	VAL	0.48400
431	SER	0.70748
432	VAL	0.80755
433	ASN	0.76179
434	MET	0.57123
435	PHE	0.65299
436	PHE	0.70212
437	THR	0.60634
438	PHE	0.58389
439	LEU	0.86791
440	ILE	0.71045
441	GLY	0.64885
442	GLN	0.40080
443	PHE	0.26942
444	PHE	0.33710
445	LEU	0.30037
446	THR	0.04612
447	MET	0.09382
448	LEU	0.11637
449	CYS	0.05992
450	HIS	0.15499
451	MET	0.19709
452	LYS	0.11270
453	PHE	0.18388
454	GLY	0.78686
455	LEU	0.21676
456	PHE	0.75171
457	TYR	0.63666
458	PHE	0.26378
459	PHE	0.28956
460	ALA	0.84186
461	SER	0.54055
462	MET	0.71986
463	VAL	0.05627
464	ALA	0.05853
465	ILE	0.21925
466	MET	0.45783
467	THR	0.74557
468	VAL	0.19418
469	PHE	0.07853
470	ILE	0.79603
471	TYR	0.31338
472	PHE	0.06994
473	LEU	0.26740
474	LEU	0.30760
475	PRO	0.51729
476	GLU	0.30327
477	THR	0.42279
478	LYS	0.24735
479	GLY	0.36956
480	VAL	0.57571
481	PRO	0.55342
482	ILE	0.27903
483	GLU	0.68942
484	GLU	0.20306
485	MET	0.11533
486	GLY	0.13364
487	ARG	0.10405
488	VAL	0.04084
489	TRP	0.09033
490	LYS	0.05375
491	GLN	0.05339
492	HIS	0.06021
493	TRP	0.05706
494	PHE	0.03638
495	TRP	0.02235
496	LYS	0.03306
497	LYS	0.05193
498	TYR	0.03055
499	ILE	0.05209
500	PRO	0.09546
501	GLU	0.12295
502	ASP	0.16876
503	ALA	0.04304
504	ILE	0.05131
505	ILE	0.05432
506	GLY	0.33372
507	GLY	0.42045
508	HIS	0.06014
509	ASP	0.09996
510	ASP	0.23199
511	ASN	0.12390
512	ASN	0.08105
513	THR	0.22332
514	ASN	0.12258
