/var/spool/slurmd/job609696/slurm_script: line 17: activate: No such file or directory
/home/rpearson/.conda/envs/dssp/bin/python
PROCESSING: /home/rpearson/research/23ValidationSet/IT/P63096/model_copies/P63096_IT_model2.pdb
Input Data Path : /home/rpearson/research/23ValidationSet/IT/P63096/model_copies/P63096_IT_model2.pdb
Model Quality Score : 0.25028
Resid	Resname	Score
1	MET	0.07382
2	GLY	0.06462
3	CYS	0.13148
4	THR	0.06774
5	LEU	0.03565
6	SER	0.08428
7	ALA	0.20704
8	GLU	0.12547
9	ASP	0.13930
10	LYS	0.15434
11	ALA	0.06923
12	ALA	0.07697
13	VAL	0.06988
14	GLU	0.12161
15	ARG	0.15144
16	SER	0.06756
17	LYS	0.19369
18	MET	0.02089
19	ILE	0.03250
20	ASP	0.12684
21	ARG	0.06986
22	ASN	0.07007
23	LEU	0.06418
24	ARG	0.05816
25	GLU	0.07726
26	ASP	0.08401
27	GLY	0.21617
28	GLU	0.34623
29	LYS	0.10957
30	ALA	0.42335
31	ALA	0.13709
32	ARG	0.27972
33	GLU	0.51306
34	VAL	0.14449
35	LYS	0.21290
36	LEU	0.08378
37	LEU	0.30214
38	LEU	0.51143
39	LEU	0.54994
40	GLY	0.62751
41	ALA	0.70607
42	GLY	0.39695
43	GLU	0.21655
44	SER	0.44170
45	GLY	0.94828
46	LYS	0.58060
47	SER	0.52922
48	THR	0.66054
49	ILE	0.78655
50	VAL	0.47500
51	LYS	0.40443
52	GLN	0.52837
53	MET	0.38201
54	LYS	0.07587
55	ILE	0.13961
56	ILE	0.02849
57	HIS	0.17270
58	GLU	0.08056
59	ALA	0.08771
60	GLY	0.11071
61	TYR	0.02919
62	SER	0.08189
63	GLU	0.07029
64	GLU	0.05298
65	GLU	0.33645
66	CYS	0.22691
67	LYS	0.07286
68	GLN	0.06370
69	TYR	0.03314
70	LYS	0.19848
71	ALA	0.12932
72	VAL	0.09511
73	VAL	0.10896
74	TYR	0.50880
75	SER	0.11087
76	ASN	0.42121
77	THR	0.21394
78	ILE	0.34605
79	GLN	0.24796
80	SER	0.26221
81	ILE	0.57521
82	ILE	0.45474
83	ALA	0.49554
84	ILE	0.15564
85	ILE	0.62916
86	ARG	0.20308
87	ALA	0.42050
88	MET	0.23617
89	GLY	0.33445
90	ARG	0.23065
91	LEU	0.14512
92	LYS	0.14654
93	ILE	0.28933
94	ASP	0.71575
95	PHE	0.14302
96	GLY	0.38274
97	ASP	0.34815
98	SER	0.72412
99	ALA	0.25576
100	ARG	0.70683
101	ALA	0.50955
102	ASP	0.56955
103	ASP	0.86516
104	ALA	0.80993
105	ARG	0.44989
106	GLN	0.21718
107	LEU	0.57778
108	PHE	0.43227
109	VAL	0.69895
110	LEU	0.46470
111	ALA	0.42243
112	GLY	0.17923
113	ALA	0.07208
114	ALA	0.26836
115	GLU	0.17161
116	GLU	0.11412
117	GLY	0.11059
118	PHE	0.08937
119	MET	0.21103
120	THR	0.31254
121	ALA	0.48942
122	GLU	0.21419
123	LEU	0.34673
124	ALA	0.63366
125	GLY	0.70866
126	VAL	0.55603
127	ILE	0.63468
128	LYS	0.64975
129	ARG	0.70841
130	LEU	0.53055
131	TRP	0.46692
132	LYS	0.35660
133	ASP	0.19035
134	SER	0.36504
135	GLY	0.24505
136	VAL	0.16982
137	GLN	0.58751
138	ALA	0.29877
139	CYS	0.18197
140	PHE	0.26143
141	ASN	0.16515
142	ARG	0.10370
143	SER	0.20531
144	ARG	0.14789
145	GLU	0.07588
146	TYR	0.28789
147	GLN	0.04641
148	LEU	0.08603
149	ASN	0.08497
150	ASP	0.24954
151	SER	0.22425
152	ALA	0.22738
153	ALA	0.56866
154	TYR	0.31491
155	TYR	0.29127
156	LEU	0.23191
157	ASN	0.85096
158	ASP	0.36344
159	LEU	0.38716
160	ASP	0.38509
161	ARG	0.67558
162	ILE	0.24051
163	ALA	0.18167
164	GLN	0.09466
165	PRO	0.09172
166	ASN	0.05151
167	TYR	0.15566
168	ILE	0.04749
169	PRO	0.05125
170	THR	0.09355
171	GLN	0.15431
172	GLN	0.03664
173	ASP	0.05594
174	VAL	0.03537
175	LEU	0.01150
176	ARG	0.15281
177	THR	0.10079
178	ARG	0.12474
179	VAL	0.18814
180	LYS	0.03982
181	THR	0.38195
182	THR	0.15924
183	GLY	0.66929
184	ILE	0.07685
185	VAL	0.67094
186	GLU	0.17460
187	THR	0.29886
188	HIS	0.14822
189	PHE	0.17353
190	THR	0.20248
191	PHE	0.16380
192	LYS	0.19910
193	ASP	0.10967
194	LEU	0.05911
195	HIS	0.25980
196	PHE	0.14256
197	LYS	0.75298
198	MET	0.38804
199	PHE	0.79392
200	ASP	0.78042
201	VAL	0.72013
202	GLY	0.39953
203	GLY	0.64377
204	GLN	0.04833
205	ARG	0.07151
206	SER	0.15039
207	GLU	0.09724
208	ARG	0.15632
209	LYS	0.05110
210	LYS	0.11305
211	TRP	0.08930
212	ILE	0.12270
213	HIS	0.06257
214	CYS	0.07037
215	PHE	0.09319
216	GLU	0.09642
217	GLY	0.05488
218	VAL	0.09903
219	THR	0.33284
220	ALA	0.01924
221	ILE	0.01255
222	ILE	0.49562
223	PHE	0.80807
224	CYS	0.76060
225	VAL	0.61168
226	ALA	0.68519
227	LEU	0.32560
228	SER	0.62261
229	ASP	0.36730
230	TYR	0.10763
231	ASP	0.15321
232	LEU	0.06200
233	VAL	0.10055
234	LEU	0.04419
235	ALA	0.02742
236	GLU	0.07713
237	ASP	0.09884
238	GLU	0.03561
239	GLU	0.07787
240	MET	0.05435
241	ASN	0.05052
242	ARG	0.04994
243	MET	0.06471
244	HIS	0.07605
245	GLU	0.14107
246	SER	0.15142
247	MET	0.16045
248	LYS	0.18083
249	LEU	0.13886
250	PHE	0.11793
251	ASP	0.17414
252	SER	0.30890
253	ILE	0.04886
254	CYS	0.07222
255	ASN	0.11394
256	ASN	0.07642
257	LYS	0.06714
258	TRP	0.02087
259	PHE	0.07855
260	THR	0.03511
261	ASP	0.14297
262	THR	0.04705
263	SER	0.14537
264	ILE	0.38585
265	ILE	0.15783
266	LEU	0.62461
267	PHE	0.39466
268	LEU	0.45833
269	ASN	0.59291
270	LYS	0.21771
271	LYS	0.18386
272	ASP	0.68788
273	LEU	0.34140
274	PHE	0.15968
275	GLU	0.46929
276	GLU	0.80403
277	LYS	0.26935
278	ILE	0.28696
279	LYS	0.44860
280	LYS	0.43761
281	SER	0.25048
282	PRO	0.18314
283	LEU	0.33360
284	THR	0.17684
285	ILE	0.07921
286	CYS	0.12498
287	TYR	0.09071
288	PRO	0.31729
289	GLU	0.05590
290	TYR	0.02936
291	ALA	0.37989
292	GLY	0.19652
293	SER	0.15972
294	ASN	0.41626
295	THR	0.07719
296	TYR	0.44357
297	GLU	0.15059
298	GLU	0.26808
299	ALA	0.14442
300	ALA	0.10107
301	ALA	0.11660
302	TYR	0.08129
303	ILE	0.15782
304	GLN	0.04540
305	CYS	0.39622
306	GLN	0.06403
307	PHE	0.04768
308	GLU	0.01928
309	ASP	0.19333
310	LEU	0.06017
311	ASN	0.03865
312	LYS	0.08139
313	ARG	0.02710
314	LYS	0.01961
315	ASP	0.19532
316	THR	0.10564
317	LYS	0.04957
318	GLU	0.05643
319	ILE	0.32698
320	TYR	0.08431
321	THR	0.19051
322	HIS	0.37714
323	PHE	0.16638
324	THR	0.67269
325	CYS	0.94523
326	ALA	0.32362
327	THR	0.52959
328	ASP	0.33414
329	THR	0.25625
330	LYS	0.04061
331	ASN	0.26983
332	VAL	0.38008
333	GLN	0.08927
334	PHE	0.12267
335	VAL	0.53873
336	PHE	0.05521
337	ASP	0.10971
338	ALA	0.33988
339	VAL	0.16639
340	THR	0.09416
341	ASP	0.06609
342	VAL	0.07115
343	ILE	0.24136
344	ILE	0.04606
345	LYS	0.19532
346	ASN	0.07431
347	ASN	0.09344
348	LEU	0.05867
349	LYS	0.08561
350	ASP	0.07117
351	CYS	0.10905
352	GLY	0.19706
353	LEU	0.03153
354	PHE	0.22722
