/var/spool/slurmd/job609699/slurm_script: line 17: activate: No such file or directory
/home/rpearson/.conda/envs/dssp/bin/python
PROCESSING: /home/rpearson/research/23ValidationSet/IT/P63096/model_copies/P63096_IT_model5.pdb
Input Data Path : /home/rpearson/research/23ValidationSet/IT/P63096/model_copies/P63096_IT_model5.pdb
Model Quality Score : 0.26599
Resid	Resname	Score
1	MET	0.17309
2	GLY	0.14732
3	CYS	0.14764
4	THR	0.17587
5	LEU	0.11526
6	SER	0.13759
7	ALA	0.22393
8	GLU	0.20547
9	ASP	0.19855
10	LYS	0.23421
11	ALA	0.41098
12	ALA	0.22822
13	VAL	0.52999
14	GLU	0.57003
15	ARG	0.33227
16	SER	0.45938
17	LYS	0.46161
18	MET	0.04647
19	ILE	0.37154
20	ASP	0.34182
21	ARG	0.04068
22	ASN	0.42639
23	LEU	0.12088
24	ARG	0.19595
25	GLU	0.14865
26	ASP	0.31499
27	GLY	0.13855
28	GLU	0.13954
29	LYS	0.05166
30	ALA	0.00897
31	ALA	0.15913
32	ARG	0.11254
33	GLU	0.03737
34	VAL	0.08864
35	LYS	0.01940
36	LEU	0.08376
37	LEU	0.18850
38	LEU	0.16811
39	LEU	0.36670
40	GLY	0.78296
41	ALA	0.74314
42	GLY	0.62570
43	GLU	0.72345
44	SER	0.19236
45	GLY	0.21493
46	LYS	0.15047
47	SER	0.11960
48	THR	0.25423
49	ILE	0.03728
50	VAL	0.01705
51	LYS	0.10595
52	GLN	0.02066
53	MET	0.08241
54	LYS	0.12599
55	ILE	0.20206
56	ILE	0.11825
57	HIS	0.04590
58	GLU	0.08325
59	ALA	0.12985
60	GLY	0.44374
61	TYR	0.11592
62	SER	0.18862
63	GLU	0.10855
64	GLU	0.32337
65	GLU	0.16209
66	CYS	0.25034
67	LYS	0.41471
68	GLN	0.22222
69	TYR	0.05483
70	LYS	0.04792
71	ALA	0.17027
72	VAL	0.22083
73	VAL	0.15831
74	TYR	0.02949
75	SER	0.14674
76	ASN	0.12083
77	THR	0.14706
78	ILE	0.04339
79	GLN	0.44741
80	SER	0.03723
81	ILE	0.18942
82	ILE	0.08770
83	ALA	0.02168
84	ILE	0.14432
85	ILE	0.09780
86	ARG	0.07178
87	ALA	0.11508
88	MET	0.15847
89	GLY	0.15509
90	ARG	0.19536
91	LEU	0.38683
92	LYS	0.05606
93	ILE	0.11484
94	ASP	0.21091
95	PHE	0.16631
96	GLY	0.13863
97	ASP	0.47857
98	SER	0.30309
99	ALA	0.22799
100	ARG	0.34029
101	ALA	0.15949
102	ASP	0.22879
103	ASP	0.37733
104	ALA	0.21941
105	ARG	0.50389
106	GLN	0.61635
107	LEU	0.71700
108	PHE	0.06499
109	VAL	0.28137
110	LEU	0.28029
111	ALA	0.12495
112	GLY	0.24653
113	ALA	0.17028
114	ALA	0.05001
115	GLU	0.06386
116	GLU	0.05062
117	GLY	0.09810
118	PHE	0.02359
119	MET	0.14736
120	THR	0.12628
121	ALA	0.40669
122	GLU	0.12955
123	LEU	0.23656
124	ALA	0.56086
125	GLY	0.18135
126	VAL	0.11045
127	ILE	0.20262
128	LYS	0.26895
129	ARG	0.54417
130	LEU	0.15238
131	TRP	0.06610
132	LYS	0.08223
133	ASP	0.08919
134	SER	0.21261
135	GLY	0.08740
136	VAL	0.01899
137	GLN	0.06616
138	ALA	0.20771
139	CYS	0.15419
140	PHE	0.04175
141	ASN	0.44655
142	ARG	0.51040
143	SER	0.07059
144	ARG	0.26434
145	GLU	0.29303
146	TYR	0.35121
147	GLN	0.23390
148	LEU	0.42135
149	ASN	0.13977
150	ASP	0.09893
151	SER	0.20349
152	ALA	0.08760
153	ALA	0.05790
154	TYR	0.02320
155	TYR	0.00948
156	LEU	0.02238
157	ASN	0.05673
158	ASP	0.36725
159	LEU	0.11472
160	ASP	0.19729
161	ARG	0.07182
162	ILE	0.08677
163	ALA	0.62294
164	GLN	0.39217
165	PRO	0.18782
166	ASN	0.08114
167	TYR	0.12730
168	ILE	0.03007
169	PRO	0.00322
170	THR	0.01807
171	GLN	0.09012
172	GLN	0.00623
173	ASP	0.09792
174	VAL	0.06186
175	LEU	0.03066
176	ARG	0.03588
177	THR	0.07270
178	ARG	0.04708
179	VAL	0.06837
180	LYS	0.11590
181	THR	0.34758
182	THR	0.25878
183	GLY	0.07197
184	ILE	0.31648
185	VAL	0.11082
186	GLU	0.01603
187	THR	0.02166
188	HIS	0.10749
189	PHE	0.01495
190	THR	0.03302
191	PHE	0.07657
192	LYS	0.09542
193	ASP	0.07464
194	LEU	0.08083
195	HIS	0.04069
196	PHE	0.01639
197	LYS	0.14312
198	MET	0.11464
199	PHE	0.06618
200	ASP	0.28071
201	VAL	0.12138
202	GLY	0.64636
203	GLY	0.62604
204	GLN	0.43230
205	ARG	0.26698
206	SER	0.15624
207	GLU	0.28211
208	ARG	0.24545
209	LYS	0.46910
210	LYS	0.28517
211	TRP	0.14731
212	ILE	0.15644
213	HIS	0.48426
214	CYS	0.13998
215	PHE	0.15726
216	GLU	0.12075
217	GLY	0.15827
218	VAL	0.01694
219	THR	0.11172
220	ALA	0.47959
221	ILE	0.07727
222	ILE	0.22546
223	PHE	0.40654
224	CYS	0.84906
225	VAL	0.53881
226	ALA	0.87824
227	LEU	0.52436
228	SER	0.68762
229	ASP	0.41016
230	TYR	0.40714
231	ASP	0.25902
232	LEU	0.23022
233	VAL	0.09252
234	LEU	0.13280
235	ALA	0.03213
236	GLU	0.02890
237	ASP	0.06214
238	GLU	0.01449
239	GLU	0.04811
240	MET	0.15535
241	ASN	0.16246
242	ARG	0.36901
243	MET	0.13694
244	HIS	0.84409
245	GLU	0.47386
246	SER	0.82952
247	MET	0.69412
248	LYS	0.28889
249	LEU	0.26615
250	PHE	0.67878
251	ASP	0.25074
252	SER	0.26032
253	ILE	0.36381
254	CYS	0.57054
255	ASN	0.56391
256	ASN	0.25932
257	LYS	0.23601
258	TRP	0.13420
259	PHE	0.25579
260	THR	0.47118
261	ASP	0.37290
262	THR	0.04396
263	SER	0.06188
264	ILE	0.26323
265	ILE	0.33234
266	LEU	0.68102
267	PHE	0.81656
268	LEU	0.79113
269	ASN	0.66395
270	LYS	0.66125
271	LYS	0.71737
272	ASP	0.44492
273	LEU	0.78192
274	PHE	0.85302
275	GLU	0.73747
276	GLU	0.94076
277	LYS	0.84159
278	ILE	0.70205
279	LYS	0.58811
280	LYS	0.65787
281	SER	0.36680
282	PRO	0.76157
283	LEU	0.29227
284	THR	0.75290
285	ILE	0.41767
286	CYS	0.46028
287	TYR	0.14777
288	PRO	0.81010
289	GLU	0.66412
290	TYR	0.21808
291	ALA	0.43689
292	GLY	0.79928
293	SER	0.50051
294	ASN	0.55093
295	THR	0.84673
296	TYR	0.34993
297	GLU	0.87952
298	GLU	0.51816
299	ALA	0.53274
300	ALA	0.48573
301	ALA	0.89039
302	TYR	0.12439
303	ILE	0.34236
304	GLN	0.87101
305	CYS	0.41656
306	GLN	0.27793
307	PHE	0.60003
308	GLU	0.79891
309	ASP	0.66080
310	LEU	0.73039
311	ASN	0.65311
312	LYS	0.30030
313	ARG	0.08831
314	LYS	0.34011
315	ASP	0.16161
316	THR	0.20389
317	LYS	0.14657
318	GLU	0.37910
319	ILE	0.05748
320	TYR	0.14880
321	THR	0.40294
322	HIS	0.46346
323	PHE	0.25430
324	THR	0.77213
325	CYS	0.43103
326	ALA	0.33690
327	THR	0.19444
328	ASP	0.13235
329	THR	0.01239
330	LYS	0.04942
331	ASN	0.11791
332	VAL	0.18530
333	GLN	0.12028
334	PHE	0.35358
335	VAL	0.07923
336	PHE	0.14487
337	ASP	0.25496
338	ALA	0.01605
339	VAL	0.03502
340	THR	0.06654
341	ASP	0.13849
342	VAL	0.17575
343	ILE	0.13805
344	ILE	0.10268
345	LYS	0.08187
346	ASN	0.11386
347	ASN	0.45037
348	LEU	0.03029
349	LYS	0.04177
350	ASP	0.06807
351	CYS	0.06128
352	GLY	0.08781
353	LEU	0.10447
354	PHE	0.04379
