/var/spool/slurmd/job609698/slurm_script: line 17: activate: No such file or directory
/home/rpearson/.conda/envs/dssp/bin/python
PROCESSING: /home/rpearson/research/23ValidationSet/IT/P63096/model_copies/P63096_IT_model4.pdb
Input Data Path : /home/rpearson/research/23ValidationSet/IT/P63096/model_copies/P63096_IT_model4.pdb
Model Quality Score : 0.41792
Resid	Resname	Score
1	MET	0.10378
2	GLY	0.38911
3	CYS	0.08303
4	THR	0.07695
5	LEU	0.11189
6	SER	0.20443
7	ALA	0.52476
8	GLU	0.28040
9	ASP	0.34550
10	LYS	0.21720
11	ALA	0.38185
12	ALA	0.06487
13	VAL	0.17827
14	GLU	0.16554
15	ARG	0.17520
16	SER	0.15004
17	LYS	0.08830
18	MET	0.02451
19	ILE	0.05361
20	ASP	0.03696
21	ARG	0.01792
22	ASN	0.09338
23	LEU	0.02765
24	ARG	0.03923
25	GLU	0.01079
26	ASP	0.12864
27	GLY	0.07389
28	GLU	0.20100
29	LYS	0.15755
30	ALA	0.21426
31	ALA	0.15475
32	ARG	0.15978
33	GLU	0.74534
34	VAL	0.92739
35	LYS	0.90859
36	LEU	0.97600
37	LEU	0.92021
38	LEU	0.99624
39	LEU	0.98518
40	GLY	0.92539
41	ALA	0.83004
42	GLY	0.91241
43	GLU	0.76295
44	SER	0.95262
45	GLY	0.69452
46	LYS	0.75907
47	SER	0.74606
48	THR	0.74004
49	ILE	0.84889
50	VAL	0.84112
51	LYS	0.40486
52	GLN	0.42638
53	MET	0.50206
54	LYS	0.18621
55	ILE	0.23701
56	ILE	0.15938
57	HIS	0.05445
58	GLU	0.13752
59	ALA	0.16050
60	GLY	0.19900
61	TYR	0.04468
62	SER	0.05984
63	GLU	0.12251
64	GLU	0.29340
65	GLU	0.24748
66	CYS	0.27128
67	LYS	0.09468
68	GLN	0.11479
69	TYR	0.14703
70	LYS	0.06231
71	ALA	0.08382
72	VAL	0.19272
73	VAL	0.06992
74	TYR	0.08788
75	SER	0.10643
76	ASN	0.20879
77	THR	0.20192
78	ILE	0.11062
79	GLN	0.11337
80	SER	0.04565
81	ILE	0.04901
82	ILE	0.11428
83	ALA	0.06972
84	ILE	0.01641
85	ILE	0.10495
86	ARG	0.35576
87	ALA	0.05823
88	MET	0.07970
89	GLY	0.12255
90	ARG	0.06460
91	LEU	0.14502
92	LYS	0.02305
93	ILE	0.02189
94	ASP	0.05275
95	PHE	0.02217
96	GLY	0.11803
97	ASP	0.04788
98	SER	0.09355
99	ALA	0.25284
100	ARG	0.02876
101	ALA	0.01129
102	ASP	0.04439
103	ASP	0.14978
104	ALA	0.12455
105	ARG	0.02747
106	GLN	0.01479
107	LEU	0.01563
108	PHE	0.01528
109	VAL	0.08992
110	LEU	0.06390
111	ALA	0.08461
112	GLY	0.18188
113	ALA	0.06649
114	ALA	0.07361
115	GLU	0.16642
116	GLU	0.05534
117	GLY	0.11904
118	PHE	0.02584
119	MET	0.04314
120	THR	0.00480
121	ALA	0.10992
122	GLU	0.02234
123	LEU	0.07868
124	ALA	0.16414
125	GLY	0.16919
126	VAL	0.05117
127	ILE	0.21499
128	LYS	0.11765
129	ARG	0.10172
130	LEU	0.06046
131	TRP	0.05350
132	LYS	0.11432
133	ASP	0.04919
134	SER	0.07085
135	GLY	0.10286
136	VAL	0.01700
137	GLN	0.03367
138	ALA	0.10875
139	CYS	0.01040
140	PHE	0.00935
141	ASN	0.05944
142	ARG	0.03325
143	SER	0.01501
144	ARG	0.01659
145	GLU	0.01556
146	TYR	0.06388
147	GLN	0.11867
148	LEU	0.00195
149	ASN	0.01012
150	ASP	0.06046
151	SER	0.14520
152	ALA	0.15959
153	ALA	0.38499
154	TYR	0.02520
155	TYR	0.02637
156	LEU	0.19078
157	ASN	0.01861
158	ASP	0.04706
159	LEU	0.07297
160	ASP	0.10770
161	ARG	0.01711
162	ILE	0.03301
163	ALA	0.14270
164	GLN	0.17027
165	PRO	0.23376
166	ASN	0.41901
167	TYR	0.20581
168	ILE	0.06379
169	PRO	0.26618
170	THR	0.50716
171	GLN	0.53428
172	GLN	0.36881
173	ASP	0.46085
174	VAL	0.45289
175	LEU	0.90192
176	ARG	0.15343
177	THR	0.63672
178	ARG	0.27488
179	VAL	0.19067
180	LYS	0.78982
181	THR	0.23935
182	THR	0.78172
183	GLY	0.97877
184	ILE	0.91383
185	VAL	0.97945
186	GLU	0.94578
187	THR	0.90836
188	HIS	0.86717
189	PHE	0.78303
190	THR	0.89445
191	PHE	0.61496
192	LYS	0.18031
193	ASP	0.63563
194	LEU	0.92108
195	HIS	0.91776
196	PHE	0.78344
197	LYS	0.84103
198	MET	0.93741
199	PHE	0.94947
200	ASP	0.91969
201	VAL	0.99553
202	GLY	0.87092
203	GLY	0.47283
204	GLN	0.73607
205	ARG	0.13967
206	SER	0.55310
207	GLU	0.78167
208	ARG	0.62131
209	LYS	0.49229
210	LYS	0.52705
211	TRP	0.54864
212	ILE	0.36500
213	HIS	0.18068
214	CYS	0.74317
215	PHE	0.59242
216	GLU	0.35303
217	GLY	0.60146
218	VAL	0.76621
219	THR	0.97934
220	ALA	0.99010
221	ILE	0.98532
222	ILE	0.98829
223	PHE	0.98274
224	CYS	0.99773
225	VAL	0.65446
226	ALA	0.91088
227	LEU	0.95299
228	SER	0.67474
229	ASP	0.64608
230	TYR	0.27602
231	ASP	0.35505
232	LEU	0.69217
233	VAL	0.86918
234	LEU	0.47499
235	ALA	0.03543
236	GLU	0.31507
237	ASP	0.46557
238	GLU	0.71628
239	GLU	0.32260
240	MET	0.56715
241	ASN	0.39690
242	ARG	0.11084
243	MET	0.66669
244	HIS	0.52449
245	GLU	0.75420
246	SER	0.97134
247	MET	0.69118
248	LYS	0.92778
249	LEU	0.99008
250	PHE	0.87871
251	ASP	0.79431
252	SER	0.84523
253	ILE	0.96105
254	CYS	0.92643
255	ASN	0.55181
256	ASN	0.58061
257	LYS	0.17041
258	TRP	0.16121
259	PHE	0.69654
260	THR	0.71218
261	ASP	0.86038
262	THR	0.91904
263	SER	0.99172
264	ILE	0.98223
265	ILE	0.98623
266	LEU	0.95761
267	PHE	0.96128
268	LEU	0.98953
269	ASN	0.97042
270	LYS	0.79122
271	LYS	0.97316
272	ASP	0.83508
273	LEU	0.68745
274	PHE	0.56877
275	GLU	0.91967
276	GLU	0.95138
277	LYS	0.90483
278	ILE	0.77792
279	LYS	0.84758
280	LYS	0.85234
281	SER	0.81097
282	PRO	0.22798
283	LEU	0.39478
284	THR	0.17991
285	ILE	0.43594
286	CYS	0.31681
287	TYR	0.14276
288	PRO	0.51338
289	GLU	0.19021
290	TYR	0.26484
291	ALA	0.38698
292	GLY	0.35440
293	SER	0.20862
294	ASN	0.41209
295	THR	0.92925
296	TYR	0.49596
297	GLU	0.37364
298	GLU	0.52531
299	ALA	0.34039
300	ALA	0.57280
301	ALA	0.48319
302	TYR	0.24801
303	ILE	0.02631
304	GLN	0.54179
305	CYS	0.36547
306	GLN	0.24781
307	PHE	0.57014
308	GLU	0.79450
309	ASP	0.38998
310	LEU	0.33656
311	ASN	0.48959
312	LYS	0.69605
313	ARG	0.44441
314	LYS	0.40511
315	ASP	0.37232
316	THR	0.59014
317	LYS	0.57156
318	GLU	0.91839
319	ILE	0.81334
320	TYR	0.78215
321	THR	0.86431
322	HIS	0.81022
323	PHE	0.80534
324	THR	0.55793
325	CYS	0.76325
326	ALA	0.46335
327	THR	0.12090
328	ASP	0.12693
329	THR	0.16983
330	LYS	0.22916
331	ASN	0.30952
332	VAL	0.51596
333	GLN	0.70646
334	PHE	0.53058
335	VAL	0.90014
336	PHE	0.60624
337	ASP	0.86568
338	ALA	0.74633
339	VAL	0.96775
340	THR	0.93433
341	ASP	0.95898
342	VAL	0.99538
343	ILE	0.93524
344	ILE	0.68864
345	LYS	0.82136
346	ASN	0.75067
347	ASN	0.46241
348	LEU	0.29507
349	LYS	0.32145
350	ASP	0.23728
351	CYS	0.18755
352	GLY	0.03570
353	LEU	0.02554
354	PHE	0.01530
