/var/spool/slurmd/job609733/slurm_script: line 17: activate: No such file or directory
/home/rpearson/.conda/envs/dssp/bin/python
PROCESSING: /home/rpearson/research/PosValSet/IT/P23907/model_copies/P23907_IT_model4.pdb
Input Data Path : /home/rpearson/research/PosValSet/IT/P23907/model_copies/P23907_IT_model4.pdb
Model Quality Score : 0.12972
Resid	Resname	Score
1	MET	0.16779
2	VAL	0.30745
3	LYS	0.06702
4	SER	0.08337
5	HIS	0.02198
6	ILE	0.12780
7	GLY	0.03033
8	SER	0.00331
9	TRP	0.01853
10	ILE	0.03389
11	LEU	0.01009
12	VAL	0.01256
13	LEU	0.00762
14	PHE	0.01089
15	VAL	0.03299
16	ALA	0.01948
17	MET	0.04882
18	TRP	0.09306
19	SER	0.03536
20	ASP	0.05584
21	VAL	0.07287
22	GLY	0.04224
23	LEU	0.18234
24	CYS	0.04127
25	LYS	0.09115
26	LYS	0.01691
27	ARG	0.14596
28	PRO	0.26790
29	LYS	0.09908
30	PRO	0.06985
31	GLY	0.09221
32	GLY	0.11176
33	GLY	0.14076
34	TRP	0.09468
35	ASN	0.10981
36	THR	0.12539
37	GLY	0.23345
38	GLY	0.56313
39	SER	0.30965
40	ARG	0.19533
41	TYR	0.13783
42	PRO	0.05957
43	GLY	0.31216
44	GLN	0.48000
45	GLY	0.48684
46	SER	0.54818
47	PRO	0.21129
48	GLY	0.36062
49	GLY	0.51010
50	ASN	0.39593
51	ARG	0.05487
52	TYR	0.05610
53	PRO	0.02564
54	PRO	0.07200
55	GLN	0.14220
56	GLY	0.15733
57	GLY	0.09927
58	GLY	0.13450
59	GLY	0.13928
60	TRP	0.20361
61	GLY	0.38757
62	GLN	0.16511
63	PRO	0.52667
64	HIS	0.12763
65	GLY	0.17571
66	GLY	0.19729
67	GLY	0.09734
68	TRP	0.07213
69	GLY	0.23384
70	GLN	0.32987
71	PRO	0.16397
72	HIS	0.25595
73	GLY	0.10662
74	GLY	0.33144
75	GLY	0.26284
76	TRP	0.03576
77	GLY	0.48555
78	GLN	0.15928
79	PRO	0.20913
80	HIS	0.21055
81	GLY	0.28171
82	GLY	0.07148
83	GLY	0.24621
84	TRP	0.01924
85	GLY	0.01321
86	GLN	0.04060
87	PRO	0.06402
88	HIS	0.03919
89	GLY	0.05353
90	GLY	0.07329
91	GLY	0.05660
92	GLY	0.03785
93	TRP	0.03128
94	GLY	0.06579
95	GLN	0.05376
96	GLY	0.09954
97	GLY	0.12577
98	SER	0.16607
99	HIS	0.03934
100	SER	0.03984
101	GLN	0.01406
102	TRP	0.08980
103	ASN	0.05737
104	LYS	0.01162
105	PRO	0.04449
106	SER	0.06764
107	LYS	0.03182
108	PRO	0.06143
109	LYS	0.00783
110	THR	0.01386
111	ASN	0.00964
112	MET	0.00984
113	LYS	0.03307
114	HIS	0.04513
115	VAL	0.03932
116	ALA	0.02184
117	GLY	0.01117
118	ALA	0.05330
119	ALA	0.04050
120	ALA	0.12214
121	ALA	0.01454
122	GLY	0.07698
123	ALA	0.02459
124	VAL	0.02033
125	VAL	0.01277
126	GLY	0.06518
127	GLY	0.02792
128	LEU	0.17514
129	GLY	0.04504
130	GLY	0.07647
131	TYR	0.06301
132	MET	0.04415
133	LEU	0.06502
134	GLY	0.14744
135	SER	0.41652
136	ALA	0.23783
137	MET	0.27043
138	SER	0.15713
139	ARG	0.13989
140	PRO	0.19835
141	LEU	0.24422
142	ILE	0.06910
143	HIS	0.06530
144	PHE	0.03716
145	GLY	0.08003
146	ASN	0.17405
147	ASP	0.17148
148	TYR	0.08105
149	GLU	0.04815
150	ASP	0.20933
151	ARG	0.30624
152	TYR	0.04250
153	TYR	0.05721
154	ARG	0.21743
155	GLU	0.14338
156	ASN	0.17873
157	MET	0.48538
158	TYR	0.44732
159	ARG	0.28703
160	TYR	0.09540
161	PRO	0.27200
162	ASN	0.06383
163	GLN	0.24127
164	VAL	0.02798
165	TYR	0.14741
166	TYR	0.35437
167	ARG	0.08357
168	PRO	0.07759
169	VAL	0.05348
170	ASP	0.01815
171	ARG	0.06410
172	TYR	0.07130
173	SER	0.44701
174	ASN	0.12131
175	GLN	0.08916
176	ASN	0.14070
177	ASN	0.23398
178	PHE	0.12673
179	VAL	0.02625
180	HIS	0.01919
181	ASP	0.07080
182	CYS	0.07018
183	VAL	0.11646
184	ASN	0.03223
185	ILE	0.18360
186	THR	0.44260
187	VAL	0.18675
188	LYS	0.02825
189	GLN	0.12531
190	HIS	0.55134
191	THR	0.11595
192	VAL	0.33539
193	THR	0.06066
194	THR	0.05998
195	THR	0.02761
196	THR	0.11188
197	LYS	0.07347
198	GLY	0.23303
199	GLU	0.09657
200	ASN	0.04041
201	PHE	0.11962
202	THR	0.06033
203	GLU	0.09117
204	THR	0.08889
205	ASP	0.03449
206	ILE	0.03132
207	LYS	0.01489
208	ILE	0.03086
209	MET	0.33611
210	GLU	0.08505
211	ARG	0.02706
212	VAL	0.07999
213	VAL	0.20454
214	GLU	0.05023
215	GLN	0.20740
216	MET	0.23871
217	CYS	0.35421
218	ILE	0.19346
219	THR	0.41833
220	GLN	0.04716
221	TYR	0.21938
222	GLN	0.19519
223	ARG	0.27014
224	GLU	0.34654
225	SER	0.09188
226	GLN	0.18192
227	ALA	0.16312
228	TYR	0.24381
229	TYR	0.05754
230	GLN	0.15986
231	ARG	0.09028
232	GLY	0.14103
233	ALA	0.09951
234	SER	0.11772
235	VAL	0.06017
236	ILE	0.05497
237	LEU	0.00599
238	PHE	0.02729
239	SER	0.02382
240	SER	0.10805
241	PRO	0.11384
242	PRO	0.16947
243	VAL	0.02653
244	ILE	0.03811
245	LEU	0.00846
246	LEU	0.05084
247	ILE	0.01157
248	SER	0.04158
249	PHE	0.03087
250	LEU	0.01785
251	ILE	0.04038
252	PHE	0.02958
253	LEU	0.09116
254	ILE	0.02794
255	VAL	0.02742
256	GLY	0.03057
