/var/spool/slurmd/job609731/slurm_script: line 17: activate: No such file or directory
/home/rpearson/.conda/envs/dssp/bin/python
PROCESSING: /home/rpearson/research/PosValSet/IT/P23907/model_copies/P23907_IT_model2.pdb
Input Data Path : /home/rpearson/research/PosValSet/IT/P23907/model_copies/P23907_IT_model2.pdb
Model Quality Score : 0.23158
Resid	Resname	Score
1	MET	0.02525
2	VAL	0.05366
3	LYS	0.07457
4	SER	0.05899
5	HIS	0.01037
6	ILE	0.02091
7	GLY	0.01800
8	SER	0.08351
9	TRP	0.04571
10	ILE	0.00710
11	LEU	0.06836
12	VAL	0.06693
13	LEU	0.11540
14	PHE	0.18016
15	VAL	0.10864
16	ALA	0.01430
17	MET	0.04211
18	TRP	0.07290
19	SER	0.04839
20	ASP	0.03321
21	VAL	0.05212
22	GLY	0.05863
23	LEU	0.07665
24	CYS	0.13212
25	LYS	0.13809
26	LYS	0.12200
27	ARG	0.06905
28	PRO	0.05023
29	LYS	0.07047
30	PRO	0.04212
31	GLY	0.05758
32	GLY	0.36809
33	GLY	0.35902
34	TRP	0.12505
35	ASN	0.31176
36	THR	0.11771
37	GLY	0.38645
38	GLY	0.77166
39	SER	0.27852
40	ARG	0.27951
41	TYR	0.20055
42	PRO	0.51069
43	GLY	0.40563
44	GLN	0.95026
45	GLY	0.38260
46	SER	0.36230
47	PRO	0.11702
48	GLY	0.43448
49	GLY	0.69037
50	ASN	0.81263
51	ARG	0.41336
52	TYR	0.23404
53	PRO	0.25766
54	PRO	0.28757
55	GLN	0.32589
56	GLY	0.78829
57	GLY	0.82689
58	GLY	0.34824
59	GLY	0.43808
60	TRP	0.25750
61	GLY	0.40868
62	GLN	0.51017
63	PRO	0.44874
64	HIS	0.41371
65	GLY	0.54689
66	GLY	0.58034
67	GLY	0.41638
68	TRP	0.28402
69	GLY	0.60782
70	GLN	0.13884
71	PRO	0.45383
72	HIS	0.32358
73	GLY	0.84612
74	GLY	0.69281
75	GLY	0.76387
76	TRP	0.59488
77	GLY	0.79388
78	GLN	0.94966
79	PRO	0.84130
80	HIS	0.37971
81	GLY	0.64948
82	GLY	0.69324
83	GLY	0.26014
84	TRP	0.31183
85	GLY	0.28507
86	GLN	0.19822
87	PRO	0.28097
88	HIS	0.26455
89	GLY	0.06989
90	GLY	0.24024
91	GLY	0.43009
92	GLY	0.59095
93	TRP	0.44050
94	GLY	0.11819
95	GLN	0.13130
96	GLY	0.21334
97	GLY	0.48694
98	SER	0.51371
99	HIS	0.24354
100	SER	0.15564
101	GLN	0.23316
102	TRP	0.16093
103	ASN	0.02000
104	LYS	0.75011
105	PRO	0.05978
106	SER	0.04679
107	LYS	0.09511
108	PRO	0.02997
109	LYS	0.02372
110	THR	0.02590
111	ASN	0.01755
112	MET	0.03469
113	LYS	0.09009
114	HIS	0.04555
115	VAL	0.15292
116	ALA	0.12964
117	GLY	0.19595
118	ALA	0.13407
119	ALA	0.10731
120	ALA	0.37709
121	ALA	0.20050
122	GLY	0.33859
123	ALA	0.27691
124	VAL	0.07324
125	VAL	0.17182
126	GLY	0.32503
127	GLY	0.18864
128	LEU	0.15992
129	GLY	0.15378
130	GLY	0.00119
131	TYR	0.02039
132	MET	0.20452
133	LEU	0.24285
134	GLY	0.47884
135	SER	0.08209
136	ALA	0.19253
137	MET	0.05787
138	SER	0.06403
139	ARG	0.04284
140	PRO	0.08338
141	LEU	0.16868
142	ILE	0.35337
143	HIS	0.12934
144	PHE	0.20457
145	GLY	0.25141
146	ASN	0.09294
147	ASP	0.07569
148	TYR	0.03757
149	GLU	0.16879
150	ASP	0.10808
151	ARG	0.11551
152	TYR	0.01021
153	TYR	0.04684
154	ARG	0.00694
155	GLU	0.05175
156	ASN	0.08399
157	MET	0.07137
158	TYR	0.53053
159	ARG	0.15484
160	TYR	0.29348
161	PRO	0.02194
162	ASN	0.10270
163	GLN	0.00819
164	VAL	0.09795
165	TYR	0.01335
166	TYR	0.02424
167	ARG	0.00742
168	PRO	0.06618
169	VAL	0.04509
170	ASP	0.21812
171	ARG	0.02626
172	TYR	0.23916
173	SER	0.22736
174	ASN	0.83478
175	GLN	0.64075
176	ASN	0.65498
177	ASN	0.54588
178	PHE	0.79162
179	VAL	0.86692
180	HIS	0.70730
181	ASP	0.67568
182	CYS	0.33347
183	VAL	0.12801
184	ASN	0.11348
185	ILE	0.07691
186	THR	0.02692
187	VAL	0.32964
188	LYS	0.08065
189	GLN	0.07968
190	HIS	0.06630
191	THR	0.37995
192	VAL	0.10273
193	THR	0.32031
194	THR	0.01398
195	THR	0.03400
196	THR	0.03476
197	LYS	0.03352
198	GLY	0.05059
199	GLU	0.00976
200	ASN	0.01492
201	PHE	0.02051
202	THR	0.19456
203	GLU	0.25601
204	THR	0.42104
205	ASP	0.23980
206	ILE	0.48750
207	LYS	0.29478
208	ILE	0.12403
209	MET	0.23875
210	GLU	0.05955
211	ARG	0.06941
212	VAL	0.69984
213	VAL	0.42575
214	GLU	0.59864
215	GLN	0.07091
216	MET	0.47903
217	CYS	0.62453
218	ILE	0.30127
219	THR	0.43017
220	GLN	0.21853
221	TYR	0.21403
222	GLN	0.13497
223	ARG	0.27214
224	GLU	0.10428
225	SER	0.27612
226	GLN	0.18440
227	ALA	0.17470
228	TYR	0.02754
229	TYR	0.06601
230	GLN	0.15472
231	ARG	0.04967
232	GLY	0.02899
233	ALA	0.23712
234	SER	0.24720
235	VAL	0.01567
236	ILE	0.03221
237	LEU	0.02230
238	PHE	0.01545
239	SER	0.01862
240	SER	0.14114
241	PRO	0.04198
242	PRO	0.08151
243	VAL	0.12809
244	ILE	0.21106
245	LEU	0.00417
246	LEU	0.07270
247	ILE	0.07803
248	SER	0.09635
249	PHE	0.01936
250	LEU	0.05591
251	ILE	0.02488
252	PHE	0.01148
253	LEU	0.00997
254	ILE	0.03028
255	VAL	0.00893
256	GLY	0.01418
