/var/spool/slurmd/job609730/slurm_script: line 17: activate: No such file or directory
/home/rpearson/.conda/envs/dssp/bin/python
PROCESSING: /home/rpearson/research/PosValSet/IT/P23907/model_copies/P23907_IT_model1.pdb
Input Data Path : /home/rpearson/research/PosValSet/IT/P23907/model_copies/P23907_IT_model1.pdb
Model Quality Score : 0.19767
Resid	Resname	Score
1	MET	0.08768
2	VAL	0.02710
3	LYS	0.01353
4	SER	0.01467
5	HIS	0.09186
6	ILE	0.12336
7	GLY	0.05760
8	SER	0.19301
9	TRP	0.02001
10	ILE	0.05254
11	LEU	0.04331
12	VAL	0.02226
13	LEU	0.03104
14	PHE	0.07936
15	VAL	0.04023
16	ALA	0.07254
17	MET	0.02231
18	TRP	0.06646
19	SER	0.10325
20	ASP	0.16719
21	VAL	0.14325
22	GLY	0.46419
23	LEU	0.07174
24	CYS	0.12795
25	LYS	0.01561
26	LYS	0.04752
27	ARG	0.08573
28	PRO	0.04728
29	LYS	0.07960
30	PRO	0.05342
31	GLY	0.15489
32	GLY	0.19570
33	GLY	0.08047
34	TRP	0.07654
35	ASN	0.21047
36	THR	0.05955
37	GLY	0.14637
38	GLY	0.17637
39	SER	0.27323
40	ARG	0.14595
41	TYR	0.55212
42	PRO	0.24920
43	GLY	0.31170
44	GLN	0.18923
45	GLY	0.13987
46	SER	0.39403
47	PRO	0.76941
48	GLY	0.06061
49	GLY	0.37181
50	ASN	0.66353
51	ARG	0.45789
52	TYR	0.32768
53	PRO	0.80190
54	PRO	0.48941
55	GLN	0.26868
56	GLY	0.69414
57	GLY	0.50445
58	GLY	0.82704
59	GLY	0.28884
60	TRP	0.22780
61	GLY	0.50633
62	GLN	0.35017
63	PRO	0.17405
64	HIS	0.13313
65	GLY	0.11712
66	GLY	0.32538
67	GLY	0.24669
68	TRP	0.24641
69	GLY	0.62120
70	GLN	0.27980
71	PRO	0.31722
72	HIS	0.18440
73	GLY	0.28258
74	GLY	0.42148
75	GLY	0.34979
76	TRP	0.29405
77	GLY	0.21961
78	GLN	0.24985
79	PRO	0.49243
80	HIS	0.54639
81	GLY	0.72392
82	GLY	0.43089
83	GLY	0.26112
84	TRP	0.19291
85	GLY	0.65124
86	GLN	0.28347
87	PRO	0.44774
88	HIS	0.32154
89	GLY	0.16447
90	GLY	0.39830
91	GLY	0.19554
92	GLY	0.02977
93	TRP	0.03055
94	GLY	0.12274
95	GLN	0.05381
96	GLY	0.10611
97	GLY	0.18698
98	SER	0.20843
99	HIS	0.06029
100	SER	0.31673
101	GLN	0.08452
102	TRP	0.08356
103	ASN	0.05374
104	LYS	0.12639
105	PRO	0.20029
106	SER	0.49319
107	LYS	0.32631
108	PRO	0.08943
109	LYS	0.03315
110	THR	0.08159
111	ASN	0.08817
112	MET	0.01407
113	LYS	0.03128
114	HIS	0.66564
115	VAL	0.10034
116	ALA	0.16743
117	GLY	0.30313
118	ALA	0.06773
119	ALA	0.15750
120	ALA	0.37520
121	ALA	0.04188
122	GLY	0.06673
123	ALA	0.13710
124	VAL	0.08537
125	VAL	0.18669
126	GLY	0.07115
127	GLY	0.11581
128	LEU	0.32296
129	GLY	0.42966
130	GLY	0.07839
131	TYR	0.28028
132	MET	0.28955
133	LEU	0.10075
134	GLY	0.19800
135	SER	0.03395
136	ALA	0.39750
137	MET	0.03198
138	SER	0.63096
139	ARG	0.15376
140	PRO	0.25040
141	LEU	0.08407
142	ILE	0.32593
143	HIS	0.13037
144	PHE	0.21316
145	GLY	0.07347
146	ASN	0.40882
147	ASP	0.20377
148	TYR	0.04353
149	GLU	0.09616
150	ASP	0.40180
151	ARG	0.11627
152	TYR	0.09092
153	TYR	0.06487
154	ARG	0.15827
155	GLU	0.14884
156	ASN	0.34704
157	MET	0.38329
158	TYR	0.16939
159	ARG	0.20925
160	TYR	0.08532
161	PRO	0.06909
162	ASN	0.04205
163	GLN	0.38359
164	VAL	0.05610
165	TYR	0.00393
166	TYR	0.00678
167	ARG	0.01576
168	PRO	0.09781
169	VAL	0.00893
170	ASP	0.08234
171	ARG	0.14559
172	TYR	0.13525
173	SER	0.07276
174	ASN	0.08966
175	GLN	0.15876
176	ASN	0.60954
177	ASN	0.19843
178	PHE	0.21883
179	VAL	0.47971
180	HIS	0.04012
181	ASP	0.01306
182	CYS	0.05441
183	VAL	0.03656
184	ASN	0.19291
185	ILE	0.01458
186	THR	0.15652
187	VAL	0.17977
188	LYS	0.24788
189	GLN	0.07804
190	HIS	0.11386
191	THR	0.12430
192	VAL	0.17729
193	THR	0.30415
194	THR	0.23469
195	THR	0.07792
196	THR	0.02679
197	LYS	0.04649
198	GLY	0.10577
199	GLU	0.06477
200	ASN	0.07300
201	PHE	0.11240
202	THR	0.14502
203	GLU	0.11997
204	THR	0.19032
205	ASP	0.14699
206	ILE	0.26093
207	LYS	0.27655
208	ILE	0.12857
209	MET	0.59785
210	GLU	0.35827
211	ARG	0.21273
212	VAL	0.34240
213	VAL	0.28208
214	GLU	0.22499
215	GLN	0.64279
216	MET	0.67359
217	CYS	0.66908
218	ILE	0.41652
219	THR	0.42679
220	GLN	0.11966
221	TYR	0.24754
222	GLN	0.21148
223	ARG	0.15100
224	GLU	0.14294
225	SER	0.17354
226	GLN	0.45354
227	ALA	0.14612
228	TYR	0.14146
229	TYR	0.13902
230	GLN	0.51894
231	ARG	0.18694
232	GLY	0.09997
233	ALA	0.05814
234	SER	0.03901
235	VAL	0.08791
236	ILE	0.02571
237	LEU	0.01450
238	PHE	0.01114
239	SER	0.07136
240	SER	0.05836
241	PRO	0.00659
242	PRO	0.00718
243	VAL	0.00149
244	ILE	0.02299
245	LEU	0.00509
246	LEU	0.00646
247	ILE	0.03437
248	SER	0.00971
249	PHE	0.15102
250	LEU	0.03283
251	ILE	0.02368
252	PHE	0.08482
253	LEU	0.15468
254	ILE	0.03760
255	VAL	0.09497
256	GLY	0.04587
